{"/Users/zach/scout-app/app/_layout.tsx": {"path":"/Users/zach/scout-app/app/_layout.tsx","statementMap":{"0":{"start":{"line":6,"column":17},"end":{"line":6,"column":28}},"1":{"start":{"line":7,"column":19},"end":{"line":7,"column":32}},"2":{"start":{"line":8,"column":30},"end":{"line":8,"column":44}},"3":{"start":{"line":10,"column":2},"end":{"line":22,"column":42}},"4":{"start":{"line":11,"column":4},"end":{"line":11,"column":26}},"5":{"start":{"line":11,"column":19},"end":{"line":11,"column":26}},"6":{"start":{"line":13,"column":24},"end":{"line":13,"column":48}},"7":{"start":{"line":15,"column":4},"end":{"line":21,"column":5}},"8":{"start":{"line":17,"column":6},"end":{"line":17,"column":38}},"9":{"start":{"line":18,"column":11},"end":{"line":21,"column":5}},"10":{"start":{"line":20,"column":6},"end":{"line":20,"column":32}},"11":{"start":{"line":24,"column":2},"end":{"line":26,"column":3}},"12":{"start":{"line":25,"column":4},"end":{"line":25,"column":16}},"13":{"start":{"line":28,"column":2},"end":{"line":44,"column":4}}},"fnMap":{"0":{"name":"RootLayout","decl":{"start":{"line":5,"column":24},"end":{"line":5,"column":34}},"loc":{"start":{"line":5,"column":37},"end":{"line":45,"column":1}},"line":5},"1":{"name":"(anonymous_1)","decl":{"start":{"line":10,"column":12},"end":{"line":10,"column":13}},"loc":{"start":{"line":10,"column":18},"end":{"line":22,"column":3}},"line":10}},"branchMap":{"0":{"loc":{"start":{"line":11,"column":4},"end":{"line":11,"column":26}},"type":"if","locations":[{"start":{"line":11,"column":4},"end":{"line":11,"column":26}},{"start":{},"end":{}}],"line":11},"1":{"loc":{"start":{"line":15,"column":4},"end":{"line":21,"column":5}},"type":"if","locations":[{"start":{"line":15,"column":4},"end":{"line":21,"column":5}},{"start":{"line":18,"column":11},"end":{"line":21,"column":5}}],"line":15},"2":{"loc":{"start":{"line":15,"column":8},"end":{"line":15,"column":29}},"type":"binary-expr","locations":[{"start":{"line":15,"column":8},"end":{"line":15,"column":13}},{"start":{"line":15,"column":17},"end":{"line":15,"column":29}}],"line":15},"3":{"loc":{"start":{"line":18,"column":11},"end":{"line":21,"column":5}},"type":"if","locations":[{"start":{"line":18,"column":11},"end":{"line":21,"column":5}},{"start":{},"end":{}}],"line":18},"4":{"loc":{"start":{"line":18,"column":15},"end":{"line":18,"column":34}},"type":"binary-expr","locations":[{"start":{"line":18,"column":15},"end":{"line":18,"column":19}},{"start":{"line":18,"column":23},"end":{"line":18,"column":34}}],"line":18},"5":{"loc":{"start":{"line":24,"column":2},"end":{"line":26,"column":3}},"type":"if","locations":[{"start":{"line":24,"column":2},"end":{"line":26,"column":3}},{"start":{},"end":{}}],"line":24}},"s":{"0":0,"1":0,"2":0,"3":0,"4":0,"5":0,"6":0,"7":0,"8":0,"9":0,"10":0,"11":0,"12":0,"13":0},"f":{"0":0,"1":0},"b":{"0":[0,0],"1":[0,0],"2":[0,0],"3":[0,0],"4":[0,0],"5":[0,0]}}
,"/Users/zach/scout-app/app/(auth)/_layout.tsx": {"path":"/Users/zach/scout-app/app/(auth)/_layout.tsx","statementMap":{"0":{"start":{"line":4,"column":2},"end":{"line":13,"column":4}}},"fnMap":{"0":{"name":"AuthLayout","decl":{"start":{"line":3,"column":24},"end":{"line":3,"column":34}},"loc":{"start":{"line":3,"column":37},"end":{"line":14,"column":1}},"line":3}},"branchMap":{},"s":{"0":0},"f":{"0":0},"b":{}}
,"/Users/zach/scout-app/app/(auth)/callback.tsx": {"path":"/Users/zach/scout-app/app/(auth)/callback.tsx","statementMap":{"0":{"start":{"line":8,"column":17},"end":{"line":8,"column":28}},"1":{"start":{"line":10,"column":2},"end":{"line":48,"column":15}},"2":{"start":{"line":12,"column":27},"end":{"line":39,"column":5}},"3":{"start":{"line":13,"column":23},"end":{"line":13,"column":59}},"4":{"start":{"line":16,"column":25},"end":{"line":16,"column":28}},"5":{"start":{"line":17,"column":24},"end":{"line":17,"column":52}},"6":{"start":{"line":19,"column":6},"end":{"line":33,"column":7}},"7":{"start":{"line":20,"column":21},"end":{"line":20,"column":50}},"8":{"start":{"line":22,"column":28},"end":{"line":22,"column":66}},"9":{"start":{"line":25,"column":8},"end":{"line":32,"column":9}},"10":{"start":{"line":28,"column":10},"end":{"line":30,"column":19}},"11":{"start":{"line":29,"column":12},"end":{"line":29,"column":38}},"12":{"start":{"line":31,"column":10},"end":{"line":31,"column":17}},"13":{"start":{"line":36,"column":6},"end":{"line":38,"column":15}},"14":{"start":{"line":37,"column":8},"end":{"line":37,"column":40}},"15":{"start":{"line":43,"column":18},"end":{"line":45,"column":12}},"16":{"start":{"line":44,"column":6},"end":{"line":44,"column":32}},"17":{"start":{"line":47,"column":4},"end":{"line":47,"column":37}},"18":{"start":{"line":47,"column":17},"end":{"line":47,"column":36}},"19":{"start":{"line":50,"column":2},"end":{"line":55,"column":4}},"20":{"start":{"line":58,"column":15},"end":{"line":71,"column":2}}},"fnMap":{"0":{"name":"AuthCallbackScreen","decl":{"start":{"line":7,"column":24},"end":{"line":7,"column":42}},"loc":{"start":{"line":7,"column":45},"end":{"line":56,"column":1}},"line":7},"1":{"name":"(anonymous_1)","decl":{"start":{"line":10,"column":12},"end":{"line":10,"column":13}},"loc":{"start":{"line":10,"column":18},"end":{"line":48,"column":3}},"line":10},"2":{"name":"(anonymous_2)","decl":{"start":{"line":12,"column":27},"end":{"line":12,"column":28}},"loc":{"start":{"line":12,"column":50},"end":{"line":39,"column":5}},"line":12},"3":{"name":"(anonymous_3)","decl":{"start":{"line":28,"column":21},"end":{"line":28,"column":22}},"loc":{"start":{"line":28,"column":27},"end":{"line":30,"column":11}},"line":28},"4":{"name":"(anonymous_4)","decl":{"start":{"line":36,"column":17},"end":{"line":36,"column":18}},"loc":{"start":{"line":36,"column":23},"end":{"line":38,"column":7}},"line":36},"5":{"name":"(anonymous_5)","decl":{"start":{"line":43,"column":29},"end":{"line":43,"column":30}},"loc":{"start":{"line":43,"column":35},"end":{"line":45,"column":5}},"line":43},"6":{"name":"(anonymous_6)","decl":{"start":{"line":47,"column":11},"end":{"line":47,"column":12}},"loc":{"start":{"line":47,"column":17},"end":{"line":47,"column":36}},"line":47}},"branchMap":{"0":{"loc":{"start":{"line":19,"column":6},"end":{"line":33,"column":7}},"type":"if","locations":[{"start":{"line":19,"column":6},"end":{"line":33,"column":7}},{"start":{},"end":{}}],"line":19},"1":{"loc":{"start":{"line":25,"column":8},"end":{"line":32,"column":9}},"type":"if","locations":[{"start":{"line":25,"column":8},"end":{"line":32,"column":9}},{"start":{},"end":{}}],"line":25}},"s":{"0":0,"1":0,"2":0,"3":0,"4":0,"5":0,"6":0,"7":0,"8":0,"9":0,"10":0,"11":0,"12":0,"13":0,"14":0,"15":0,"16":0,"17":0,"18":0,"19":0,"20":0},"f":{"0":0,"1":0,"2":0,"3":0,"4":0,"5":0,"6":0},"b":{"0":[0,0],"1":[0,0]}}
,"/Users/zach/scout-app/app/(auth)/login.tsx": {"path":"/Users/zach/scout-app/app/(auth)/login.tsx","statementMap":{"0":{"start":{"line":20,"column":28},"end":{"line":20,"column":40}},"1":{"start":{"line":21,"column":39},"end":{"line":21,"column":53}},"2":{"start":{"line":23,"column":28},"end":{"line":29,"column":3}},"3":{"start":{"line":24,"column":4},"end":{"line":28,"column":5}},"4":{"start":{"line":25,"column":6},"end":{"line":25,"column":28}},"5":{"start":{"line":27,"column":6},"end":{"line":27,"column":97}},"6":{"start":{"line":31,"column":29},"end":{"line":37,"column":3}},"7":{"start":{"line":32,"column":4},"end":{"line":36,"column":5}},"8":{"start":{"line":33,"column":6},"end":{"line":33,"column":29}},"9":{"start":{"line":35,"column":6},"end":{"line":35,"column":97}},"10":{"start":{"line":39,"column":28},"end":{"line":50,"column":3}},"11":{"start":{"line":40,"column":4},"end":{"line":43,"column":5}},"12":{"start":{"line":41,"column":6},"end":{"line":41,"column":62}},"13":{"start":{"line":42,"column":6},"end":{"line":42,"column":13}},"14":{"start":{"line":44,"column":4},"end":{"line":49,"column":5}},"15":{"start":{"line":45,"column":6},"end":{"line":45,"column":35}},"16":{"start":{"line":46,"column":6},"end":{"line":46,"column":77}},"17":{"start":{"line":48,"column":6},"end":{"line":48,"column":97}},"18":{"start":{"line":52,"column":2},"end":{"line":139,"column":4}},"19":{"start":{"line":142,"column":15},"end":{"line":235,"column":2}}},"fnMap":{"0":{"name":"LoginScreen","decl":{"start":{"line":19,"column":24},"end":{"line":19,"column":35}},"loc":{"start":{"line":19,"column":38},"end":{"line":140,"column":1}},"line":19},"1":{"name":"(anonymous_1)","decl":{"start":{"line":23,"column":28},"end":{"line":23,"column":29}},"loc":{"start":{"line":23,"column":40},"end":{"line":29,"column":3}},"line":23},"2":{"name":"(anonymous_2)","decl":{"start":{"line":31,"column":29},"end":{"line":31,"column":30}},"loc":{"start":{"line":31,"column":41},"end":{"line":37,"column":3}},"line":31},"3":{"name":"(anonymous_3)","decl":{"start":{"line":39,"column":28},"end":{"line":39,"column":29}},"loc":{"start":{"line":39,"column":40},"end":{"line":50,"column":3}},"line":39}},"branchMap":{"0":{"loc":{"start":{"line":27,"column":35},"end":{"line":27,"column":95}},"type":"cond-expr","locations":[{"start":{"line":27,"column":60},"end":{"line":27,"column":73}},{"start":{"line":27,"column":76},"end":{"line":27,"column":95}}],"line":27},"1":{"loc":{"start":{"line":35,"column":35},"end":{"line":35,"column":95}},"type":"cond-expr","locations":[{"start":{"line":35,"column":60},"end":{"line":35,"column":73}},{"start":{"line":35,"column":76},"end":{"line":35,"column":95}}],"line":35},"2":{"loc":{"start":{"line":40,"column":4},"end":{"line":43,"column":5}},"type":"if","locations":[{"start":{"line":40,"column":4},"end":{"line":43,"column":5}},{"start":{},"end":{}}],"line":40},"3":{"loc":{"start":{"line":48,"column":35},"end":{"line":48,"column":95}},"type":"cond-expr","locations":[{"start":{"line":48,"column":60},"end":{"line":48,"column":73}},{"start":{"line":48,"column":76},"end":{"line":48,"column":95}}],"line":48},"4":{"loc":{"start":{"line":55,"column":18},"end":{"line":55,"column":62}},"type":"cond-expr","locations":[{"start":{"line":55,"column":42},"end":{"line":55,"column":51}},{"start":{"line":55,"column":54},"end":{"line":55,"column":62}}],"line":55},"5":{"loc":{"start":{"line":72,"column":13},"end":{"line":76,"column":13}},"type":"cond-expr","locations":[{"start":{"line":73,"column":14},"end":{"line":73,"column":56}},{"start":{"line":75,"column":14},"end":{"line":75,"column":71}}],"line":72},"6":{"loc":{"start":{"line":85,"column":13},"end":{"line":89,"column":13}},"type":"cond-expr","locations":[{"start":{"line":86,"column":14},"end":{"line":86,"column":56}},{"start":{"line":88,"column":14},"end":{"line":88,"column":99}}],"line":85},"7":{"loc":{"start":{"line":116,"column":13},"end":{"line":120,"column":13}},"type":"cond-expr","locations":[{"start":{"line":117,"column":14},"end":{"line":117,"column":56}},{"start":{"line":119,"column":14},"end":{"line":119,"column":68}}],"line":116},"8":{"loc":{"start":{"line":125,"column":9},"end":{"line":129,"column":9}},"type":"binary-expr","locations":[{"start":{"line":125,"column":9},"end":{"line":125,"column":14}},{"start":{"line":126,"column":10},"end":{"line":128,"column":17}}],"line":125}},"s":{"0":0,"1":0,"2":0,"3":0,"4":0,"5":0,"6":0,"7":0,"8":0,"9":0,"10":0,"11":0,"12":0,"13":0,"14":0,"15":0,"16":0,"17":0,"18":0,"19":0},"f":{"0":0,"1":0,"2":0,"3":0},"b":{"0":[0,0],"1":[0,0],"2":[0,0],"3":[0,0],"4":[0,0],"5":[0,0],"6":[0,0],"7":[0,0],"8":[0,0]}}
,"/Users/zach/scout-app/app/(tabs)/_layout.tsx": {"path":"/Users/zach/scout-app/app/(tabs)/_layout.tsx","statementMap":{"0":{"start":{"line":6,"column":2},"end":{"line":64,"column":4}},"1":{"start":{"line":32,"column":12},"end":{"line":32,"column":54}},"2":{"start":{"line":41,"column":12},"end":{"line":41,"column":54}},"3":{"start":{"line":50,"column":12},"end":{"line":50,"column":53}},"4":{"start":{"line":59,"column":12},"end":{"line":59,"column":52}}},"fnMap":{"0":{"name":"TabsLayout","decl":{"start":{"line":5,"column":24},"end":{"line":5,"column":34}},"loc":{"start":{"line":5,"column":37},"end":{"line":65,"column":1}},"line":5},"1":{"name":"(anonymous_1)","decl":{"start":{"line":31,"column":22},"end":{"line":31,"column":23}},"loc":{"start":{"line":32,"column":12},"end":{"line":32,"column":54}},"line":32},"2":{"name":"(anonymous_2)","decl":{"start":{"line":40,"column":22},"end":{"line":40,"column":23}},"loc":{"start":{"line":41,"column":12},"end":{"line":41,"column":54}},"line":41},"3":{"name":"(anonymous_3)","decl":{"start":{"line":49,"column":22},"end":{"line":49,"column":23}},"loc":{"start":{"line":50,"column":12},"end":{"line":50,"column":53}},"line":50},"4":{"name":"(anonymous_4)","decl":{"start":{"line":58,"column":22},"end":{"line":58,"column":23}},"loc":{"start":{"line":59,"column":12},"end":{"line":59,"column":52}},"line":59}},"branchMap":{"0":{"loc":{"start":{"line":32,"column":40},"end":{"line":32,"column":50}},"type":"binary-expr","locations":[{"start":{"line":32,"column":40},"end":{"line":32,"column":44}},{"start":{"line":32,"column":48},"end":{"line":32,"column":50}}],"line":32},"1":{"loc":{"start":{"line":41,"column":40},"end":{"line":41,"column":50}},"type":"binary-expr","locations":[{"start":{"line":41,"column":40},"end":{"line":41,"column":44}},{"start":{"line":41,"column":48},"end":{"line":41,"column":50}}],"line":41},"2":{"loc":{"start":{"line":50,"column":39},"end":{"line":50,"column":49}},"type":"binary-expr","locations":[{"start":{"line":50,"column":39},"end":{"line":50,"column":43}},{"start":{"line":50,"column":47},"end":{"line":50,"column":49}}],"line":50},"3":{"loc":{"start":{"line":59,"column":38},"end":{"line":59,"column":48}},"type":"binary-expr","locations":[{"start":{"line":59,"column":38},"end":{"line":59,"column":42}},{"start":{"line":59,"column":46},"end":{"line":59,"column":48}}],"line":59}},"s":{"0":0,"1":0,"2":0,"3":0,"4":0},"f":{"0":0,"1":0,"2":0,"3":0,"4":0},"b":{"0":[0,0],"1":[0,0],"2":[0,0],"3":[0,0]}}
,"/Users/zach/scout-app/app/(tabs)/index.tsx": {"path":"/Users/zach/scout-app/app/(tabs)/index.tsx","statementMap":{"0":{"start":{"line":20,"column":17},"end":{"line":20,"column":28}},"1":{"start":{"line":21,"column":49},"end":{"line":21,"column":63}},"2":{"start":{"line":22,"column":36},"end":{"line":22,"column":49}},"3":{"start":{"line":23,"column":34},"end":{"line":23,"column":48}},"4":{"start":{"line":25,"column":23},"end":{"line":30,"column":3}},"5":{"start":{"line":27,"column":6},"end":{"line":27,"column":28}},"6":{"start":{"line":32,"column":25},"end":{"line":34,"column":14}},"7":{"start":{"line":33,"column":4},"end":{"line":33,"column":33}},"8":{"start":{"line":36,"column":27},"end":{"line":38,"column":29}},"9":{"start":{"line":37,"column":4},"end":{"line":37,"column":54}},"10":{"start":{"line":40,"column":2},"end":{"line":84,"column":4}},"11":{"start":{"line":48,"column":14},"end":{"line":53,"column":16}},"12":{"start":{"line":55,"column":36},"end":{"line":55,"column":54}},"13":{"start":{"line":87,"column":15},"end":{"line":108,"column":2}}},"fnMap":{"0":{"name":"ExploreTab","decl":{"start":{"line":19,"column":24},"end":{"line":19,"column":34}},"loc":{"start":{"line":19,"column":37},"end":{"line":85,"column":1}},"line":19},"1":{"name":"(anonymous_1)","decl":{"start":{"line":26,"column":4},"end":{"line":26,"column":5}},"loc":{"start":{"line":26,"column":23},"end":{"line":28,"column":5}},"line":26},"2":{"name":"(anonymous_2)","decl":{"start":{"line":32,"column":37},"end":{"line":32,"column":38}},"loc":{"start":{"line":32,"column":56},"end":{"line":34,"column":3}},"line":32},"3":{"name":"(anonymous_3)","decl":{"start":{"line":36,"column":39},"end":{"line":36,"column":40}},"loc":{"start":{"line":36,"column":45},"end":{"line":38,"column":3}},"line":36},"4":{"name":"(anonymous_4)","decl":{"start":{"line":47,"column":24},"end":{"line":47,"column":25}},"loc":{"start":{"line":48,"column":14},"end":{"line":53,"column":16}},"line":48},"5":{"name":"(anonymous_5)","decl":{"start":{"line":55,"column":26},"end":{"line":55,"column":27}},"loc":{"start":{"line":55,"column":36},"end":{"line":55,"column":54}},"line":55}},"branchMap":{"0":{"loc":{"start":{"line":37,"column":16},"end":{"line":37,"column":52}},"type":"cond-expr","locations":[{"start":{"line":37,"column":38},"end":{"line":37,"column":43}},{"start":{"line":37,"column":46},"end":{"line":37,"column":52}}],"line":37},"1":{"loc":{"start":{"line":42,"column":7},"end":{"line":82,"column":7}},"type":"cond-expr","locations":[{"start":{"line":44,"column":8},"end":{"line":71,"column":15}},{"start":{"line":74,"column":8},"end":{"line":81,"column":15}}],"line":42},"2":{"loc":{"start":{"line":57,"column":14},"end":{"line":65,"column":15}},"type":"cond-expr","locations":[{"start":{"line":58,"column":16},"end":{"line":60,"column":23}},{"start":{"line":62,"column":16},"end":{"line":64,"column":23}}],"line":57}},"s":{"0":0,"1":0,"2":0,"3":0,"4":0,"5":0,"6":0,"7":0,"8":0,"9":0,"10":0,"11":0,"12":0,"13":0},"f":{"0":0,"1":0,"2":0,"3":0,"4":0,"5":0},"b":{"0":[0,0],"1":[0,0],"2":[0,0]}}
,"/Users/zach/scout-app/app/(tabs)/passes.tsx": {"path":"/Users/zach/scout-app/app/(tabs)/passes.tsx","statementMap":{"0":{"start":{"line":34,"column":47},"end":{"line":34,"column":60}},"1":{"start":{"line":35,"column":16},"end":{"line":35,"column":54}},"2":{"start":{"line":36,"column":48},"end":{"line":36,"column":78}},"3":{"start":{"line":37,"column":46},"end":{"line":37,"column":61}},"4":{"start":{"line":40,"column":2},"end":{"line":62,"column":3}},"5":{"start":{"line":41,"column":4},"end":{"line":61,"column":6}},"6":{"start":{"line":48,"column":12},"end":{"line":57,"column":19}},"7":{"start":{"line":65,"column":2},"end":{"line":80,"column":3}},"8":{"start":{"line":66,"column":4},"end":{"line":79,"column":6}},"9":{"start":{"line":83,"column":25},"end":{"line":85,"column":9}},"10":{"start":{"line":84,"column":11},"end":{"line":84,"column":62}},"11":{"start":{"line":87,"column":27},"end":{"line":89,"column":9}},"12":{"start":{"line":88,"column":11},"end":{"line":88,"column":60}},"13":{"start":{"line":91,"column":23},"end":{"line":91,"column":75}},"14":{"start":{"line":91,"column":47},"end":{"line":91,"column":68}},"15":{"start":{"line":93,"column":37},"end":{"line":97,"column":36}},"16":{"start":{"line":97,"column":18},"end":{"line":97,"column":35}},"17":{"start":{"line":99,"column":23},"end":{"line":103,"column":8}},"18":{"start":{"line":100,"column":4},"end":{"line":100,"column":21}},"19":{"start":{"line":101,"column":4},"end":{"line":101,"column":32}},"20":{"start":{"line":102,"column":4},"end":{"line":102,"column":28}},"21":{"start":{"line":105,"column":24},"end":{"line":108,"column":8}},"22":{"start":{"line":106,"column":4},"end":{"line":106,"column":29}},"23":{"start":{"line":107,"column":4},"end":{"line":107,"column":29}},"24":{"start":{"line":110,"column":28},"end":{"line":114,"column":8}},"25":{"start":{"line":111,"column":4},"end":{"line":111,"column":20}},"26":{"start":{"line":113,"column":4},"end":{"line":113,"column":46}},"27":{"start":{"line":116,"column":30},"end":{"line":125,"column":8}},"28":{"start":{"line":117,"column":4},"end":{"line":117,"column":20}},"29":{"start":{"line":119,"column":20},"end":{"line":119,"column":64}},"30":{"start":{"line":120,"column":16},"end":{"line":123,"column":6}},"31":{"start":{"line":124,"column":4},"end":{"line":124,"column":34}},"32":{"start":{"line":124,"column":13},"end":{"line":124,"column":34}},"33":{"start":{"line":128,"column":25},"end":{"line":140,"column":3}},"34":{"start":{"line":130,"column":22},"end":{"line":138,"column":5}},"35":{"start":{"line":139,"column":4},"end":{"line":139,"column":37}},"36":{"start":{"line":142,"column":28},"end":{"line":149,"column":3}},"37":{"start":{"line":143,"column":4},"end":{"line":148,"column":6}},"38":{"start":{"line":145,"column":22},"end":{"line":145,"column":43}},"39":{"start":{"line":146,"column":27},"end":{"line":146,"column":53}},"40":{"start":{"line":147,"column":29},"end":{"line":147,"column":57}},"41":{"start":{"line":151,"column":30},"end":{"line":153,"column":3}},"42":{"start":{"line":152,"column":4},"end":{"line":152,"column":61}},"43":{"start":{"line":155,"column":22},"end":{"line":163,"column":3}},"44":{"start":{"line":156,"column":4},"end":{"line":162,"column":6}},"45":{"start":{"line":165,"column":2},"end":{"line":215,"column":4}},"46":{"start":{"line":174,"column":34},"end":{"line":174,"column":41}},"47":{"start":{"line":208,"column":37},"end":{"line":208,"column":71}},"48":{"start":{"line":226,"column":27},"end":{"line":233,"column":3}},"49":{"start":{"line":227,"column":4},"end":{"line":232,"column":5}},"50":{"start":{"line":228,"column":18},"end":{"line":228,"column":36}},"51":{"start":{"line":229,"column":19},"end":{"line":229,"column":38}},"52":{"start":{"line":230,"column":20},"end":{"line":230,"column":40}},"53":{"start":{"line":231,"column":15},"end":{"line":231,"column":29}},"54":{"start":{"line":235,"column":26},"end":{"line":242,"column":3}},"55":{"start":{"line":236,"column":4},"end":{"line":241,"column":5}},"56":{"start":{"line":237,"column":24},"end":{"line":237,"column":96}},"57":{"start":{"line":238,"column":19},"end":{"line":238,"column":86}},"58":{"start":{"line":239,"column":24},"end":{"line":239,"column":90}},"59":{"start":{"line":240,"column":15},"end":{"line":240,"column":76}},"60":{"start":{"line":245,"column":29},"end":{"line":254,"column":3}},"61":{"start":{"line":246,"column":24},"end":{"line":246,"column":53}},"62":{"start":{"line":247,"column":18},"end":{"line":247,"column":28}},"63":{"start":{"line":248,"column":21},"end":{"line":248,"column":60}},"64":{"start":{"line":249,"column":21},"end":{"line":249,"column":64}},"65":{"start":{"line":250,"column":4},"end":{"line":250,"column":39}},"66":{"start":{"line":250,"column":24},"end":{"line":250,"column":39}},"67":{"start":{"line":251,"column":4},"end":{"line":251,"column":42}},"68":{"start":{"line":251,"column":24},"end":{"line":251,"column":42}},"69":{"start":{"line":252,"column":4},"end":{"line":252,"column":39}},"70":{"start":{"line":252,"column":22},"end":{"line":252,"column":39}},"71":{"start":{"line":253,"column":4},"end":{"line":253,"column":33}},"72":{"start":{"line":256,"column":23},"end":{"line":256,"column":54}},"73":{"start":{"line":257,"column":21},"end":{"line":257,"column":38}},"74":{"start":{"line":260,"column":19},"end":{"line":260,"column":87}},"75":{"start":{"line":261,"column":21},"end":{"line":261,"column":51}},"76":{"start":{"line":262,"column":19},"end":{"line":262,"column":38}},"77":{"start":{"line":264,"column":2},"end":{"line":319,"column":4}},"78":{"start":{"line":301,"column":72},"end":{"line":301,"column":92}},"79":{"start":{"line":301,"column":93},"end":{"line":301,"column":104}},"80":{"start":{"line":306,"column":104},"end":{"line":306,"column":124}},"81":{"start":{"line":306,"column":125},"end":{"line":306,"column":143}},"82":{"start":{"line":312,"column":106},"end":{"line":312,"column":126}},"83":{"start":{"line":312,"column":127},"end":{"line":312,"column":143}},"84":{"start":{"line":322,"column":15},"end":{"line":352,"column":2}}},"fnMap":{"0":{"name":"PassesTab","decl":{"start":{"line":33,"column":24},"end":{"line":33,"column":33}},"loc":{"start":{"line":33,"column":36},"end":{"line":216,"column":1}},"line":33},"1":{"name":"(anonymous_1)","decl":{"start":{"line":47,"column":25},"end":{"line":47,"column":26}},"loc":{"start":{"line":48,"column":12},"end":{"line":57,"column":19}},"line":48},"2":{"name":"(anonymous_2)","decl":{"start":{"line":76,"column":20},"end":{"line":76,"column":21}},"loc":{"start":{"line":76,"column":26},"end":{"line":76,"column":28}},"line":76},"3":{"name":"(anonymous_3)","decl":{"start":{"line":84,"column":4},"end":{"line":84,"column":5}},"loc":{"start":{"line":84,"column":11},"end":{"line":84,"column":62}},"line":84},"4":{"name":"(anonymous_4)","decl":{"start":{"line":88,"column":4},"end":{"line":88,"column":5}},"loc":{"start":{"line":88,"column":11},"end":{"line":88,"column":60}},"line":88},"5":{"name":"(anonymous_5)","decl":{"start":{"line":91,"column":40},"end":{"line":91,"column":41}},"loc":{"start":{"line":91,"column":47},"end":{"line":91,"column":68}},"line":91},"6":{"name":"(anonymous_6)","decl":{"start":{"line":97,"column":11},"end":{"line":97,"column":12}},"loc":{"start":{"line":97,"column":18},"end":{"line":97,"column":35}},"line":97},"7":{"name":"(anonymous_7)","decl":{"start":{"line":99,"column":35},"end":{"line":99,"column":36}},"loc":{"start":{"line":99,"column":57},"end":{"line":103,"column":3}},"line":99},"8":{"name":"(anonymous_8)","decl":{"start":{"line":105,"column":36},"end":{"line":105,"column":37}},"loc":{"start":{"line":105,"column":42},"end":{"line":108,"column":3}},"line":105},"9":{"name":"(anonymous_9)","decl":{"start":{"line":110,"column":40},"end":{"line":110,"column":41}},"loc":{"start":{"line":110,"column":62},"end":{"line":114,"column":3}},"line":110},"10":{"name":"(anonymous_10)","decl":{"start":{"line":116,"column":42},"end":{"line":116,"column":43}},"loc":{"start":{"line":116,"column":64},"end":{"line":125,"column":3}},"line":116},"11":{"name":"(anonymous_11)","decl":{"start":{"line":128,"column":25},"end":{"line":128,"column":26}},"loc":{"start":{"line":128,"column":55},"end":{"line":140,"column":3}},"line":128},"12":{"name":"(anonymous_12)","decl":{"start":{"line":142,"column":28},"end":{"line":142,"column":29}},"loc":{"start":{"line":143,"column":4},"end":{"line":148,"column":6}},"line":143},"13":{"name":"(anonymous_13)","decl":{"start":{"line":145,"column":16},"end":{"line":145,"column":17}},"loc":{"start":{"line":145,"column":22},"end":{"line":145,"column":43}},"line":145},"14":{"name":"(anonymous_14)","decl":{"start":{"line":146,"column":21},"end":{"line":146,"column":22}},"loc":{"start":{"line":146,"column":27},"end":{"line":146,"column":53}},"line":146},"15":{"name":"(anonymous_15)","decl":{"start":{"line":147,"column":23},"end":{"line":147,"column":24}},"loc":{"start":{"line":147,"column":29},"end":{"line":147,"column":57}},"line":147},"16":{"name":"(anonymous_16)","decl":{"start":{"line":151,"column":30},"end":{"line":151,"column":31}},"loc":{"start":{"line":152,"column":4},"end":{"line":152,"column":61}},"line":152},"17":{"name":"(anonymous_17)","decl":{"start":{"line":155,"column":22},"end":{"line":155,"column":23}},"loc":{"start":{"line":156,"column":4},"end":{"line":162,"column":6}},"line":156},"18":{"name":"(anonymous_18)","decl":{"start":{"line":161,"column":16},"end":{"line":161,"column":17}},"loc":{"start":{"line":161,"column":22},"end":{"line":161,"column":24}},"line":161},"19":{"name":"(anonymous_19)","decl":{"start":{"line":174,"column":24},"end":{"line":174,"column":25}},"loc":{"start":{"line":174,"column":34},"end":{"line":174,"column":41}},"line":174},"20":{"name":"(anonymous_20)","decl":{"start":{"line":208,"column":31},"end":{"line":208,"column":32}},"loc":{"start":{"line":208,"column":37},"end":{"line":208,"column":71}},"line":208},"21":{"name":"EnhancedBookingCard","decl":{"start":{"line":225,"column":9},"end":{"line":225,"column":28}},"loc":{"start":{"line":225,"column":110},"end":{"line":320,"column":1}},"line":225},"22":{"name":"(anonymous_22)","decl":{"start":{"line":226,"column":27},"end":{"line":226,"column":28}},"loc":{"start":{"line":226,"column":45},"end":{"line":233,"column":3}},"line":226},"23":{"name":"(anonymous_23)","decl":{"start":{"line":235,"column":26},"end":{"line":235,"column":27}},"loc":{"start":{"line":235,"column":46},"end":{"line":242,"column":3}},"line":235},"24":{"name":"(anonymous_24)","decl":{"start":{"line":245,"column":29},"end":{"line":245,"column":30}},"loc":{"start":{"line":245,"column":35},"end":{"line":254,"column":3}},"line":245},"25":{"name":"(anonymous_25)","decl":{"start":{"line":301,"column":63},"end":{"line":301,"column":64}},"loc":{"start":{"line":301,"column":70},"end":{"line":301,"column":106}},"line":301},"26":{"name":"(anonymous_26)","decl":{"start":{"line":306,"column":95},"end":{"line":306,"column":96}},"loc":{"start":{"line":306,"column":102},"end":{"line":306,"column":145}},"line":306},"27":{"name":"(anonymous_27)","decl":{"start":{"line":312,"column":97},"end":{"line":312,"column":98}},"loc":{"start":{"line":312,"column":104},"end":{"line":312,"column":145}},"line":312}},"branchMap":{"0":{"loc":{"start":{"line":40,"column":2},"end":{"line":62,"column":3}},"type":"if","locations":[{"start":{"line":40,"column":2},"end":{"line":62,"column":3}},{"start":{},"end":{}}],"line":40},"1":{"loc":{"start":{"line":65,"column":2},"end":{"line":80,"column":3}},"type":"if","locations":[{"start":{"line":65,"column":2},"end":{"line":80,"column":3}},{"start":{},"end":{}}],"line":65},"2":{"loc":{"start":{"line":83,"column":25},"end":{"line":85,"column":9}},"type":"binary-expr","locations":[{"start":{"line":83,"column":25},"end":{"line":85,"column":3}},{"start":{"line":85,"column":7},"end":{"line":85,"column":9}}],"line":83},"3":{"loc":{"start":{"line":84,"column":11},"end":{"line":84,"column":62}},"type":"binary-expr","locations":[{"start":{"line":84,"column":11},"end":{"line":84,"column":34}},{"start":{"line":84,"column":38},"end":{"line":84,"column":62}}],"line":84},"4":{"loc":{"start":{"line":87,"column":27},"end":{"line":89,"column":9}},"type":"binary-expr","locations":[{"start":{"line":87,"column":27},"end":{"line":89,"column":3}},{"start":{"line":89,"column":7},"end":{"line":89,"column":9}}],"line":87},"5":{"loc":{"start":{"line":88,"column":11},"end":{"line":88,"column":60}},"type":"binary-expr","locations":[{"start":{"line":88,"column":11},"end":{"line":88,"column":32}},{"start":{"line":88,"column":36},"end":{"line":88,"column":60}}],"line":88},"6":{"loc":{"start":{"line":91,"column":23},"end":{"line":91,"column":75}},"type":"binary-expr","locations":[{"start":{"line":91,"column":23},"end":{"line":91,"column":69}},{"start":{"line":91,"column":73},"end":{"line":91,"column":75}}],"line":91},"7":{"loc":{"start":{"line":119,"column":39},"end":{"line":119,"column":63}},"type":"binary-expr","locations":[{"start":{"line":119,"column":39},"end":{"line":119,"column":54}},{"start":{"line":119,"column":58},"end":{"line":119,"column":63}}],"line":119},"8":{"loc":{"start":{"line":124,"column":4},"end":{"line":124,"column":34}},"type":"if","locations":[{"start":{"line":124,"column":4},"end":{"line":124,"column":34}},{"start":{},"end":{}}],"line":124},"9":{"loc":{"start":{"line":171,"column":7},"end":{"line":182,"column":7}},"type":"cond-expr","locations":[{"start":{"line":172,"column":8},"end":{"line":179,"column":10}},{"start":{"line":181,"column":8},"end":{"line":181,"column":21}}],"line":171},"10":{"loc":{"start":{"line":199,"column":11},"end":{"line":211,"column":11}},"type":"binary-expr","locations":[{"start":{"line":199,"column":11},"end":{"line":199,"column":26}},{"start":{"line":200,"column":12},"end":{"line":210,"column":19}}],"line":199},"11":{"loc":{"start":{"line":203,"column":25},"end":{"line":203,"column":57}},"type":"binary-expr","locations":[{"start":{"line":203,"column":25},"end":{"line":203,"column":48}},{"start":{"line":203,"column":52},"end":{"line":203,"column":57}}],"line":203},"12":{"loc":{"start":{"line":227,"column":4},"end":{"line":232,"column":5}},"type":"switch","locations":[{"start":{"line":228,"column":6},"end":{"line":228,"column":36}},{"start":{"line":229,"column":6},"end":{"line":229,"column":38}},{"start":{"line":230,"column":6},"end":{"line":230,"column":40}},{"start":{"line":231,"column":6},"end":{"line":231,"column":29}}],"line":227},"13":{"loc":{"start":{"line":236,"column":4},"end":{"line":241,"column":5}},"type":"switch","locations":[{"start":{"line":237,"column":6},"end":{"line":237,"column":96}},{"start":{"line":238,"column":6},"end":{"line":238,"column":86}},{"start":{"line":239,"column":6},"end":{"line":239,"column":90}},{"start":{"line":240,"column":6},"end":{"line":240,"column":76}}],"line":236},"14":{"loc":{"start":{"line":250,"column":4},"end":{"line":250,"column":39}},"type":"if","locations":[{"start":{"line":250,"column":4},"end":{"line":250,"column":39}},{"start":{},"end":{}}],"line":250},"15":{"loc":{"start":{"line":251,"column":4},"end":{"line":251,"column":42}},"type":"if","locations":[{"start":{"line":251,"column":4},"end":{"line":251,"column":42}},{"start":{},"end":{}}],"line":251},"16":{"loc":{"start":{"line":252,"column":4},"end":{"line":252,"column":39}},"type":"if","locations":[{"start":{"line":252,"column":4},"end":{"line":252,"column":39}},{"start":{},"end":{}}],"line":252},"17":{"loc":{"start":{"line":270,"column":62},"end":{"line":270,"column":86}},"type":"binary-expr","locations":[{"start":{"line":270,"column":62},"end":{"line":270,"column":77}},{"start":{"line":270,"column":81},"end":{"line":270,"column":86}}],"line":270},"18":{"loc":{"start":{"line":289,"column":11},"end":{"line":294,"column":11}},"type":"binary-expr","locations":[{"start":{"line":289,"column":11},"end":{"line":289,"column":41}},{"start":{"line":290,"column":12},"end":{"line":293,"column":19}}],"line":289},"19":{"loc":{"start":{"line":311,"column":9},"end":{"line":316,"column":9}},"type":"binary-expr","locations":[{"start":{"line":311,"column":9},"end":{"line":311,"column":39}},{"start":{"line":312,"column":10},"end":{"line":315,"column":29}}],"line":311}},"s":{"0":0,"1":0,"2":0,"3":0,"4":0,"5":0,"6":0,"7":0,"8":0,"9":0,"10":0,"11":0,"12":0,"13":0,"14":0,"15":0,"16":0,"17":0,"18":0,"19":0,"20":0,"21":0,"22":0,"23":0,"24":0,"25":0,"26":0,"27":0,"28":0,"29":0,"30":0,"31":0,"32":0,"33":0,"34":0,"35":0,"36":0,"37":0,"38":0,"39":0,"40":0,"41":0,"42":0,"43":0,"44":0,"45":0,"46":0,"47":0,"48":0,"49":0,"50":0,"51":0,"52":0,"53":0,"54":0,"55":0,"56":0,"57":0,"58":0,"59":0,"60":0,"61":0,"62":0,"63":0,"64":0,"65":0,"66":0,"67":0,"68":0,"69":0,"70":0,"71":0,"72":0,"73":0,"74":0,"75":0,"76":0,"77":0,"78":0,"79":0,"80":0,"81":0,"82":0,"83":0,"84":0},"f":{"0":0,"1":0,"2":0,"3":0,"4":0,"5":0,"6":0,"7":0,"8":0,"9":0,"10":0,"11":0,"12":0,"13":0,"14":0,"15":0,"16":0,"17":0,"18":0,"19":0,"20":0,"21":0,"22":0,"23":0,"24":0,"25":0,"26":0,"27":0},"b":{"0":[0,0],"1":[0,0],"2":[0,0],"3":[0,0],"4":[0,0],"5":[0,0],"6":[0,0],"7":[0,0],"8":[0,0],"9":[0,0],"10":[0,0],"11":[0,0],"12":[0,0,0,0],"13":[0,0,0,0],"14":[0,0],"15":[0,0],"16":[0,0],"17":[0,0],"18":[0,0],"19":[0,0]}}
,"/Users/zach/scout-app/app/(tabs)/profile.tsx": {"path":"/Users/zach/scout-app/app/(tabs)/profile.tsx","statementMap":{"0":{"start":{"line":17,"column":40},"end":{"line":23,"column":1}},"1":{"start":{"line":26,"column":17},"end":{"line":26,"column":28}},"2":{"start":{"line":27,"column":28},"end":{"line":27,"column":42}},"3":{"start":{"line":29,"column":19},"end":{"line":29,"column":89}},"4":{"start":{"line":30,"column":22},"end":{"line":30,"column":79}},"5":{"start":{"line":32,"column":35},"end":{"line":36,"column":3}},"6":{"start":{"line":33,"column":82},"end":{"line":33,"column":107}},"7":{"start":{"line":34,"column":83},"end":{"line":34,"column":112}},"8":{"start":{"line":35,"column":80},"end":{"line":35,"column":119}},"9":{"start":{"line":38,"column":36},"end":{"line":43,"column":3}},"10":{"start":{"line":39,"column":78},"end":{"line":39,"column":113}},"11":{"start":{"line":40,"column":78},"end":{"line":40,"column":115}},"12":{"start":{"line":41,"column":66},"end":{"line":41,"column":97}},"13":{"start":{"line":42,"column":76},"end":{"line":42,"column":104}},"14":{"start":{"line":45,"column":34},"end":{"line":47,"column":3}},"15":{"start":{"line":46,"column":90},"end":{"line":46,"column":107}},"16":{"start":{"line":46,"column":108},"end":{"line":46,"column":118}},"17":{"start":{"line":49,"column":2},"end":{"line":80,"column":4}},"18":{"start":{"line":57,"column":29},"end":{"line":57,"column":57}},"19":{"start":{"line":58,"column":31},"end":{"line":58,"column":59}},"20":{"start":{"line":83,"column":15},"end":{"line":94,"column":2}}},"fnMap":{"0":{"name":"ProfileTab","decl":{"start":{"line":25,"column":24},"end":{"line":25,"column":34}},"loc":{"start":{"line":25,"column":37},"end":{"line":81,"column":1}},"line":25},"1":{"name":"(anonymous_1)","decl":{"start":{"line":33,"column":76},"end":{"line":33,"column":77}},"loc":{"start":{"line":33,"column":82},"end":{"line":33,"column":107}},"line":33},"2":{"name":"(anonymous_2)","decl":{"start":{"line":34,"column":77},"end":{"line":34,"column":78}},"loc":{"start":{"line":34,"column":83},"end":{"line":34,"column":112}},"line":34},"3":{"name":"(anonymous_3)","decl":{"start":{"line":35,"column":74},"end":{"line":35,"column":75}},"loc":{"start":{"line":35,"column":80},"end":{"line":35,"column":119}},"line":35},"4":{"name":"(anonymous_4)","decl":{"start":{"line":39,"column":72},"end":{"line":39,"column":73}},"loc":{"start":{"line":39,"column":78},"end":{"line":39,"column":113}},"line":39},"5":{"name":"(anonymous_5)","decl":{"start":{"line":40,"column":72},"end":{"line":40,"column":73}},"loc":{"start":{"line":40,"column":78},"end":{"line":40,"column":115}},"line":40},"6":{"name":"(anonymous_6)","decl":{"start":{"line":41,"column":60},"end":{"line":41,"column":61}},"loc":{"start":{"line":41,"column":66},"end":{"line":41,"column":97}},"line":41},"7":{"name":"(anonymous_7)","decl":{"start":{"line":42,"column":70},"end":{"line":42,"column":71}},"loc":{"start":{"line":42,"column":76},"end":{"line":42,"column":104}},"line":42},"8":{"name":"(anonymous_8)","decl":{"start":{"line":46,"column":82},"end":{"line":46,"column":83}},"loc":{"start":{"line":46,"column":88},"end":{"line":46,"column":120}},"line":46},"9":{"name":"(anonymous_9)","decl":{"start":{"line":57,"column":23},"end":{"line":57,"column":24}},"loc":{"start":{"line":57,"column":29},"end":{"line":57,"column":57}},"line":57},"10":{"name":"(anonymous_10)","decl":{"start":{"line":58,"column":25},"end":{"line":58,"column":26}},"loc":{"start":{"line":58,"column":31},"end":{"line":58,"column":59}},"line":58},"11":{"name":"(anonymous_11)","decl":{"start":{"line":70,"column":21},"end":{"line":70,"column":22}},"loc":{"start":{"line":70,"column":27},"end":{"line":70,"column":62}},"line":70}},"branchMap":{"0":{"loc":{"start":{"line":29,"column":19},"end":{"line":29,"column":89}},"type":"binary-expr","locations":[{"start":{"line":29,"column":19},"end":{"line":29,"column":49}},{"start":{"line":29,"column":53},"end":{"line":29,"column":79}},{"start":{"line":29,"column":83},"end":{"line":29,"column":89}}],"line":29},"1":{"loc":{"start":{"line":30,"column":22},"end":{"line":30,"column":79}},"type":"cond-expr","locations":[{"start":{"line":30,"column":41},"end":{"line":30,"column":66}},{"start":{"line":30,"column":69},"end":{"line":30,"column":79}}],"line":30},"2":{"loc":{"start":{"line":54,"column":17},"end":{"line":54,"column":34}},"type":"binary-expr","locations":[{"start":{"line":54,"column":17},"end":{"line":54,"column":28}},{"start":{"line":54,"column":32},"end":{"line":54,"column":34}}],"line":54}},"s":{"0":0,"1":0,"2":0,"3":0,"4":0,"5":0,"6":0,"7":0,"8":0,"9":0,"10":0,"11":0,"12":0,"13":0,"14":0,"15":0,"16":0,"17":0,"18":0,"19":0,"20":0},"f":{"0":0,"1":0,"2":0,"3":0,"4":0,"5":0,"6":0,"7":0,"8":0,"9":0,"10":0,"11":0},"b":{"0":[0,0,0],"1":[0,0],"2":[0,0]}}
,"/Users/zach/scout-app/app/(tabs)/trips.tsx": {"path":"/Users/zach/scout-app/app/(tabs)/trips.tsx","statementMap":{"0":{"start":{"line":30,"column":44},"end":{"line":37,"column":1}},"1":{"start":{"line":45,"column":17},"end":{"line":45,"column":28}},"2":{"start":{"line":46,"column":22},"end":{"line":46,"column":38}},"3":{"start":{"line":47,"column":60},"end":{"line":47,"column":70}},"4":{"start":{"line":48,"column":36},"end":{"line":48,"column":51}},"5":{"start":{"line":49,"column":23},"end":{"line":49,"column":38}},"6":{"start":{"line":51,"column":16},"end":{"line":51,"column":54}},"7":{"start":{"line":54,"column":24},"end":{"line":54,"column":71}},"8":{"start":{"line":54,"column":45},"end":{"line":54,"column":64}},"9":{"start":{"line":55,"column":22},"end":{"line":55,"column":92}},"10":{"start":{"line":55,"column":43},"end":{"line":55,"column":85}},"11":{"start":{"line":56,"column":20},"end":{"line":56,"column":65}},"12":{"start":{"line":56,"column":41},"end":{"line":56,"column":58}},"13":{"start":{"line":58,"column":34},"end":{"line":62,"column":36}},"14":{"start":{"line":62,"column":18},"end":{"line":62,"column":35}},"15":{"start":{"line":65,"column":2},"end":{"line":67,"column":17}},"16":{"start":{"line":66,"column":4},"end":{"line":66,"column":39}},"17":{"start":{"line":69,"column":29},"end":{"line":88,"column":19}},"18":{"start":{"line":70,"column":4},"end":{"line":70,"column":20}},"19":{"start":{"line":71,"column":4},"end":{"line":71,"column":23}},"20":{"start":{"line":72,"column":4},"end":{"line":87,"column":5}},"21":{"start":{"line":73,"column":20},"end":{"line":73,"column":47}},"22":{"start":{"line":74,"column":6},"end":{"line":74,"column":61}},"23":{"start":{"line":76,"column":6},"end":{"line":81,"column":7}},"24":{"start":{"line":77,"column":8},"end":{"line":77,"column":26}},"25":{"start":{"line":78,"column":8},"end":{"line":78,"column":107}},"26":{"start":{"line":80,"column":8},"end":{"line":80,"column":90}},"27":{"start":{"line":83,"column":6},"end":{"line":83,"column":22}},"28":{"start":{"line":84,"column":6},"end":{"line":84,"column":95}},"29":{"start":{"line":86,"column":6},"end":{"line":86,"column":26}},"30":{"start":{"line":90,"column":27},"end":{"line":93,"column":14}},"31":{"start":{"line":91,"column":4},"end":{"line":91,"column":20}},"32":{"start":{"line":92,"column":4},"end":{"line":92,"column":40}},"33":{"start":{"line":95,"column":27},"end":{"line":104,"column":8}},"34":{"start":{"line":96,"column":4},"end":{"line":96,"column":22}},"35":{"start":{"line":97,"column":4},"end":{"line":103,"column":7}},"36":{"start":{"line":101,"column":8},"end":{"line":101,"column":25}},"37":{"start":{"line":106,"column":25},"end":{"line":108,"column":3}},"38":{"start":{"line":107,"column":4},"end":{"line":107,"column":79}},"39":{"start":{"line":107,"column":50},"end":{"line":107,"column":75}},"40":{"start":{"line":110,"column":30},"end":{"line":112,"column":3}},"41":{"start":{"line":111,"column":4},"end":{"line":111,"column":61}},"42":{"start":{"line":114,"column":22},"end":{"line":136,"column":3}},"43":{"start":{"line":115,"column":4},"end":{"line":135,"column":11}},"44":{"start":{"line":139,"column":2},"end":{"line":161,"column":3}},"45":{"start":{"line":140,"column":4},"end":{"line":160,"column":6}},"46":{"start":{"line":150,"column":12},"end":{"line":156,"column":19}},"47":{"start":{"line":164,"column":2},"end":{"line":182,"column":3}},"48":{"start":{"line":165,"column":4},"end":{"line":181,"column":6}},"49":{"start":{"line":178,"column":26},"end":{"line":178,"column":80}},"50":{"start":{"line":184,"column":2},"end":{"line":214,"column":4}},"51":{"start":{"line":204,"column":34},"end":{"line":204,"column":41}},"52":{"start":{"line":223,"column":17},"end":{"line":223,"column":28}},"53":{"start":{"line":225,"column":25},"end":{"line":229,"column":14}},"54":{"start":{"line":226,"column":4},"end":{"line":226,"column":20}},"55":{"start":{"line":228,"column":4},"end":{"line":228,"column":27}},"56":{"start":{"line":231,"column":26},"end":{"line":235,"column":3}},"57":{"start":{"line":232,"column":18},"end":{"line":232,"column":42}},"58":{"start":{"line":233,"column":16},"end":{"line":233,"column":38}},"59":{"start":{"line":234,"column":4},"end":{"line":234,"column":84}},"60":{"start":{"line":237,"column":21},"end":{"line":240,"column":3}},"61":{"start":{"line":238,"column":17},"end":{"line":238,"column":48}},"62":{"start":{"line":239,"column":4},"end":{"line":239,"column":80}},"63":{"start":{"line":243,"column":20},"end":{"line":243,"column":79}},"64":{"start":{"line":244,"column":23},"end":{"line":244,"column":40}},"65":{"start":{"line":247,"column":19},"end":{"line":247,"column":54}},"66":{"start":{"line":248,"column":22},"end":{"line":248,"column":57}},"67":{"start":{"line":250,"column":2},"end":{"line":288,"column":4}},"68":{"start":{"line":283,"column":72},"end":{"line":283,"column":92}},"69":{"start":{"line":283,"column":93},"end":{"line":283,"column":104}},"70":{"start":{"line":291,"column":15},"end":{"line":322,"column":2}}},"fnMap":{"0":{"name":"TripsTab","decl":{"start":{"line":44,"column":24},"end":{"line":44,"column":32}},"loc":{"start":{"line":44,"column":35},"end":{"line":215,"column":1}},"line":44},"1":{"name":"(anonymous_1)","decl":{"start":{"line":54,"column":38},"end":{"line":54,"column":39}},"loc":{"start":{"line":54,"column":45},"end":{"line":54,"column":64}},"line":54},"2":{"name":"(anonymous_2)","decl":{"start":{"line":55,"column":36},"end":{"line":55,"column":37}},"loc":{"start":{"line":55,"column":43},"end":{"line":55,"column":85}},"line":55},"3":{"name":"(anonymous_3)","decl":{"start":{"line":56,"column":34},"end":{"line":56,"column":35}},"loc":{"start":{"line":56,"column":41},"end":{"line":56,"column":58}},"line":56},"4":{"name":"(anonymous_4)","decl":{"start":{"line":62,"column":11},"end":{"line":62,"column":12}},"loc":{"start":{"line":62,"column":18},"end":{"line":62,"column":35}},"line":62},"5":{"name":"(anonymous_5)","decl":{"start":{"line":65,"column":12},"end":{"line":65,"column":13}},"loc":{"start":{"line":65,"column":18},"end":{"line":67,"column":3}},"line":65},"6":{"name":"(anonymous_6)","decl":{"start":{"line":69,"column":41},"end":{"line":69,"column":42}},"loc":{"start":{"line":69,"column":53},"end":{"line":88,"column":3}},"line":69},"7":{"name":"(anonymous_7)","decl":{"start":{"line":90,"column":39},"end":{"line":90,"column":40}},"loc":{"start":{"line":90,"column":45},"end":{"line":93,"column":3}},"line":90},"8":{"name":"(anonymous_8)","decl":{"start":{"line":95,"column":39},"end":{"line":95,"column":40}},"loc":{"start":{"line":95,"column":59},"end":{"line":104,"column":3}},"line":95},"9":{"name":"(anonymous_9)","decl":{"start":{"line":99,"column":55},"end":{"line":99,"column":56}},"loc":{"start":{"line":99,"column":61},"end":{"line":102,"column":7}},"line":99},"10":{"name":"(anonymous_10)","decl":{"start":{"line":106,"column":25},"end":{"line":106,"column":26}},"loc":{"start":{"line":107,"column":4},"end":{"line":107,"column":79}},"line":107},"11":{"name":"(anonymous_11)","decl":{"start":{"line":107,"column":44},"end":{"line":107,"column":45}},"loc":{"start":{"line":107,"column":50},"end":{"line":107,"column":75}},"line":107},"12":{"name":"(anonymous_12)","decl":{"start":{"line":110,"column":30},"end":{"line":110,"column":31}},"loc":{"start":{"line":111,"column":4},"end":{"line":111,"column":61}},"line":111},"13":{"name":"(anonymous_13)","decl":{"start":{"line":114,"column":22},"end":{"line":114,"column":23}},"loc":{"start":{"line":115,"column":4},"end":{"line":135,"column":11}},"line":115},"14":{"name":"(anonymous_14)","decl":{"start":{"line":149,"column":22},"end":{"line":149,"column":23}},"loc":{"start":{"line":150,"column":12},"end":{"line":156,"column":19}},"line":150},"15":{"name":"(anonymous_15)","decl":{"start":{"line":178,"column":20},"end":{"line":178,"column":21}},"loc":{"start":{"line":178,"column":26},"end":{"line":178,"column":80}},"line":178},"16":{"name":"(anonymous_16)","decl":{"start":{"line":204,"column":24},"end":{"line":204,"column":25}},"loc":{"start":{"line":204,"column":34},"end":{"line":204,"column":41}},"line":204},"17":{"name":"EnhancedTripCard","decl":{"start":{"line":222,"column":9},"end":{"line":222,"column":25}},"loc":{"start":{"line":222,"column":69},"end":{"line":289,"column":1}},"line":222},"18":{"name":"(anonymous_18)","decl":{"start":{"line":225,"column":37},"end":{"line":225,"column":38}},"loc":{"start":{"line":225,"column":43},"end":{"line":229,"column":3}},"line":225},"19":{"name":"(anonymous_19)","decl":{"start":{"line":231,"column":26},"end":{"line":231,"column":27}},"loc":{"start":{"line":231,"column":40},"end":{"line":235,"column":3}},"line":231},"20":{"name":"(anonymous_20)","decl":{"start":{"line":237,"column":21},"end":{"line":237,"column":22}},"loc":{"start":{"line":237,"column":50},"end":{"line":240,"column":3}},"line":237},"21":{"name":"(anonymous_21)","decl":{"start":{"line":283,"column":63},"end":{"line":283,"column":64}},"loc":{"start":{"line":283,"column":70},"end":{"line":283,"column":106}},"line":283}},"branchMap":{"0":{"loc":{"start":{"line":54,"column":24},"end":{"line":54,"column":71}},"type":"binary-expr","locations":[{"start":{"line":54,"column":24},"end":{"line":54,"column":65}},{"start":{"line":54,"column":69},"end":{"line":54,"column":71}}],"line":54},"1":{"loc":{"start":{"line":55,"column":22},"end":{"line":55,"column":92}},"type":"binary-expr","locations":[{"start":{"line":55,"column":22},"end":{"line":55,"column":86}},{"start":{"line":55,"column":90},"end":{"line":55,"column":92}}],"line":55},"2":{"loc":{"start":{"line":55,"column":43},"end":{"line":55,"column":85}},"type":"binary-expr","locations":[{"start":{"line":55,"column":43},"end":{"line":55,"column":63}},{"start":{"line":55,"column":67},"end":{"line":55,"column":85}}],"line":55},"3":{"loc":{"start":{"line":56,"column":20},"end":{"line":56,"column":65}},"type":"binary-expr","locations":[{"start":{"line":56,"column":20},"end":{"line":56,"column":59}},{"start":{"line":56,"column":63},"end":{"line":56,"column":65}}],"line":56},"4":{"loc":{"start":{"line":76,"column":6},"end":{"line":81,"column":7}},"type":"if","locations":[{"start":{"line":76,"column":6},"end":{"line":81,"column":7}},{"start":{"line":79,"column":13},"end":{"line":81,"column":7}}],"line":76},"5":{"loc":{"start":{"line":78,"column":61},"end":{"line":78,"column":83}},"type":"cond-expr","locations":[{"start":{"line":78,"column":75},"end":{"line":78,"column":77}},{"start":{"line":78,"column":80},"end":{"line":78,"column":83}}],"line":78},"6":{"loc":{"start":{"line":84,"column":33},"end":{"line":84,"column":93}},"type":"cond-expr","locations":[{"start":{"line":84,"column":58},"end":{"line":84,"column":71}},{"start":{"line":84,"column":74},"end":{"line":84,"column":93}}],"line":84},"7":{"loc":{"start":{"line":123,"column":11},"end":{"line":128,"column":11}},"type":"cond-expr","locations":[{"start":{"line":123,"column":23},"end":{"line":123,"column":65}},{"start":{"line":124,"column":12},"end":{"line":127,"column":15}}],"line":123},"8":{"loc":{"start":{"line":139,"column":2},"end":{"line":161,"column":3}},"type":"if","locations":[{"start":{"line":139,"column":2},"end":{"line":161,"column":3}},{"start":{},"end":{}}],"line":139},"9":{"loc":{"start":{"line":164,"column":2},"end":{"line":182,"column":3}},"type":"if","locations":[{"start":{"line":164,"column":2},"end":{"line":182,"column":3}},{"start":{},"end":{}}],"line":164},"10":{"loc":{"start":{"line":193,"column":13},"end":{"line":193,"column":140}},"type":"cond-expr","locations":[{"start":{"line":193,"column":25},"end":{"line":193,"column":82}},{"start":{"line":193,"column":85},"end":{"line":193,"column":140}}],"line":193},"11":{"loc":{"start":{"line":201,"column":7},"end":{"line":212,"column":7}},"type":"cond-expr","locations":[{"start":{"line":202,"column":8},"end":{"line":209,"column":10}},{"start":{"line":211,"column":8},"end":{"line":211,"column":21}}],"line":201},"12":{"loc":{"start":{"line":243,"column":20},"end":{"line":243,"column":79}},"type":"binary-expr","locations":[{"start":{"line":243,"column":20},"end":{"line":243,"column":53}},{"start":{"line":243,"column":57},"end":{"line":243,"column":79}}],"line":243}},"s":{"0":0,"1":0,"2":0,"3":0,"4":0,"5":0,"6":0,"7":0,"8":0,"9":0,"10":0,"11":0,"12":0,"13":0,"14":0,"15":0,"16":0,"17":0,"18":0,"19":0,"20":0,"21":0,"22":0,"23":0,"24":0,"25":0,"26":0,"27":0,"28":0,"29":0,"30":0,"31":0,"32":0,"33":0,"34":0,"35":0,"36":0,"37":0,"38":0,"39":0,"40":0,"41":0,"42":0,"43":0,"44":0,"45":0,"46":0,"47":0,"48":0,"49":0,"50":0,"51":0,"52":0,"53":0,"54":0,"55":0,"56":0,"57":0,"58":0,"59":0,"60":0,"61":0,"62":0,"63":0,"64":0,"65":0,"66":0,"67":0,"68":0,"69":0,"70":0},"f":{"0":0,"1":0,"2":0,"3":0,"4":0,"5":0,"6":0,"7":0,"8":0,"9":0,"10":0,"11":0,"12":0,"13":0,"14":0,"15":0,"16":0,"17":0,"18":0,"19":0,"20":0,"21":0},"b":{"0":[0,0],"1":[0,0],"2":[0,0],"3":[0,0],"4":[0,0],"5":[0,0],"6":[0,0],"7":[0,0],"8":[0,0],"9":[0,0],"10":[0,0],"11":[0,0],"12":[0,0]}}
,"/Users/zach/scout-app/app/booking/[id].tsx": {"path":"/Users/zach/scout-app/app/booking/[id].tsx","statementMap":{"0":{"start":{"line":23,"column":17},"end":{"line":23,"column":55}},"1":{"start":{"line":24,"column":17},"end":{"line":24,"column":28}},"2":{"start":{"line":25,"column":59},"end":{"line":25,"column":76}},"3":{"start":{"line":26,"column":42},"end":{"line":26,"column":67}},"4":{"start":{"line":27,"column":47},"end":{"line":29,"column":3}},"5":{"start":{"line":32,"column":42},"end":{"line":32,"column":52}},"6":{"start":{"line":35,"column":43},"end":{"line":35,"column":55}},"7":{"start":{"line":38,"column":2},"end":{"line":47,"column":3}},"8":{"start":{"line":39,"column":4},"end":{"line":46,"column":6}},"9":{"start":{"line":50,"column":2},"end":{"line":67,"column":3}},"10":{"start":{"line":51,"column":4},"end":{"line":66,"column":6}},"11":{"start":{"line":60,"column":27},"end":{"line":60,"column":40}},"12":{"start":{"line":69,"column":25},"end":{"line":111,"column":113}},"13":{"start":{"line":70,"column":4},"end":{"line":70,"column":28}},"14":{"start":{"line":70,"column":21},"end":{"line":70,"column":28}},"15":{"start":{"line":72,"column":19},"end":{"line":72,"column":41}},"16":{"start":{"line":75,"column":4},"end":{"line":75,"column":24}},"17":{"start":{"line":76,"column":4},"end":{"line":76,"column":30}},"18":{"start":{"line":77,"column":4},"end":{"line":77,"column":34}},"19":{"start":{"line":80,"column":19},"end":{"line":85,"column":6}},"20":{"start":{"line":87,"column":4},"end":{"line":110,"column":5}},"21":{"start":{"line":89,"column":6},"end":{"line":98,"column":8}},"22":{"start":{"line":95,"column":27},"end":{"line":95,"column":56}},"23":{"start":{"line":101,"column":6},"end":{"line":104,"column":7}},"24":{"start":{"line":103,"column":8},"end":{"line":103,"column":15}},"25":{"start":{"line":105,"column":6},"end":{"line":109,"column":8}},"26":{"start":{"line":113,"column":27},"end":{"line":117,"column":20}},"27":{"start":{"line":114,"column":20},"end":{"line":114,"column":42}},"28":{"start":{"line":115,"column":4},"end":{"line":115,"column":46}},"29":{"start":{"line":116,"column":4},"end":{"line":116,"column":62}},"30":{"start":{"line":124,"column":7},"end":{"line":128,"column":3}},"31":{"start":{"line":130,"column":22},"end":{"line":130,"column":83}},"32":{"start":{"line":130,"column":56},"end":{"line":130,"column":82}},"33":{"start":{"line":132,"column":19},"end":{"line":141,"column":3}},"34":{"start":{"line":133,"column":4},"end":{"line":140,"column":5}},"35":{"start":{"line":135,"column":8},"end":{"line":135,"column":32}},"36":{"start":{"line":137,"column":8},"end":{"line":137,"column":38}},"37":{"start":{"line":139,"column":8},"end":{"line":139,"column":39}},"38":{"start":{"line":143,"column":21},"end":{"line":150,"column":3}},"39":{"start":{"line":144,"column":17},"end":{"line":144,"column":48}},"40":{"start":{"line":145,"column":4},"end":{"line":149,"column":7}},"41":{"start":{"line":152,"column":2},"end":{"line":276,"column":4}},"42":{"start":{"line":159,"column":27},"end":{"line":159,"column":40}},"43":{"start":{"line":181,"column":14},"end":{"line":209,"column":33}},"44":{"start":{"line":187,"column":31},"end":{"line":187,"column":59}},"45":{"start":{"line":220,"column":29},"end":{"line":220,"column":49}},"46":{"start":{"line":234,"column":29},"end":{"line":234,"column":48}},"47":{"start":{"line":279,"column":15},"end":{"line":522,"column":2}}},"fnMap":{"0":{"name":"BookingScreen","decl":{"start":{"line":22,"column":24},"end":{"line":22,"column":37}},"loc":{"start":{"line":22,"column":40},"end":{"line":277,"column":1}},"line":22},"1":{"name":"(anonymous_1)","decl":{"start":{"line":60,"column":21},"end":{"line":60,"column":22}},"loc":{"start":{"line":60,"column":27},"end":{"line":60,"column":40}},"line":60},"2":{"name":"(anonymous_2)","decl":{"start":{"line":69,"column":37},"end":{"line":69,"column":38}},"loc":{"start":{"line":69,"column":49},"end":{"line":111,"column":3}},"line":69},"3":{"name":"(anonymous_3)","decl":{"start":{"line":95,"column":21},"end":{"line":95,"column":22}},"loc":{"start":{"line":95,"column":27},"end":{"line":95,"column":56}},"line":95},"4":{"name":"(anonymous_4)","decl":{"start":{"line":113,"column":39},"end":{"line":113,"column":40}},"loc":{"start":{"line":113,"column":57},"end":{"line":117,"column":3}},"line":113},"5":{"name":"(anonymous_5)","decl":{"start":{"line":130,"column":44},"end":{"line":130,"column":45}},"loc":{"start":{"line":130,"column":56},"end":{"line":130,"column":82}},"line":130},"6":{"name":"(anonymous_6)","decl":{"start":{"line":132,"column":19},"end":{"line":132,"column":20}},"loc":{"start":{"line":132,"column":47},"end":{"line":141,"column":3}},"line":132},"7":{"name":"(anonymous_7)","decl":{"start":{"line":143,"column":21},"end":{"line":143,"column":22}},"loc":{"start":{"line":143,"column":42},"end":{"line":150,"column":3}},"line":143},"8":{"name":"(anonymous_8)","decl":{"start":{"line":159,"column":21},"end":{"line":159,"column":22}},"loc":{"start":{"line":159,"column":27},"end":{"line":159,"column":40}},"line":159},"9":{"name":"(anonymous_9)","decl":{"start":{"line":180,"column":29},"end":{"line":180,"column":30}},"loc":{"start":{"line":181,"column":14},"end":{"line":209,"column":33}},"line":181},"10":{"name":"(anonymous_10)","decl":{"start":{"line":187,"column":25},"end":{"line":187,"column":26}},"loc":{"start":{"line":187,"column":31},"end":{"line":187,"column":59}},"line":187},"11":{"name":"(anonymous_11)","decl":{"start":{"line":220,"column":23},"end":{"line":220,"column":24}},"loc":{"start":{"line":220,"column":29},"end":{"line":220,"column":49}},"line":220},"12":{"name":"(anonymous_12)","decl":{"start":{"line":234,"column":23},"end":{"line":234,"column":24}},"loc":{"start":{"line":234,"column":29},"end":{"line":234,"column":48}},"line":234}},"branchMap":{"0":{"loc":{"start":{"line":38,"column":2},"end":{"line":47,"column":3}},"type":"if","locations":[{"start":{"line":38,"column":2},"end":{"line":47,"column":3}},{"start":{},"end":{}}],"line":38},"1":{"loc":{"start":{"line":50,"column":2},"end":{"line":67,"column":3}},"type":"if","locations":[{"start":{"line":50,"column":2},"end":{"line":67,"column":3}},{"start":{},"end":{}}],"line":50},"2":{"loc":{"start":{"line":50,"column":6},"end":{"line":50,"column":19}},"type":"binary-expr","locations":[{"start":{"line":50,"column":6},"end":{"line":50,"column":11}},{"start":{"line":50,"column":15},"end":{"line":50,"column":19}}],"line":50},"3":{"loc":{"start":{"line":56,"column":13},"end":{"line":56,"column":46}},"type":"binary-expr","locations":[{"start":{"line":56,"column":13},"end":{"line":56,"column":27}},{"start":{"line":56,"column":31},"end":{"line":56,"column":46}}],"line":56},"4":{"loc":{"start":{"line":70,"column":4},"end":{"line":70,"column":28}},"type":"if","locations":[{"start":{"line":70,"column":4},"end":{"line":70,"column":28}},{"start":{},"end":{}}],"line":70},"5":{"loc":{"start":{"line":70,"column":8},"end":{"line":70,"column":19}},"type":"binary-expr","locations":[{"start":{"line":70,"column":8},"end":{"line":70,"column":12}},{"start":{"line":70,"column":16},"end":{"line":70,"column":19}}],"line":70},"6":{"loc":{"start":{"line":87,"column":4},"end":{"line":110,"column":5}},"type":"if","locations":[{"start":{"line":87,"column":4},"end":{"line":110,"column":5}},{"start":{"line":99,"column":11},"end":{"line":110,"column":5}}],"line":87},"7":{"loc":{"start":{"line":101,"column":6},"end":{"line":104,"column":7}},"type":"if","locations":[{"start":{"line":101,"column":6},"end":{"line":104,"column":7}},{"start":{},"end":{}}],"line":101},"8":{"loc":{"start":{"line":107,"column":8},"end":{"line":107,"column":70}},"type":"binary-expr","locations":[{"start":{"line":107,"column":8},"end":{"line":107,"column":20}},{"start":{"line":107,"column":24},"end":{"line":107,"column":70}}],"line":107},"9":{"loc":{"start":{"line":133,"column":4},"end":{"line":140,"column":5}},"type":"switch","locations":[{"start":{"line":134,"column":6},"end":{"line":135,"column":32}},{"start":{"line":136,"column":6},"end":{"line":137,"column":38}},{"start":{"line":138,"column":6},"end":{"line":139,"column":39}}],"line":133},"10":{"loc":{"start":{"line":137,"column":15},"end":{"line":137,"column":37}},"type":"binary-expr","locations":[{"start":{"line":137,"column":15},"end":{"line":137,"column":32}},{"start":{"line":137,"column":36},"end":{"line":137,"column":37}}],"line":137},"11":{"loc":{"start":{"line":139,"column":15},"end":{"line":139,"column":38}},"type":"binary-expr","locations":[{"start":{"line":139,"column":15},"end":{"line":139,"column":33}},{"start":{"line":139,"column":37},"end":{"line":139,"column":38}}],"line":139},"12":{"loc":{"start":{"line":185,"column":18},"end":{"line":185,"column":75}},"type":"binary-expr","locations":[{"start":{"line":185,"column":18},"end":{"line":185,"column":46}},{"start":{"line":185,"column":50},"end":{"line":185,"column":75}}],"line":185},"13":{"loc":{"start":{"line":192,"column":20},"end":{"line":192,"column":76}},"type":"binary-expr","locations":[{"start":{"line":192,"column":20},"end":{"line":192,"column":48}},{"start":{"line":192,"column":52},"end":{"line":192,"column":76}}],"line":192},"14":{"loc":{"start":{"line":198,"column":20},"end":{"line":198,"column":79}},"type":"binary-expr","locations":[{"start":{"line":198,"column":20},"end":{"line":198,"column":48}},{"start":{"line":198,"column":52},"end":{"line":198,"column":79}}],"line":198},"15":{"loc":{"start":{"line":205,"column":18},"end":{"line":205,"column":74}},"type":"binary-expr","locations":[{"start":{"line":205,"column":18},"end":{"line":205,"column":46}},{"start":{"line":205,"column":50},"end":{"line":205,"column":74}}],"line":205},"16":{"loc":{"start":{"line":228,"column":17},"end":{"line":228,"column":67}},"type":"cond-expr","locations":[{"start":{"line":228,"column":42},"end":{"line":228,"column":62}},{"start":{"line":228,"column":65},"end":{"line":228,"column":67}}],"line":228},"17":{"loc":{"start":{"line":268,"column":11},"end":{"line":272,"column":11}},"type":"cond-expr","locations":[{"start":{"line":269,"column":12},"end":{"line":269,"column":54}},{"start":{"line":271,"column":12},"end":{"line":271,"column":78}}],"line":268}},"s":{"0":0,"1":0,"2":0,"3":0,"4":0,"5":0,"6":0,"7":0,"8":0,"9":0,"10":0,"11":0,"12":0,"13":0,"14":0,"15":0,"16":0,"17":0,"18":0,"19":0,"20":0,"21":0,"22":0,"23":0,"24":0,"25":0,"26":0,"27":0,"28":0,"29":0,"30":0,"31":0,"32":0,"33":0,"34":0,"35":0,"36":0,"37":0,"38":0,"39":0,"40":0,"41":0,"42":0,"43":0,"44":0,"45":0,"46":0,"47":0},"f":{"0":0,"1":0,"2":0,"3":0,"4":0,"5":0,"6":0,"7":0,"8":0,"9":0,"10":0,"11":0,"12":0},"b":{"0":[0,0],"1":[0,0],"2":[0,0],"3":[0,0],"4":[0,0],"5":[0,0],"6":[0,0],"7":[0,0],"8":[0,0],"9":[0,0,0],"10":[0,0],"11":[0,0],"12":[0,0],"13":[0,0],"14":[0,0],"15":[0,0],"16":[0,0],"17":[0,0]}}
,"/Users/zach/scout-app/app/booking/_layout.tsx": {"path":"/Users/zach/scout-app/app/booking/_layout.tsx","statementMap":{"0":{"start":{"line":4,"column":2},"end":{"line":16,"column":4}}},"fnMap":{"0":{"name":"BookingLayout","decl":{"start":{"line":3,"column":24},"end":{"line":3,"column":37}},"loc":{"start":{"line":3,"column":40},"end":{"line":17,"column":1}},"line":3}},"branchMap":{},"s":{"0":0},"f":{"0":0},"b":{}}
,"/Users/zach/scout-app/app/booking/confirmation.tsx": {"path":"/Users/zach/scout-app/app/booking/confirmation.tsx","statementMap":{"0":{"start":{"line":20,"column":17},"end":{"line":20,"column":28}},"1":{"start":{"line":21,"column":50},"end":{"line":21,"column":67}},"2":{"start":{"line":22,"column":32},"end":{"line":22,"column":44}},"3":{"start":{"line":25,"column":2},"end":{"line":30,"column":9}},"4":{"start":{"line":26,"column":22},"end":{"line":26,"column":100}},"5":{"start":{"line":27,"column":4},"end":{"line":27,"column":26}},"6":{"start":{"line":29,"column":4},"end":{"line":29,"column":26}},"7":{"start":{"line":32,"column":2},"end":{"line":44,"column":3}},"8":{"start":{"line":33,"column":4},"end":{"line":43,"column":6}},"9":{"start":{"line":38,"column":25},"end":{"line":38,"column":38}},"10":{"start":{"line":46,"column":19},"end":{"line":57,"column":3}},"11":{"start":{"line":47,"column":4},"end":{"line":56,"column":5}},"12":{"start":{"line":49,"column":8},"end":{"line":49,"column":40}},"13":{"start":{"line":51,"column":8},"end":{"line":51,"column":46}},"14":{"start":{"line":53,"column":8},"end":{"line":53,"column":47}},"15":{"start":{"line":55,"column":8},"end":{"line":55,"column":17}},"16":{"start":{"line":59,"column":23},"end":{"line":70,"column":3}},"17":{"start":{"line":60,"column":4},"end":{"line":69,"column":5}},"18":{"start":{"line":62,"column":8},"end":{"line":62,"column":26}},"19":{"start":{"line":64,"column":8},"end":{"line":64,"column":27}},"20":{"start":{"line":66,"column":8},"end":{"line":66,"column":28}},"21":{"start":{"line":68,"column":8},"end":{"line":68,"column":22}},"22":{"start":{"line":72,"column":26},"end":{"line":83,"column":3}},"23":{"start":{"line":73,"column":4},"end":{"line":82,"column":5}},"24":{"start":{"line":75,"column":8},"end":{"line":75,"column":51}},"25":{"start":{"line":77,"column":8},"end":{"line":77,"column":49}},"26":{"start":{"line":79,"column":8},"end":{"line":79,"column":50}},"27":{"start":{"line":81,"column":8},"end":{"line":81,"column":38}},"28":{"start":{"line":85,"column":22},"end":{"line":94,"column":43}},"29":{"start":{"line":86,"column":4},"end":{"line":93,"column":5}},"30":{"start":{"line":87,"column":6},"end":{"line":90,"column":9}},"31":{"start":{"line":92,"column":6},"end":{"line":92,"column":43}},"32":{"start":{"line":96,"column":25},"end":{"line":99,"column":15}},"33":{"start":{"line":98,"column":4},"end":{"line":98,"column":49}},"34":{"start":{"line":101,"column":22},"end":{"line":101,"column":32}},"35":{"start":{"line":103,"column":2},"end":{"line":211,"column":4}},"36":{"start":{"line":205,"column":25},"end":{"line":205,"column":51}},"37":{"start":{"line":221,"column":2},"end":{"line":230,"column":4}},"38":{"start":{"line":234,"column":2},"end":{"line":234,"column":41}},"39":{"start":{"line":237,"column":15},"end":{"line":446,"column":2}}},"fnMap":{"0":{"name":"ConfirmationScreen","decl":{"start":{"line":19,"column":24},"end":{"line":19,"column":42}},"loc":{"start":{"line":19,"column":45},"end":{"line":212,"column":1}},"line":19},"1":{"name":"(anonymous_1)","decl":{"start":{"line":25,"column":12},"end":{"line":25,"column":13}},"loc":{"start":{"line":25,"column":18},"end":{"line":30,"column":3}},"line":25},"2":{"name":"(anonymous_2)","decl":{"start":{"line":38,"column":19},"end":{"line":38,"column":20}},"loc":{"start":{"line":38,"column":25},"end":{"line":38,"column":38}},"line":38},"3":{"name":"(anonymous_3)","decl":{"start":{"line":46,"column":19},"end":{"line":46,"column":20}},"loc":{"start":{"line":46,"column":33},"end":{"line":57,"column":3}},"line":46},"4":{"name":"(anonymous_4)","decl":{"start":{"line":59,"column":23},"end":{"line":59,"column":24}},"loc":{"start":{"line":59,"column":37},"end":{"line":70,"column":3}},"line":59},"5":{"name":"(anonymous_5)","decl":{"start":{"line":72,"column":26},"end":{"line":72,"column":27}},"loc":{"start":{"line":72,"column":40},"end":{"line":83,"column":3}},"line":72},"6":{"name":"(anonymous_6)","decl":{"start":{"line":85,"column":34},"end":{"line":85,"column":35}},"loc":{"start":{"line":85,"column":46},"end":{"line":94,"column":3}},"line":85},"7":{"name":"(anonymous_7)","decl":{"start":{"line":96,"column":37},"end":{"line":96,"column":38}},"loc":{"start":{"line":96,"column":43},"end":{"line":99,"column":3}},"line":96},"8":{"name":"(anonymous_8)","decl":{"start":{"line":205,"column":19},"end":{"line":205,"column":20}},"loc":{"start":{"line":205,"column":25},"end":{"line":205,"column":51}},"line":205},"9":{"name":"DetailRow","decl":{"start":{"line":220,"column":9},"end":{"line":220,"column":18}},"loc":{"start":{"line":220,"column":62},"end":{"line":231,"column":1}},"line":220},"10":{"name":"Divider","decl":{"start":{"line":233,"column":9},"end":{"line":233,"column":16}},"loc":{"start":{"line":233,"column":19},"end":{"line":235,"column":1}},"line":233}},"branchMap":{"0":{"loc":{"start":{"line":32,"column":2},"end":{"line":44,"column":3}},"type":"if","locations":[{"start":{"line":32,"column":2},"end":{"line":44,"column":3}},{"start":{},"end":{}}],"line":32},"1":{"loc":{"start":{"line":32,"column":6},"end":{"line":32,"column":31}},"type":"binary-expr","locations":[{"start":{"line":32,"column":6},"end":{"line":32,"column":18}},{"start":{"line":32,"column":22},"end":{"line":32,"column":31}}],"line":32},"2":{"loc":{"start":{"line":47,"column":4},"end":{"line":56,"column":5}},"type":"switch","locations":[{"start":{"line":48,"column":6},"end":{"line":49,"column":40}},{"start":{"line":50,"column":6},"end":{"line":51,"column":46}},{"start":{"line":52,"column":6},"end":{"line":53,"column":47}},{"start":{"line":54,"column":6},"end":{"line":55,"column":17}}],"line":47},"3":{"loc":{"start":{"line":51,"column":15},"end":{"line":51,"column":45}},"type":"binary-expr","locations":[{"start":{"line":51,"column":15},"end":{"line":51,"column":40}},{"start":{"line":51,"column":44},"end":{"line":51,"column":45}}],"line":51},"4":{"loc":{"start":{"line":53,"column":15},"end":{"line":53,"column":46}},"type":"binary-expr","locations":[{"start":{"line":53,"column":15},"end":{"line":53,"column":41}},{"start":{"line":53,"column":45},"end":{"line":53,"column":46}}],"line":53},"5":{"loc":{"start":{"line":60,"column":4},"end":{"line":69,"column":5}},"type":"switch","locations":[{"start":{"line":61,"column":6},"end":{"line":62,"column":26}},{"start":{"line":63,"column":6},"end":{"line":64,"column":27}},{"start":{"line":65,"column":6},"end":{"line":66,"column":28}},{"start":{"line":67,"column":6},"end":{"line":68,"column":22}}],"line":60},"6":{"loc":{"start":{"line":73,"column":4},"end":{"line":82,"column":5}},"type":"switch","locations":[{"start":{"line":74,"column":6},"end":{"line":75,"column":51}},{"start":{"line":76,"column":6},"end":{"line":77,"column":49}},{"start":{"line":78,"column":6},"end":{"line":79,"column":50}},{"start":{"line":80,"column":6},"end":{"line":81,"column":38}}],"line":73},"7":{"loc":{"start":{"line":119,"column":13},"end":{"line":126,"column":13}},"type":"binary-expr","locations":[{"start":{"line":119,"column":13},"end":{"line":119,"column":20}},{"start":{"line":120,"column":14},"end":{"line":125,"column":16}}],"line":119},"8":{"loc":{"start":{"line":142,"column":43},"end":{"line":142,"column":64}},"type":"binary-expr","locations":[{"start":{"line":142,"column":43},"end":{"line":142,"column":55}},{"start":{"line":142,"column":59},"end":{"line":142,"column":64}}],"line":142},"9":{"loc":{"start":{"line":171,"column":40},"end":{"line":171,"column":123}},"type":"cond-expr","locations":[{"start":{"line":171,"column":61},"end":{"line":171,"column":70}},{"start":{"line":171,"column":73},"end":{"line":171,"column":123}}],"line":171},"10":{"loc":{"start":{"line":171,"column":73},"end":{"line":171,"column":123}},"type":"cond-expr","locations":[{"start":{"line":171,"column":95},"end":{"line":171,"column":107}},{"start":{"line":171,"column":110},"end":{"line":171,"column":123}}],"line":171},"11":{"loc":{"start":{"line":223,"column":40},"end":{"line":223,"column":74}},"type":"binary-expr","locations":[{"start":{"line":223,"column":40},"end":{"line":223,"column":47}},{"start":{"line":223,"column":51},"end":{"line":223,"column":74}}],"line":223},"12":{"loc":{"start":{"line":226,"column":40},"end":{"line":226,"column":74}},"type":"binary-expr","locations":[{"start":{"line":226,"column":40},"end":{"line":226,"column":47}},{"start":{"line":226,"column":51},"end":{"line":226,"column":74}}],"line":226}},"s":{"0":0,"1":0,"2":0,"3":0,"4":0,"5":0,"6":0,"7":0,"8":0,"9":0,"10":0,"11":0,"12":0,"13":0,"14":0,"15":0,"16":0,"17":0,"18":0,"19":0,"20":0,"21":0,"22":0,"23":0,"24":0,"25":0,"26":0,"27":0,"28":0,"29":0,"30":0,"31":0,"32":0,"33":0,"34":0,"35":0,"36":0,"37":0,"38":0,"39":0},"f":{"0":0,"1":0,"2":0,"3":0,"4":0,"5":0,"6":0,"7":0,"8":0,"9":0,"10":0},"b":{"0":[0,0],"1":[0,0],"2":[0,0,0,0],"3":[0,0],"4":[0,0],"5":[0,0,0,0],"6":[0,0,0,0],"7":[0,0],"8":[0,0],"9":[0,0],"10":[0,0],"11":[0,0],"12":[0,0]}}
,"/Users/zach/scout-app/app/booking/payment.tsx": {"path":"/Users/zach/scout-app/app/booking/payment.tsx","statementMap":{"0":{"start":{"line":20,"column":17},"end":{"line":20,"column":28}},"1":{"start":{"line":21,"column":67},"end":{"line":21,"column":84}},"2":{"start":{"line":22,"column":46},"end":{"line":22,"column":58}},"3":{"start":{"line":23,"column":45},"end":{"line":23,"column":60}},"4":{"start":{"line":24,"column":28},"end":{"line":24,"column":57}},"5":{"start":{"line":26,"column":2},"end":{"line":38,"column":3}},"6":{"start":{"line":27,"column":4},"end":{"line":37,"column":6}},"7":{"start":{"line":32,"column":25},"end":{"line":32,"column":38}},"8":{"start":{"line":40,"column":19},"end":{"line":51,"column":3}},"9":{"start":{"line":41,"column":4},"end":{"line":50,"column":5}},"10":{"start":{"line":43,"column":8},"end":{"line":43,"column":40}},"11":{"start":{"line":45,"column":8},"end":{"line":45,"column":46}},"12":{"start":{"line":47,"column":8},"end":{"line":47,"column":47}},"13":{"start":{"line":49,"column":8},"end":{"line":49,"column":17}},"14":{"start":{"line":53,"column":24},"end":{"line":107,"column":77}},"15":{"start":{"line":54,"column":4},"end":{"line":57,"column":5}},"16":{"start":{"line":55,"column":6},"end":{"line":55,"column":47}},"17":{"start":{"line":56,"column":6},"end":{"line":56,"column":13}},"18":{"start":{"line":59,"column":4},"end":{"line":59,"column":29}},"19":{"start":{"line":60,"column":4},"end":{"line":60,"column":19}},"20":{"start":{"line":62,"column":4},"end":{"line":106,"column":5}},"21":{"start":{"line":63,"column":26},"end":{"line":63,"column":36}},"22":{"start":{"line":64,"column":26},"end":{"line":64,"column":62}},"23":{"start":{"line":65,"column":24},"end":{"line":65,"column":60}},"24":{"start":{"line":68,"column":44},"end":{"line":85,"column":7}},"25":{"start":{"line":87,"column":6},"end":{"line":89,"column":7}},"26":{"start":{"line":88,"column":8},"end":{"line":88,"column":27}},"27":{"start":{"line":91,"column":6},"end":{"line":100,"column":7}},"28":{"start":{"line":94,"column":8},"end":{"line":94,"column":66}},"29":{"start":{"line":97,"column":8},"end":{"line":97,"column":45}},"30":{"start":{"line":99,"column":8},"end":{"line":99,"column":64}},"31":{"start":{"line":102,"column":6},"end":{"line":102,"column":43}},"32":{"start":{"line":103,"column":6},"end":{"line":103,"column":70}},"33":{"start":{"line":105,"column":6},"end":{"line":105,"column":32}},"34":{"start":{"line":109,"column":23},"end":{"line":120,"column":3}},"35":{"start":{"line":110,"column":4},"end":{"line":119,"column":5}},"36":{"start":{"line":112,"column":8},"end":{"line":112,"column":26}},"37":{"start":{"line":114,"column":8},"end":{"line":114,"column":27}},"38":{"start":{"line":116,"column":8},"end":{"line":116,"column":28}},"39":{"start":{"line":118,"column":8},"end":{"line":118,"column":22}},"40":{"start":{"line":122,"column":22},"end":{"line":122,"column":32}},"41":{"start":{"line":123,"column":22},"end":{"line":123,"column":40}},"42":{"start":{"line":124,"column":20},"end":{"line":124,"column":38}},"43":{"start":{"line":126,"column":2},"end":{"line":235,"column":4}},"44":{"start":{"line":133,"column":27},"end":{"line":133,"column":40}},"45":{"start":{"line":238,"column":15},"end":{"line":394,"column":2}}},"fnMap":{"0":{"name":"PaymentScreen","decl":{"start":{"line":19,"column":24},"end":{"line":19,"column":37}},"loc":{"start":{"line":19,"column":40},"end":{"line":236,"column":1}},"line":19},"1":{"name":"(anonymous_1)","decl":{"start":{"line":32,"column":19},"end":{"line":32,"column":20}},"loc":{"start":{"line":32,"column":25},"end":{"line":32,"column":38}},"line":32},"2":{"name":"(anonymous_2)","decl":{"start":{"line":40,"column":19},"end":{"line":40,"column":20}},"loc":{"start":{"line":40,"column":33},"end":{"line":51,"column":3}},"line":40},"3":{"name":"(anonymous_3)","decl":{"start":{"line":53,"column":36},"end":{"line":53,"column":37}},"loc":{"start":{"line":53,"column":48},"end":{"line":107,"column":3}},"line":53},"4":{"name":"(anonymous_4)","decl":{"start":{"line":109,"column":23},"end":{"line":109,"column":24}},"loc":{"start":{"line":109,"column":37},"end":{"line":120,"column":3}},"line":109},"5":{"name":"(anonymous_5)","decl":{"start":{"line":133,"column":21},"end":{"line":133,"column":22}},"loc":{"start":{"line":133,"column":27},"end":{"line":133,"column":40}},"line":133}},"branchMap":{"0":{"loc":{"start":{"line":26,"column":2},"end":{"line":38,"column":3}},"type":"if","locations":[{"start":{"line":26,"column":2},"end":{"line":38,"column":3}},{"start":{},"end":{}}],"line":26},"1":{"loc":{"start":{"line":26,"column":6},"end":{"line":26,"column":31}},"type":"binary-expr","locations":[{"start":{"line":26,"column":6},"end":{"line":26,"column":18}},{"start":{"line":26,"column":22},"end":{"line":26,"column":31}}],"line":26},"2":{"loc":{"start":{"line":41,"column":4},"end":{"line":50,"column":5}},"type":"switch","locations":[{"start":{"line":42,"column":6},"end":{"line":43,"column":40}},{"start":{"line":44,"column":6},"end":{"line":45,"column":46}},{"start":{"line":46,"column":6},"end":{"line":47,"column":47}},{"start":{"line":48,"column":6},"end":{"line":49,"column":17}}],"line":41},"3":{"loc":{"start":{"line":45,"column":15},"end":{"line":45,"column":45}},"type":"binary-expr","locations":[{"start":{"line":45,"column":15},"end":{"line":45,"column":40}},{"start":{"line":45,"column":44},"end":{"line":45,"column":45}}],"line":45},"4":{"loc":{"start":{"line":47,"column":15},"end":{"line":47,"column":46}},"type":"binary-expr","locations":[{"start":{"line":47,"column":15},"end":{"line":47,"column":41}},{"start":{"line":47,"column":45},"end":{"line":47,"column":46}}],"line":47},"5":{"loc":{"start":{"line":54,"column":4},"end":{"line":57,"column":5}},"type":"if","locations":[{"start":{"line":54,"column":4},"end":{"line":57,"column":5}},{"start":{},"end":{}}],"line":54},"6":{"loc":{"start":{"line":87,"column":6},"end":{"line":89,"column":7}},"type":"if","locations":[{"start":{"line":87,"column":6},"end":{"line":89,"column":7}},{"start":{},"end":{}}],"line":87},"7":{"loc":{"start":{"line":91,"column":6},"end":{"line":100,"column":7}},"type":"if","locations":[{"start":{"line":91,"column":6},"end":{"line":100,"column":7}},{"start":{"line":98,"column":13},"end":{"line":100,"column":7}}],"line":91},"8":{"loc":{"start":{"line":103,"column":15},"end":{"line":103,"column":68}},"type":"cond-expr","locations":[{"start":{"line":103,"column":38},"end":{"line":103,"column":49}},{"start":{"line":103,"column":52},"end":{"line":103,"column":68}}],"line":103},"9":{"loc":{"start":{"line":110,"column":4},"end":{"line":119,"column":5}},"type":"switch","locations":[{"start":{"line":111,"column":6},"end":{"line":112,"column":26}},{"start":{"line":113,"column":6},"end":{"line":114,"column":27}},{"start":{"line":115,"column":6},"end":{"line":116,"column":28}},{"start":{"line":117,"column":6},"end":{"line":118,"column":22}}],"line":110},"10":{"loc":{"start":{"line":151,"column":42},"end":{"line":151,"column":63}},"type":"binary-expr","locations":[{"start":{"line":151,"column":42},"end":{"line":151,"column":54}},{"start":{"line":151,"column":58},"end":{"line":151,"column":63}}],"line":151},"11":{"loc":{"start":{"line":197,"column":9},"end":{"line":201,"column":9}},"type":"binary-expr","locations":[{"start":{"line":197,"column":9},"end":{"line":197,"column":14}},{"start":{"line":198,"column":10},"end":{"line":200,"column":17}}],"line":197},"12":{"loc":{"start":{"line":225,"column":11},"end":{"line":231,"column":11}},"type":"cond-expr","locations":[{"start":{"line":226,"column":12},"end":{"line":226,"column":54}},{"start":{"line":228,"column":12},"end":{"line":230,"column":19}}],"line":225}},"s":{"0":0,"1":0,"2":0,"3"
[...]
,"/Users/zach/scout-app/utils/voiceFeedback.ts": {"path":"/Users/zach/scout-app/utils/voiceFeedback.ts","statementMap":{"0":{"start":{"line":12,"column":48},"end":{"line":12,"column":57}},"1":{"start":{"line":15,"column":104},"end":{"line":21,"column":1}},"2":{"start":{"line":27,"column":17},"end":{"line":27,"column":35}},"3":{"start":{"line":30,"column":2},"end":{"line":46,"column":3}},"4":{"start":{"line":32,"column":6},"end":{"line":32,"column":22}},"5":{"start":{"line":33,"column":6},"end":{"line":33,"column":12}},"6":{"start":{"line":35,"column":6},"end":{"line":35,"column":23}},"7":{"start":{"line":36,"column":6},"end":{"line":36,"column":12}},"8":{"start":{"line":38,"column":6},"end":{"line":38,"column":22}},"9":{"start":{"line":39,"column":6},"end":{"line":39,"column":12}},"10":{"start":{"line":41,"column":6},"end":{"line":41,"column":24}},"11":{"start":{"line":42,"column":6},"end":{"line":42,"column":12}},"12":{"start":{"line":44,"column":6},"end":{"line":44,"column":22}},"13":{"start":{"line":45,"column":6},"end":{"line":45,"column":12}},"14":{"start":{"line":57,"column":2},"end":{"line":57,"column":29}},"15":{"start":{"line":64,"column":2},"end":{"line":64,"column":28}},"16":{"start":{"line":71,"column":2},"end":{"line":71,"column":31}},"17":{"start":{"line":78,"column":2},"end":{"line":78,"column":29}},"18":{"start":{"line":85,"column":2},"end":{"line":85,"column":34}},"19":{"start":{"line":92,"column":2},"end":{"line":94,"column":3}},"20":{"start":{"line":93,"column":4},"end":{"line":93,"column":30}},"21":{"start":{"line":95,"column":2},"end":{"line":95,"column":21}},"22":{"start":{"line":102,"column":2},"end":{"line":108,"column":4}},"23":{"start":{"line":114,"column":37},"end":{"line":138,"column":1}},"24":{"start":{"line":116,"column":24},"end":{"line":116,"column":39}},"25":{"start":{"line":120,"column":4},"end":{"line":120,"column":20}},"26":{"start":{"line":121,"column":4},"end":{"line":121,"column":43}},"27":{"start":{"line":121,"column":21},"end":{"line":121,"column":36}},"28":{"start":{"line":125,"column":27},"end":{"line":125,"column":44}},"29":{"start":{"line":128,"column":30},"end":{"line":128,"column":45}},"30":{"start":{"line":131,"column":20},"end":{"line":131,"column":35}},"31":{"start":{"line":134,"column":23},"end":{"line":134,"column":39}},"32":{"start":{"line":137,"column":24},"end":{"line":137,"column":41}}},"fnMap":{"0":{"name":"playVoiceFeedback","decl":{"start":{"line":26,"column":22},"end":{"line":26,"column":39}},"loc":{"start":{"line":26,"column":72},"end":{"line":51,"column":1}},"line":26},"1":{"name":"onVoiceStart","decl":{"start":{"line":56,"column":16},"end":{"line":56,"column":28}},"loc":{"start":{"line":56,"column":37},"end":{"line":58,"column":1}},"line":56},"2":{"name":"onVoiceStop","decl":{"start":{"line":63,"column":16},"end":{"line":63,"column":27}},"loc":{"start":{"line":63,"column":36},"end":{"line":65,"column":1}},"line":63},"3":{"name":"onVoiceSuccess","decl":{"start":{"line":70,"column":16},"end":{"line":70,"column":30}},"loc":{"start":{"line":70,"column":39},"end":{"line":72,"column":1}},"line":70},"4":{"name":"onVoiceError","decl":{"start":{"line":77,"column":16},"end":{"line":77,"column":28}},"loc":{"start":{"line":77,"column":37},"end":{"line":79,"column":1}},"line":77},"5":{"name":"onVoiceProcessing","decl":{"start":{"line":84,"column":16},"end":{"line":84,"column":33}},"loc":{"start":{"line":84,"column":42},"end":{"line":86,"column":1}},"line":84},"6":{"name":"cleanupSounds","decl":{"start":{"line":91,"column":22},"end":{"line":91,"column":35}},"loc":{"start":{"line":91,"column":53},"end":{"line":96,"column":1}},"line":91},"7":{"name":"useVoiceFeedback","decl":{"start":{"line":101,"column":16},"end":{"line":101,"column":32}},"loc":{"start":{"line":101,"column":35},"end":{"line":109,"column":1}},"line":101},"8":{"name":"(anonymous_8)","decl":{"start":{"line":116,"column":18},"end":{"line":116,"column":19}},"loc":{"start":{"line":116,"column":24},"end":{"line":116,"column":39}},"line":116},"9":{"name":"(anonymous_9)","decl":{"start":{"line":119,"column":16},"end":{"line":119,"column":17}},"loc":{"start":{"line":119,"column":22},"end":{"line":122,"column":3}},"line":119},"10":{"name":"(anonymous_10)","decl":{"start":{"line":121,"column":15},"end":{"line":121,"column":16}},"loc":{"start":{"line":121,"column":21},"end":{"line":121,"column":36}},"line":121},"11":{"name":"(anonymous_11)","decl":{"start":{"line":125,"column":21},"end":{"line":125,"column":22}},"loc":{"start":{"line":125,"column":27},"end":{"line":125,"column":44}},"line":125},"12":{"name":"(anonymous_12)","decl":{"start":{"line":128,"column":24},"end":{"line":128,"column":25}},"loc":{"start":{"line":128,"column":30},"end":{"line":128,"column":45}},"line":128},"13":{"name":"(anonymous_13)","decl":{"start":{"line":131,"column":14},"end":{"line":131,"column":15}},"loc":{"start":{"line":131,"column":20},"end":{"line":131,"column":35}},"line":131},"14":{"name":"(anonymous_14)","decl":{"start":{"line":134,"column":17},"end":{"line":134,"column":18}},"loc":{"start":{"line":134,"column":23},"end":{"line":134,"column":39}},"line":134},"15":{"name":"(anonymous_15)","decl":{"start":{"line":137,"column":18},"end":{"line":137,"column":19}},"loc":{"start":{"line":137,"column":24},"end":{"line":137,"column":41}},"line":137}},"branchMap":{"0":{"loc":{"start":{"line":30,"column":2},"end":{"line":46,"column":3}},"type":"switch","locations":[{"start":{"line":31,"column":4},"end":{"line":33,"column":12}},{"start":{"line":34,"column":4},"end":{"line":36,"column":12}},{"start":{"line":37,"column":4},"end":{"line":39,"column":12}},{"start":{"line":40,"column":4},"end":{"line":42,"column":12}},{"start":{"line":43,"column":4},"end":{"line":45,"column":12}}],"line":30}},"s":{"0":0,"1":0,"2":0,"3":0,"4":0,"5":0,"6":0,"7":0,"8":0,"9":0,"10":0,"11":0,"12":0,"13":0,"14":0,"15":0,"16":0,"17":0,"18":0,"19":0,"20":0,"21":0,"22":0,"23":0,"24":0,"25":0,"26":0,"27":0,"28":0,"29":0,"30":0,"31":0,"32":0},"f":{"0":0,"1":0,"2":0,"3":0,"4":0,"5":0,"6":0,"7":0,"8":0,"9":0,"10":0,"11":0,"12":0,"13":0,"14":0,"15":0},"b":{"0":[0,0,0,0,0]}}
,"/Users/zach/scout-app/utils/voiceFilterParser.ts": {"path":"/Users/zach/scout-app/utils/voiceFilterParser.ts","statementMap":{"0":{"start":{"line":17,"column":51},"end":{"line":29,"column":1}},"1":{"start":{"line":32,"column":52},"end":{"line":41,"column":1}},"2":{"start":{"line":44,"column":22},"end":{"line":49,"column":1}},"3":{"start":{"line":55,"column":32},"end":{"line":55,"column":34}},"4":{"start":{"line":56,"column":16},"end":{"line":56,"column":40}},"5":{"start":{"line":59,"column":21},"end":{"line":59,"column":90}},"6":{"start":{"line":60,"column":2},"end":{"line":66,"column":3}},"7":{"start":{"line":61,"column":4},"end":{"line":61,"column":50}},"8":{"start":{"line":62,"column":9},"end":{"line":66,"column":3}},"9":{"start":{"line":63,"column":4},"end":{"line":63,"column":25}},"10":{"start":{"line":64,"column":9},"end":{"line":66,"column":3}},"11":{"start":{"line":65,"column":4},"end":{"line":65,"column":26}},"12":{"start":{"line":69,"column":24},"end":{"line":69,"column":89}},"13":{"start":{"line":70,"column":2},"end":{"line":76,"column":3}},"14":{"start":{"line":71,"column":4},"end":{"line":71,"column":53}},"15":{"start":{"line":72,"column":9},"end":{"line":76,"column":3}},"16":{"start":{"line":73,"column":4},"end":{"line":73,"column":24}},"17":{"start":{"line":74,"column":9},"end":{"line":76,"column":3}},"18":{"start":{"line":75,"column":4},"end":{"line":75,"column":24}},"19":{"start":{"line":79,"column":22},"end":{"line":79,"column":70}},"20":{"start":{"line":80,"column":2},"end":{"line":86,"column":3}},"21":{"start":{"line":81,"column":4},"end":{"line":81,"column":47}},"22":{"start":{"line":82,"column":9},"end":{"line":86,"column":3}},"23":{"start":{"line":83,"column":4},"end":{"line":83,"column":24}},"24":{"start":{"line":84,"column":9},"end":{"line":86,"column":3}},"25":{"start":{"line":85,"column":4},"end":{"line":85,"column":24}},"26":{"start":{"line":89,"column":30},"end":{"line":89,"column":32}},"27":{"start":{"line":90,"column":2},"end":{"line":94,"column":3}},"28":{"start":{"line":91,"column":4},"end":{"line":93,"column":5}},"29":{"start":{"line":91,"column":35},"end":{"line":91,"column":58}},"30":{"start":{"line":92,"column":6},"end":{"line":92,"column":32}},"31":{"start":{"line":95,"column":2},"end":{"line":97,"column":3}},"32":{"start":{"line":96,"column":4},"end":{"line":96,"column":33}},"33":{"start":{"line":100,"column":29},"end":{"line":100,"column":31}},"34":{"start":{"line":101,"column":2},"end":{"line":105,"column":3}},"35":{"start":{"line":102,"column":4},"end":{"line":104,"column":5}},"36":{"start":{"line":102,"column":35},"end":{"line":102,"column":58}},"37":{"start":{"line":103,"column":6},"end":{"line":103,"column":28}},"38":{"start":{"line":106,"column":2},"end":{"line":108,"column":3}},"39":{"start":{"line":107,"column":4},"end":{"line":107,"column":31}},"40":{"start":{"line":111,"column":2},"end":{"line":116,"column":3}},"41":{"start":{"line":112,"column":4},"end":{"line":115,"column":5}},"42":{"start":{"line":113,"column":6},"end":{"line":113,"column":65}},"43":{"start":{"line":114,"column":6},"end":{"line":114,"column":12}},"44":{"start":{"line":119,"column":2},"end":{"line":121,"column":3}},"45":{"start":{"line":120,"column":4},"end":{"line":120,"column":26}},"46":{"start":{"line":124,"column":24},"end":{"line":124,"column":127}},"47":{"start":{"line":125,"column":2},"end":{"line":127,"column":3}},"48":{"start":{"line":126,"column":4},"end":{"line":126,"column":46}},"49":{"start":{"line":129,"column":2},"end":{"line":129,"column":16}},"50":{"start":{"line":136,"column":26},"end":{"line":136,"column":28}},"51":{"start":{"line":138,"column":2},"end":{"line":138,"column":65}},"52":{"start":{"line":138,"column":24},"end":{"line":138,"column":65}},"53":{"start":{"line":139,"column":2},"end":{"line":139,"column":71}},"54":{"start":{"line":139,"column":24},"end":{"line":139,"column":71}},"55":{"start":{"line":140,"column":2},"end":{"line":140,"column":61}},"56":{"start":{"line":140,"column":22},"end":{"line":140,"column":61}},"57":{"start":{"line":141,"column":2},"end":{"line":141,"column":84}},"58":{"start":{"line":141,"column":33},"end":{"line":141,"column":84}},"59":{"start":{"line":142,"column":2},"end":{"line":142,"column":72}},"60":{"start":{"line":142,"column":32},"end":{"line":142,"column":72}},"61":{"start":{"line":143,"column":2},"end":{"line":143,"column":65}},"62":{"start":{"line":143,"column":25},"end":{"line":143,"column":65}},"63":{"start":{"line":144,"column":2},"end":{"line":144,"column":46}},"64":{"start":{"line":144,"column":23},"end":{"line":144,"column":46}},"65":{"start":{"line":145,"column":2},"end":{"line":145,"column":63}},"66":{"start":{"line":145,"column":24},"end":{"line":145,"column":63}},"67":{"start":{"line":147,"column":2},"end":{"line":147,"column":40}}},"fnMap":{"0":{"name":"parseVoiceFilters","decl":{"start":{"line":54,"column":16},"end":{"line":54,"column":33}},"loc":{"start":{"line":54,"column":69},"end":{"line":130,"column":1}},"line":54},"1":{"name":"(anonymous_1)","decl":{"start":{"line":91,"column":22},"end":{"line":91,"column":23}},"loc":{"start":{"line":91,"column":35},"end":{"line":91,"column":58}},"line":91},"2":{"name":"(anonymous_2)","decl":{"start":{"line":102,"column":22},"end":{"line":102,"column":23}},"loc":{"start":{"line":102,"column":35},"end":{"line":102,"column":58}},"line":102},"3":{"name":"filtersToSummary","decl":{"start":{"line":135,"column":16},"end":{"line":135,"column":32}},"loc":{"start":{"line":135,"column":65},"end":{"line":148,"column":1}},"line":135}},"branchMap":{"0":{"loc":{"start":{"line":60,"column":2},"end":{"line":66,"column":3}},"type":"if","locations":[{"start":{"line":60,"column":2},"end":{"line":66,"column":3}},{"start":{"line":62,"column":9},"end":{"line":66,"column":3}}],"line":60},"1":{"loc":{"start":{"line":62,"column":9},"end":{"line":66,"column":3}},"type":"if","locations":[{"start":{"line":62,"column":9},"end":{"line":66,"column":3}},{"start":{"line":64,"column":9},"end":{"line":66,"column":3}}],"line":62},"2":{"loc":{"start":{"line":62,"column":13},"end":{"line":62,"column":96}},"type":"binary-expr","locations":[{"start":{"line":62,"column":13},"end":{"line":62,"column":36}},{"start":{"line":62,"column":40},"end":{"line":62,"column":64}},{"start":{"line":62,"column":68},"end":{"line":62,"column":96}}],"line":62},"3":{"loc":{"start":{"line":64,"column":9},"end":{"line":66,"column":3}},"type":"if","locations":[{"start":{"line":64,"column":9},"end":{"line":66,"column":3}},{"start":{},"end":{}}],"line":64},"4":{"loc":{"start":{"line":64,"column":13},"end":{"line":64,"column":97}},"type":"binary-expr","locations":[{"start":{"line":64,"column":13},"end":{"line":64,"column":40}},{"start":{"line":64,"column":44},"end":{"line":64,"column":69}},{"start":{"line":64,"column":73},"end":{"line":64,"column":97}}],"line":64},"5":{"loc":{"start":{"line":70,"column":2},"end":{"line":76,"column":3}},"type":"if","locations":[{"start":{"line":70,"column":2},"end":{"line":76,"column":3}},{"start":{"line":72,"column":9},"end":{"line":76,"column":3}}],"line":70},"6":{"loc":{"start":{"line":72,"column":9},"end":{"line":76,"column":3}},"type":"if","locations":[{"start":{"line":72,"column":9},"end":{"line":76,"column":3}},{"start":{"line":74,"column":9},"end":{"line":76,"column":3}}],"line":72},"7":{"loc":{"start":{"line":72,"column":13},"end":{"line":72,"column":93}},"type":"binary-expr","locations":[{"start":{"line":72,"column":13},"end":{"line":72,"column":38}},{"start":{"line":72,"column":42},"end":{"line":72,"column":66}},{"start":{"line":72,"column":70},"end":{"line":72,"column":93}}],"line":72},"8":{"loc":{"start":{"line":74,"column":9},"end":{"line":76,"column":3}},"type":"if","locations":[{"start":{"line":74,"column":9},"end":{"line":76,"column":3}},{"start":{},"end":{}}],"line":74},"9":{"loc":{"start":{"line":80,"column":2},"end":{"line":86,"column":3}},"type":"if","locations":[{"start":{"line":80,"column":2},"end":{"line":86,"column":3}},{"start":{"line":82,"column":9},"end":{"line":86,"column":3}}],"line":80},"10":{"loc":{"start":{"line":82,"column":9},"end":{"line":86,"column":3}},"type":"if","locations":[{"start":{"line":82,"column":9},"end":{"line":86,"column":3}},{"start":{"line":84,"column":9},"end":{"line":86,"column":3}}],"line":82},"11":{"loc":{"start":{"line":82,"column":13},"end":{"line":82,"column":100}},"type":"binary-expr","locations":[{"start":{"line":82,"column":13},"end":{"line":82,"column":40}},{"start":{"line":82,"column":44},"end":{"line":82,"column":66}},{"start":{"line":82,"column":70},"end":{"line":82,"column":100}}],"line":82},"12":{"loc":{"start":{"line":84,"column":9},"end":{"line":86,"column":3}},"type":"if","locations":[{"start":{"line":84,"column":9},"end":{"line":86,"column":3}},{"start":{},"end":{}}],"line":84},"13":{"loc":{"start":{"line":91,"column":4},"end":{"line":93,"column":5}},"type":"if","locations":[{"start":{"line":91,"column":4},"end":{"line":93,"column":5}},{"start":{},"end":{}}],"line":91},"14":{"loc":{"start":{"line":95,"column":2},"end":{"line":97,"column":3}},"type":"if","locations":[{"start":{"line":95,"column":2},"end":{"line":97,"column":3}},{"start":{},"end":{}}],"line":95},"15":{"loc":{"start":{"line":102,"column":4},"end":{"line":104,"column":5}},"type":"if","locations":[{"start":{"line":102,"column":4},"end":{"line":104,"column":5}},{"start":{},"end":{}}],"line":102},"16":{"loc":{"start":{"line":106,"column":2},"end":{"line":108,"column":3}},"type":"if","locations":[{"start":{"line":106,"column":2},"end":{"line":108,"column":3}},{"start":{},"end":{}}],"line":106},"17":{"loc":{"start":{"line":112,"column":4},"end":{"line":115,"column":5}},"type":"if","locations":[{"start":{"line":112,"column":4},"end":{"line":115,"column":5}},{"start":{},"end":{}}],"line":112},"18":{"loc":{"start":{"line":119,"column":2},"end":{"line":121,"column":3}},"type":"if","locations":[{"start":{"line":119,"column":2},"end":{"line":121,"column":3}},{"start":{},"end":{}}],"line":119},"19":{"loc":{"start":{"line":119,"column":6},"end":{"line":119,"column":104}},"type":"binary-expr","locations":[{"start":{"line":119,"column":6},"end":{"line":119,"column":32}},{"start":{"line":119,"column":36},"end":{"line":119,"column":68}},{"start":{"line":119,"column":72},"end":{"line":119,"column":104}}],"line":119},"20":{"loc":{"start":{"line":125,"column":2},"end":{"line":127,"column":3}},"type":"if","locations":[{"start":{"line":125,"column":2},"end":{"line":127,"column":3}},{"start":{},"end":{}}],"line":125},"21":{"loc":{"start":{"line":125,"column":6},"end":{"line":125,"column":57}},"type":"binary-expr","locations":[{"start":{"line":125,"column":6},"end":{"line":125,"column":19}},{"start":{"line":125,"column":23},"end":{"line":125,"column":57}}],"line":125},"22":{"loc":{"start":{"line":138,"column":2},"end":{"line":138,"column":65}},"type":"if","locations":[{"start":{"line":138,"column":2},"end":{"line":138,"column":65}},{"start":{},"end":{}}],"line":138},"23":{"loc":{"start":{"line":139,"column":2},"end":{"line":139,"column":71}},"type":"if","locations":[{"start":{"line":139,"column":2},"end":{"line":139,"column":71}},{"start":{},"end":{}}],"line":139},"24":{"loc":{"start":{"line":140,"column":2},"end":{"line":140,"column":61}},"type":"if","locations":[{"start":{"line":140,"column":2},"end":{"line":140,"column":61}},{"start":{},"end":{}}],"line":140},"25":{"loc":{"start":{"line":141,"column":2},"end":{"line":141,"column":84}},"type":"if","locations":[{"start":{"line":141,"column":2},"end":{"line":141,"column":84}},{"start":{},"end":{}}],"line":141},"26":{"loc":{"start":{"line":142,"column":2},"end":{"line":142,"column":72}},"type":"if","locations":[{"start":{"line":142,"column":2},"end":{"line":142,"column":72}},{"start":{},"end":{}}],"line":142},"27":{"loc":{"start":{"line":143,"column":2},"end":{"line":143,"column":65}},"type":"if","locations":[{"start":{"line":143,"column":2},"end":{"line":143,"column":65}},{"start":{},"end":{}}],"line":143},"28":{"loc":{"start":{"line":144,"column":2},"end":{"line":144,"column":46}},"type":"if","locations":[{"start":{"line":144,"column":2},"end":{"line":144,"column":46}},{"start":{},"end":{}}],"line":144},"29":{"loc":{"start":{"line":145,"column":2},"end":{"line":145,"column":63}},"type":"if","locations":[{"start":{"line":145,"column":2},"end":{"line":145,"column":63}},{"start":{},"end":{}}],"line":145},"30":{"loc":{"start":{"line":147,"column":9},"end":{"line":147,"column":39}},"type":"binary-expr","locations":[{"start":{"line":147,"column":9},"end":{"line":147,"column":25}},{"start":{"line":147,"column":29},"end":{"line":147,"column":39}}],"line":147}},"s":{"0":0,"1":0,"2":0,"3":0,"4":0,"5":0,"6":0,"7":0,"8":0,"9":0,"10":0,"11":0,"12":0,"13":0,"14":0,"15":0,"16":0,"17":0,"18":0,"19":0,"20":0,"21":0,"22":0,"23":0,"24":0,"25":0,"26":0,"27":0,"28":0,"29":0,"30":0,"31":0,"32":0,"33":0,"34":0,"35":0,"36":0,"37":0,"38":0,"39":0,"40":0,"41":0,"42":0,"43":0,"44":0,"45":0,"46":0,"47":0,"48":0,"49":0,"50":0,"51":0,"52":0,"53":0,"54":0,"55":0,"56":0,"57":0,"58":0,"59":0,"60":0,"61":0,"62":0,"63":0,"64":0,"65":0,"66":0,"67":0},"f":{"0":0,"1":0,"2":0,"3":0},"b":{"0":[0,0],"1":[0,0],"2":[0,0,0],"3":[0,0],"4":[0,0,0],"5":[0,0],"6":[0,0],"7":[0,0,0],"8":[0,0],"9":[0,0],"10":[0,0],"11":[0,0,0],"12":[0,0],"13":[0,0],"14":[0,0],"15":[0,0],"16":[0,0],"17":[0,0],"18":[0,0],"19":[0,0,0],"20":[0,0],"21":[0,0],"22":[0,0],"23":[0,0],"24":[0,0],"25":[0,0],"26":[0,0],"27":[0,0],"28":[0,0],"29":[0,0],"30":[0,0]}}
}
