TN:
SF:app/_layout.tsx
FN:5,RootLayout
FN:10,(anonymous_1)
FNF:2
FNH:0
FNDA:0,RootLayout
FNDA:0,(anonymous_1)
DA:6,0
DA:7,0
DA:8,0
DA:10,0
DA:11,0
DA:13,0
DA:15,0
DA:17,0
DA:18,0
DA:20,0
DA:24,0
DA:25,0
DA:28,0
LF:13
LH:0
BRDA:11,0,0,0
BRDA:11,0,1,0
BRDA:15,1,0,0
BRDA:15,1,1,0
BRDA:15,2,0,0
BRDA:15,2,1,0
BRDA:18,3,0,0
BRDA:18,3,1,0
BRDA:18,4,0,0
BRDA:18,4,1,0
BRDA:24,5,0,0
BRDA:24,5,1,0
BRF:12
BRH:0
end_of_record
TN:
SF:app/(auth)/_layout.tsx
FN:3,AuthLayout
FNF:1
FNH:0
FNDA:0,AuthLayout
DA:4,0
LF:1
LH:0
BRF:0
BRH:0
end_of_record
TN:
SF:app/(auth)/callback.tsx
FN:7,AuthCallbackScreen
FN:10,(anonymous_1)
FN:12,(anonymous_2)
FN:28,(anonymous_3)
FN:36,(anonymous_4)
FN:43,(anonymous_5)
FN:47,(anonymous_6)
FNF:7
FNH:0
FNDA:0,AuthCallbackScreen
FNDA:0,(anonymous_1)
FNDA:0,(anonymous_2)
FNDA:0,(anonymous_3)
FNDA:0,(anonymous_4)
FNDA:0,(anonymous_5)
FNDA:0,(anonymous_6)
DA:8,0
DA:10,0
DA:12,0
DA:13,0
DA:16,0
DA:17,0
DA:19,0
DA:20,0
DA:22,0
DA:25,0
DA:28,0
DA:29,0
DA:31,0
DA:36,0
DA:37,0
DA:43,0
DA:44,0
DA:47,0
DA:50,0
DA:58,0
LF:20
LH:0
BRDA:19,0,0,0
BRDA:19,0,1,0
BRDA:25,1,0,0
BRDA:25,1,1,0
BRF:4
BRH:0
end_of_record
TN:
SF:app/(auth)/login.tsx
FN:19,LoginScreen
FN:23,(anonymous_1)
FN:31,(anonymous_2)
FN:39,(anonymous_3)
FNF:4
FNH:0
FNDA:0,LoginScreen
FNDA:0,(anonymous_1)
FNDA:0,(anonymous_2)
FNDA:0,(anonymous_3)
DA:20,0
DA:21,0
DA:23,0
DA:24,0
DA:25,0
DA:27,0
DA:31,0
DA:32,0
DA:33,0
DA:35,0
DA:39,0
DA:40,0
DA:41,0
DA:42,0
DA:44,0
DA:45,0
DA:46,0
DA:48,0
DA:52,0
DA:142,0
LF:20
LH:0
BRDA:27,0,0,0
BRDA:27,0,1,0
BRDA:35,1,0,0
BRDA:35,1,1,0
BRDA:40,2,0,0
BRDA:40,2,1,0
BRDA:48,3,0,0
BRDA:48,3,1,0
BRDA:55,4,0,0
BRDA:55,4,1,0
BRDA:72,5,0,0
BRDA:72,5,1,0
BRDA:85,6,0,0
BRDA:85,6,1,0
BRDA:116,7,0,0
BRDA:116,7,1,0
BRDA:125,8,0,0
BRDA:125,8,1,0
BRF:18
BRH:0
end_of_record
TN:
SF:app/(tabs)/_layout.tsx
FN:5,TabsLayout
FN:31,(anonymous_1)
FN:40,(anonymous_2)
FN:49,(anonymous_3)
FN:58,(anonymous_4)
FNF:5
FNH:0
FNDA:0,TabsLayout
FNDA:0,(anonymous_1)
FNDA:0,(anonymous_2)
FNDA:0,(anonymous_3)
FNDA:0,(anonymous_4)
DA:6,0
DA:32,0
DA:41,0
DA:50,0
DA:59,0
LF:5
LH:0
BRDA:32,0,0,0
BRDA:32,0,1,0
BRDA:41,1,0,0
BRDA:41,1,1,0
BRDA:50,2,0,0
BRDA:50,2,1,0
BRDA:59,3,0,0
BRDA:59,3,1,0
BRF:8
BRH:0
end_of_record
TN:
SF:app/(tabs)/index.tsx
FN:19,ExploreTab
FN:26,(anonymous_1)
FN:32,(anonymous_2)
FN:36,(anonymous_3)
FN:47,(anonymous_4)
FN:55,(anonymous_5)
FNF:6
FNH:0
FNDA:0,ExploreTab
FNDA:0,(anonymous_1)
FNDA:0,(anonymous_2)
FNDA:0,(anonymous_3)
FNDA:0,(anonymous_4)
FNDA:0,(anonymous_5)
DA:20,0
DA:21,0
DA:22,0
DA:23,0
DA:25,0
DA:27,0
DA:32,0
DA:33,0
DA:36,0
DA:37,0
DA:40,0
DA:48,0
DA:55,0
DA:87,0
LF:14
LH:0
BRDA:37,0,0,0
BRDA:37,0,1,0
BRDA:42,1,0,0
BRDA:42,1,1,0
BRDA:57,2,0,0
BRDA:57,2,1,0
BRF:6
BRH:0
end_of_record
TN:
SF:app/(tabs)/passes.tsx
FN:33,PassesTab
FN:47,(anonymous_1)
FN:76,(anonymous_2)
FN:84,(anonymous_3)
FN:88,(anonymous_4)
FN:91,(anonymous_5)
FN:97,(anonymous_6)
FN:99,(anonymous_7)
FN:105,(anonymous_8)
FN:110,(anonymous_9)
FN:116,(anonymous_10)
FN:128,(anonymous_11)
FN:142,(anonymous_12)
FN:145,(anonymous_13)
FN:146,(anonymous_14)
FN:147,(anonymous_15)
FN:151,(anonymous_16)
FN:155,(anonymous_17)
FN:161,(anonymous_18)
FN:174,(anonymous_19)
FN:208,(anonymous_20)
FN:225,EnhancedBookingCard
FN:226,(anonymous_22)
FN:235,(anonymous_23)
FN:245,(anonymous_24)
FN:301,(anonymous_25)
FN:306,(anonymous_26)
FN:312,(anonymous_27)
FNF:28
FNH:0
FNDA:0,PassesTab
FNDA:0,(anonymous_1)
FNDA:0,(anonymous_2)
FNDA:0,(anonymous_3)
FNDA:0,(anonymous_4)
FNDA:0,(anonymous_5)
FNDA:0,(anonymous_6)
FNDA:0,(anonymous_7)
FNDA:0,(anonymous_8)
FNDA:0,(anonymous_9)
FNDA:0,(anonymous_10)
FNDA:0,(anonymous_11)
FNDA:0,(anonymous_12)
FNDA:0,(anonymous_13)
FNDA:0,(anonymous_14)
FNDA:0,(anonymous_15)
FNDA:0,(anonymous_16)
FNDA:0,(anonymous_17)
FNDA:0,(anonymous_18)
FNDA:0,(anonymous_19)
FNDA:0,(anonymous_20)
FNDA:0,EnhancedBookingCard
FNDA:0,(anonymous_22)
FNDA:0,(anonymous_23)
FNDA:0,(anonymous_24)
FNDA:0,(anonymous_25)
FNDA:0,(anonymous_26)
FNDA:0,(anonymous_27)
DA:34,0
DA:35,0
DA:36,0
DA:37,0
DA:40,0
DA:41,0
DA:48,0
DA:65,0
DA:66,0
DA:83,0
DA:84,0
DA:87,0
DA:88,0
DA:91,0
DA:93,0
DA:97,0
DA:99,0
DA:100,0
DA:101,0
DA:102,0
DA:105,0
DA:106,0
DA:107,0
DA:110,0
DA:111,0
DA:113,0
DA:116,0
DA:117,0
DA:119,0
DA:120,0
DA:124,0
DA:128,0
DA:130,0
DA:139,0
DA:142,0
DA:143,0
DA:145,0
DA:146,0
DA:147,0
DA:151,0
DA:152,0
DA:155,0
DA:156,0
DA:165,0
DA:174,0
DA:208,0
DA:226,0
DA:227,0
DA:228,0
DA:229,0
DA:230,0
DA:231,0
DA:235,0
DA:236,0
DA:237,0
DA:238,0
DA:239,0
DA:240,0
DA:245,0
DA:246,0
DA:247,0
DA:248,0
DA:249,0
DA:250,0
DA:251,0
DA:252,0
DA:253,0
DA:256,0
DA:257,0
DA:260,0
DA:261,0
DA:262,0
DA:264,0
DA:301,0
DA:306,0
DA:312,0
DA:322,0
LF:77
LH:0
BRDA:40,0,0,0
BRDA:40,0,1,0
BRDA:65,1,0,0
BRDA:65,1,1,0
BRDA:83,2,0,0
BRDA:83,2,1,0
BRDA:84,3,0,0
BRDA:84,3,1,0
BRDA:87,4,0,0
BRDA:87,4,1,0
BRDA:88,5,0,0
BRDA:88,5,1,0
BRDA:91,6,0,0
BRDA:91,6,1,0
BRDA:119,7,0,0
BRDA:119,7,1,0
BRDA:124,8,0,0
BRDA:124,8,1,0
BRDA:171,9,0,0
BRDA:171,9,1,0
BRDA:199,10,0,0
BRDA:199,10,1,0
BRDA:203,11,0,0
BRDA:203,11,1,0
BRDA:227,12,0,0
BRDA:227,12,1,0
BRDA:227,12,2,0
BRDA:227,12,3,0
BRDA:236,13,0,0
BRDA:236,13,1,0
BRDA:236,13,2,0
BRDA:236,13,3,0
BRDA:250,14,0,0
BRDA:250,14,1,0
BRDA:251,15,0,0
BRDA:251,15,1,0
BRDA:252,16,0,0
BRDA:252,16,1,0
BRDA:270,17,0,0
BRDA:270,17,1,0
BRDA:289,18,0,0
BRDA:289,18,1,0
BRDA:311,19,0,0
BRDA:311,19,1,0
BRF:44
BRH:0
end_of_record
TN:
SF:app/(tabs)/profile.tsx
FN:25,ProfileTab
FN:33,(anonymous_1)
FN:34,(anonymous_2)
FN:35,(anonymous_3)
FN:39,(anonymous_4)
FN:40,(anonymous_5)
FN:41,(anonymous_6)
FN:42,(anonymous_7)
FN:46,(anonymous_8)
FN:57,(anonymous_9)
FN:58,(anonymous_10)
FN:70,(anonymous_11)
FNF:12
FNH:0
FNDA:0,ProfileTab
FNDA:0,(anonymous_1)
FNDA:0,(anonymous_2)
FNDA:0,(anonymous_3)
FNDA:0,(anonymous_4)
FNDA:0,(anonymous_5)
FNDA:0,(anonymous_6)
FNDA:0,(anonymous_7)
FNDA:0,(anonymous_8)
FNDA:0,(anonymous_9)
FNDA:0,(anonymous_10)
FNDA:0,(anonymous_11)
DA:17,0
DA:26,0
DA:27,0
DA:29,0
DA:30,0
DA:32,0
DA:33,0
DA:34,0
DA:35,0
DA:38,0
DA:39,0
DA:40,0
DA:41,0
DA:42,0
DA:45,0
DA:46,0
DA:49,0
DA:57,0
DA:58,0
DA:83,0
LF:20
LH:0
BRDA:29,0,0,0
BRDA:29,0,1,0
BRDA:29,0,2,0
BRDA:30,1,0,0
BRDA:30,1,1,0
BRDA:54,2,0,0
BRDA:54,2,1,0
BRF:7
BRH:0
end_of_record
TN:
SF:app/(tabs)/trips.tsx
FN:44,TripsTab
FN:54,(anonymous_1)
FN:55,(anonymous_2)
FN:56,(anonymous_3)
FN:62,(anonymous_4)
FN:65,(anonymous_5)
FN:69,(anonymous_6)
FN:90,(anonymous_7)
FN:95,(anonymous_8)
FN:99,(anonymous_9)
FN:106,(anonymous_10)
FN:107,(anonymous_11)
FN:110,(anonymous_12)
FN:114,(anonymous_13)
FN:149,(anonymous_14)
FN:178,(anonymous_15)
FN:204,(anonymous_16)
FN:222,EnhancedTripCard
FN:225,(anonymous_18)
FN:231,(anonymous_19)
FN:237,(anonymous_20)
FN:283,(anonymous_21)
FNF:22
FNH:0
FNDA:0,TripsTab
FNDA:0,(anonymous_1)
FNDA:0,(anonymous_2)
FNDA:0,(anonymous_3)
FNDA:0,(anonymous_4)
FNDA:0,(anonymous_5)
FNDA:0,(anonymous_6)
FNDA:0,(anonymous_7)
FNDA:0,(anonymous_8)
FNDA:0,(anonymous_9)
FNDA:0,(anonymous_10)
FNDA:0,(anonymous_11)
FNDA:0,(anonymous_12)
FNDA:0,(anonymous_13)
FNDA:0,(anonymous_14)
FNDA:0,(anonymous_15)
FNDA:0,(anonymous_16)
FNDA:0,EnhancedTripCard
FNDA:0,(anonymous_18)
FNDA:0,(anonymous_19)
FNDA:0,(anonymous_20)
FNDA:0,(anonymous_21)
DA:30,0
DA:45,0
DA:46,0
DA:47,0
DA:48,0
DA:49,0
DA:51,0
DA:54,0
DA:55,0
DA:56,0
DA:58,0
DA:62,0
DA:65,0
DA:66,0
DA:69,0
DA:70,0
DA:71,0
DA:72,0
DA:73,0
DA:74,0
DA:76,0
DA:77,0
DA:78,0
DA:80,0
DA:83,0
DA:84,0
DA:86,0
DA:90,0
DA:91,0
DA:92,0
DA:95,0
DA:96,0
DA:97,0
DA:101,0
DA:106,0
DA:107,0
DA:110,0
DA:111,0
DA:114,0
DA:115,0
DA:139,0
DA:140,0
DA:150,0
DA:164,0
DA:165,0
DA:178,0
DA:184,0
DA:204,0
DA:223,0
DA:225,0
DA:226,0
DA:228,0
DA:231,0
DA:232,0
DA:233,0
DA:234,0
DA:237,0
DA:238,0
DA:239,0
DA:243,0
DA:244,0
DA:247,0
DA:248,0
DA:250,0
DA:283,0
DA:291,0
LF:66
LH:0
BRDA:54,0,0,0
BRDA:54,0,1,0
BRDA:55,1,0,0
BRDA:55,1,1,0
BRDA:55,2,0,0
BRDA:55,2,1,0
BRDA:56,3,0,0
BRDA:56,3,1,0
BRDA:76,4,0,0
BRDA:76,4,1,0
BRDA:78,5,0,0
BRDA:78,5,1,0
BRDA:84,6,0,0
BRDA:84,6,1,0
BRDA:123,7,0,0
BRDA:123,7,1,0
BRDA:139,8,0,0
BRDA:139,8,1,0
BRDA:164,9,0,0
BRDA:164,9,1,0
BRDA:193,10,0,0
BRDA:193,10,1,0
BRDA:201,11,0,0
BRDA:201,11,1,0
BRDA:243,12,0,0
BRDA:243,12,1,0
BRF:26
BRH:0
end_of_record
TN:
SF:app/booking/[id].tsx
FN:22,BookingScreen
FN:60,(anonymous_1)
FN:69,(anonymous_2)
FN:95,(anonymous_3)
FN:113,(anonymous_4)
FN:130,(anonymous_5)
FN:132,(anonymous_6)
FN:143,(anonymous_7)
FN:159,(anonymous_8)
FN:180,(anonymous_9)
FN:187,(anonymous_10)
FN:220,(anonymous_11)
FN:234,(anonymous_12)
FNF:13
FNH:0
FNDA:0,BookingScreen
FNDA:0,(anonymous_1)
FNDA:0,(anonymous_2)
FNDA:0,(anonymous_3)
FNDA:0,(anonymous_4)
FNDA:0,(anonymous_5)
FNDA:0,(anonymous_6)
FNDA:0,(anonymous_7)
FNDA:0,(anonymous_8)
FNDA:0,(anonymous_9)
FNDA:0,(anonymous_10)
FNDA:0,(anonymous_11)
FNDA:0,(anonymous_12)
DA:23,0
DA:24,0
DA:25,0
DA:26,0
DA:27,0
DA:32,0
DA:35,0
DA:38,0
DA:39,0
DA:50,0
DA:51,0
DA:60,0
DA:69,0
DA:70,0
DA:72,0
DA:75,0
DA:76,0
DA:77,0
DA:80,0
DA:87,0
DA:89,0
DA:95,0
DA:101,0
DA:103,0
DA:105,0
DA:113,0
DA:114,0
DA:115,0
DA:116,0
DA:124,0
DA:130,0
DA:132,0
DA:133,0
DA:135,0
DA:137,0
DA:139,0
DA:143,0
DA:144,0
DA:145,0
DA:152,0
DA:159,0
DA:181,0
DA:187,0
DA:220,0
DA:234,0
DA:279,0
LF:46
LH:0
BRDA:38,0,0,0
BRDA:38,0,1,0
BRDA:50,1,0,0
BRDA:50,1,1,0
BRDA:50,2,0,0
BRDA:50,2,1,0
BRDA:56,3,0,0
BRDA:56,3,1,0
BRDA:70,4,0,0
BRDA:70,4,1,0
BRDA:70,5,0,0
BRDA:70,5,1,0
BRDA:87,6,0,0
BRDA:87,6,1,0
BRDA:101,7,0,0
BRDA:101,7,1,0
BRDA:107,8,0,0
BRDA:107,8,1,0
BRDA:133,9,0,0
BRDA:133,9,1,0
BRDA:133,9,2,0
BRDA:137,10,0,0
BRDA:137,10,1,0
BRDA:139,11,0,0
BRDA:139,11,1,0
BRDA:185,12,0,0
BRDA:185,12,1,0
BRDA:192,13,0,0
BRDA:192,13,1,0
BRDA:198,14,0,0
BRDA:198,14,1,0
BRDA:205,15,0,0
BRDA:205,15,1,0
BRDA:228,16,0,0
BRDA:228,16,1,0
BRDA:268,17,0,0
BRDA:268,17,1,0
BRF:37
BRH:0
end_of_record
TN:
SF:app/booking/_layout.tsx
FN:3,BookingLayout
FNF:1
FNH:0
FNDA:0,BookingLayout
DA:4,0
LF:1
LH:0
BRF:0
BRH:0
end_of_record
TN:
SF:app/booking/confirmation.tsx
FN:19,ConfirmationScreen
FN:25,(anonymous_1)
FN:38,(anonymous_2)
FN:46,(anonymous_3)
FN:59,(anonymous_4)
FN:72,(anonymous_5)
FN:85,(anonymous_6)
FN:96,(anonymous_7)
FN:205,(anonymous_8)
FN:220,DetailRow
FN:233,Divider
FNF:11
FNH:0
FNDA:0,ConfirmationScreen
FNDA:0,(anonymous_1)
FNDA:0,(anonymous_2)
FNDA:0,(anonymous_3)
FNDA:0,(anonymous_4)
FNDA:0,(anonymous_5)
FNDA:0,(anonymous_6)
FNDA:0,(anonymous_7)
FNDA:0,(anonymous_8)
FNDA:0,DetailRow
FNDA:0,Divider
DA:20,0
DA:21,0
DA:22,0
DA:25,0
DA:26,0
DA:27,0
DA:29,0
DA:32,0
DA:33,0
DA:38,0
DA:46,0
DA:47,0
DA:49,0
DA:51,0
DA:53,0
DA:55,0
DA:59,0
DA:60,0
DA:62,0
DA:64,0
DA:66,0
DA:68,0
DA:72,0
DA:73,0
DA:75,0
DA:77,0
DA:79,0
DA:81,0
DA:85,0
DA:86,0
DA:87,0
DA:92,0
DA:96,0
DA:98,0
DA:101,0
DA:103,0
DA:205,0
DA:221,0
DA:234,0
DA:237,0
LF:40
LH:0
BRDA:32,0,0,0
BRDA:32,0,1,0
BRDA:32,1,0,0
BRDA:32,1,1,0
BRDA:47,2,0,0
BRDA:47,2,1,0
BRDA:47,2,2,0
BRDA:47,2,3,0
BRDA:51,3,0,0
BRDA:51,3,1,0
BRDA:53,4,0,0
BRDA:53,4,1,0
BRDA:60,5,0,0
BRDA:60,5,1,0
BRDA:60,5,2,0
BRDA:60,5,3,0
BRDA:73,6,0,0
BRDA:73,6,1,0
BRDA:73,6,2,0
BRDA:73,6,3,0
BRDA:119,7,0,0
BRDA:119,7,1,0
BRDA:142,8,0,0
BRDA:142,8,1,0
BRDA:171,9,0,0
BRDA:171,9,1,0
BRDA:171,10,0,0
BRDA:171,10,1,0
BRDA:223,11,0,0
BRDA:223,11,1,0
BRDA:226,12,0,0
BRDA:226,12,1,0
BRF:32
BRH:0
end_of_record
TN:
SF:app/booking/payment.tsx
FN:19,PaymentScreen
FN:32,(anonymous_1)
FN:40,(anonymous_2)
FN:53,(anonymous_3)
FN:109,(anonymous_4)
FN:133,(anonymous_5)
FNF:6
FNH:0
FNDA:0,PaymentScreen
FNDA:0,(anonymous_1)
FNDA:0,(anonymous_2)
FNDA:0,(anonymous_3)
FNDA:0,(anonymous_4)
FNDA:0,(anonymous_5)
DA:20,0
DA:21,0
DA:22,0
DA:23,0
DA:24,0
DA:26,0
DA:27,0
DA:32,0
DA:40,0
DA:41,0
DA:43,0
DA:45,0
DA:47,0
DA:49,0
DA:53,0
DA:54,0
DA:55,0
DA:56,0
DA:59,0
DA:60,0
DA:62,0
DA:63,0
DA:64,0
DA:65,0
DA:68,0
DA:87,0
DA:88,0
DA:91,0
DA:94,0
DA:97,0
DA:99,0
DA:102,0
DA:103,0
DA:105,0
DA:109,0
DA:110,0
DA:112,0
DA:114,0
DA:116,0
DA:118,0
DA:122,0
DA:123,0
DA:124,0
DA:126,0
DA:133,0
DA:238,0
LF:46
LH:0
BRDA:26,0,0,0
BRDA:26,0,1,0
BRDA:26,1,0,0
BRDA:26,1,1,0
BRDA:41,2,0,0
BRDA:41,2,1,0
BRDA:41,2,2,0
BRDA:41,2,3,0
BRDA:45,3,0,0
BRDA:45,3,1,0
BRDA:47,4,0,0
BRDA:47,4,1,0
BRDA:54,5,0,0
BRDA:54,5,1,0
BRDA:87,6,0,0
BRDA:87,6,1,0
BRDA:91,7,0,0
BRDA:91,7,1,0
BRDA:103,8,0,0
BRDA:103,8,1,0
BRDA:110,9,0,0
BRDA:110,9,1,0
BRDA:110,9,2,0
BRDA:110,9,3,0
BRDA:151,10,0,0
BRDA:151,10,1,0
BRDA:197,11,0,0
BRDA:197,11,1,0
BRDA:225,12,0,0
BRDA:225,12,1,0
BRF:30
BRH:0
end_of_record
TN:
SF:app/favorites/index.tsx
FN:29,FavoritesScreen
FN:39,(anonymous_1)
FN:44,(anonymous_2)
FN:60,(anonymous_3)
FN:71,(anonymous_4)
FN:76,(anonymous_5)
FN:80,(anonymous_6)
FN:98,(anonymous_7)
FN:104,(anonymous_8)
FN:118,(anonymous_9)
FN:124,(anonymous_10)
FNF:11
FNH:0
FNDA:0,FavoritesScreen
FNDA:0,(anonymous_1)
FNDA:0,(anonymous_2)
FNDA:0,(anonymous_3)
FNDA:0,(anonymous_4)
FNDA:0,(anonymous_5)
FNDA:0,(anonymous_6)
FNDA:0,(anonymous_7)
FNDA:0,(anonymous_8)
FNDA:0,(anonymous_9)
FNDA:0,(anonymous_10)
DA:20,0
DA:23,0
DA:30,0
DA:31,0
DA:33,0
DA:36,0
DA:37,0
DA:39,0
DA:40,0
DA:41,0
DA:44,0
DA:45,0
DA:60,0
DA:65,0
DA:71,0
DA:76,0
DA:80,0
DA:98,0
DA:104,0
DA:119,0
DA:124,0
DA:133,0
LF:22
LH:0
BRDA:80,0,0,0
BRDA:80,0,1,0
BRDA:83,1,0,0
BRDA:83,1,1,0
BRDA:92,2,0,0
BRDA:92,2,1,0
BRDA:100,3,0,0
BRDA:100,3,1,0
BRF:8
BRH:0
end_of_record
TN:
SF:app/favorites/lists.tsx
FN:23,WishlistsScreen
FN:33,(anonymous_1)
FN:36,(anonymous_2)
FN:41,(anonymous_3)
FN:45,(anonymous_4)
FN:47,(anonymous_5)
FN:47,(anonymous_6)
FN:52,(anonymous_7)
FN:55,(anonymous_8)
FN:65,(anonymous_9)
FN:77,(anonymous_10)
FN:81,(anonymous_11)
FN:89,(anonymous_12)
FN:100,(anonymous_13)
FNF:14
FNH:0
FNDA:0,WishlistsScreen
FNDA:0,(anonymous_1)
FNDA:0,(anonymous_2)
FNDA:0,(anonymous_3)
FNDA:0,(anonymous_4)
FNDA:0,(anonymous_5)
FNDA:0,(anonymous_6)
FNDA:0,(anonymous_7)
FNDA:0,(anonymous_8)
FNDA:0,(anonymous_9)
FNDA:0,(anonymous_10)
FNDA:0,(anonymous_11)
FNDA:0,(anonymous_12)
FNDA:0,(anonymous_13)
DA:24,0
DA:25,0
DA:30,0
DA:31,0
DA:33,0
DA:34,0
DA:35,0
DA:36,0
DA:37,0
DA:38,0
DA:41,0
DA:42,0
DA:43,0
DA:46,0
DA:47,0
DA:52,0
DA:53,0
DA:55,0
DA:65,0
DA:72,0
DA:77,0
DA:81,0
DA:89,0
DA:100,0
DA:126,0
LF:25
LH:0
BRDA:34,0,0,0
BRDA:34,0,1,0
BRDA:42,1,0,0
BRDA:42,1,1,0
BRDA:64,2,0,0
BRDA:64,2,1,0
BRDA:113,3,0,0
BRDA:113,3,1,0
BRF:8
BRH:0
end_of_record
TN:
SF:app/gym/[id].tsx
FN:31,GymDetailModal
FN:44,(anonymous_1)
FN:49,(anonymous_2)
FN:74,(anonymous_3)
FN:83,(anonymous_4)
FN:96,(anonymous_5)
FN:101,(anonymous_6)
FN:106,(anonymous_7)
FN:121,(anonymous_8)
FN:151,(anonymous_9)
FN:154,(anonymous_10)
FN:216,(anonymous_11)
FN:234,(anonymous_12)
FNF:13
FNH:0
FNDA:0,GymDetailModal
FNDA:0,(anonymous_1)
FNDA:0,(anonymous_2)
FNDA:0,(anonymous_3)
FNDA:0,(anonymous_4)
FNDA:0,(anonymous_5)
FNDA:0,(anonymous_6)
FNDA:0,(anonymous_7)
FNDA:0,(anonymous_8)
FNDA:0,(anonymous_9)
FNDA:0,(anonymous_10)
FNDA:0,(anonymous_11)
FNDA:0,(anonymous_12)
DA:28,0
DA:29,0
DA:32,0
DA:33,0
DA:34,0
DA:35,0
DA:36,0
DA:37,0
DA:40,0
DA:41,0
DA:43,0
DA:45,0
DA:49,0
DA:55,0
DA:56,0
DA:64,0
DA:65,0
DA:74,0
DA:83,0
DA:84,0
DA:85,0
DA:86,0
DA:92,0
DA:96,0
DA:97,0
DA:98,0
DA:101,0
DA:102,0
DA:103,0
DA:106,0
DA:107,0
DA:108,0
DA:111,0
DA:112,0
DA:114,0
DA:121,0
DA:152,0
DA:154,0
DA:217,0
DA:235,0
DA:283,0
LF:41
LH:0
BRDA:41,0,0,0
BRDA:41,0,1,0
BRDA:51,1,0,0
BRDA:51,1,1,0
BRDA:55,2,0,0
BRDA:55,2,1,0
BRDA:64,3,0,0
BRDA:64,3,1,0
BRDA:64,4,0,0
BRDA:64,4,1,0
BRDA:70,5,0,0
BRDA:70,5,1,0
BRDA:157,6,0,0
BRDA:157,6,1,0
BRDA:180,7,0,0
BRDA:180,7,1,0
BRDA:181,8,0,0
BRDA:181,8,1,0
BRDA:212,9,0,0
BRDA:212,9,1,0
BRDA:222,10,0,0
BRDA:222,10,1,0
BRDA:250,11,0,0
BRDA:250,11,1,0
BRDA:256,12,0,0
BRDA:256,12,1,0
BRF:26
BRH:0
end_of_record
TN:
SF:app/gym/_layout.tsx
FN:3,GymLayout
FNF:1
FNH:0
FNDA:0,GymLayout
DA:4,0
LF:1
LH:0
BRF:0
BRH:0
end_of_record
TN:
SF:app/profile/account.tsx
FN:17,AccountScreen
FN:21,(anonymous_1)
FN:28,(anonymous_2)
FN:36,(anonymous_3)
FN:43,(anonymous_4)
FN:49,(anonymous_5)
FN:67,(anonymous_6)
FNF:7
FNH:0
FNDA:0,AccountScreen
FNDA:0,(anonymous_1)
FNDA:0,(anonymous_2)
FNDA:0,(anonymous_3)
FNDA:0,(anonymous_4)
FNDA:0,(anonymous_5)
FNDA:0,(anonymous_6)
DA:18,0
DA:19,0
DA:21,0
DA:22,0
DA:23,0
DA:29,0
DA:30,0
DA:36,0
DA:37,0
DA:38,0
DA:44,0
DA:50,0
DA:52,0
DA:53,0
DA:62,0
DA:67,0
DA:123,0
LF:17
LH:0
BRF:0
BRH:0
end_of_record
TN:
SF:app/profile/edit.tsx
FN:17,EditProfileScreen
FN:26,(anonymous_1)
FN:34,(anonymous_2)
FN:47,(anonymous_3)
FNF:4
FNH:0
FNDA:0,EditProfileScreen
FNDA:0,(anonymous_1)
FNDA:0,(anonymous_2)
FNDA:0,(anonymous_3)
DA:18,0
DA:19,0
DA:21,0
DA:22,0
DA:23,0
DA:24,0
DA:26,0
DA:27,0
DA:28,0
DA:29,0
DA:31,0
DA:32,0
DA:34,0
DA:35,0
DA:36,0
DA:37,0
DA:41,0
DA:47,0
DA:99,0
LF:19
LH:0
BRDA:21,0,0,0
BRDA:21,0,1,0
BRDA:22,1,0,0
BRDA:22,1,1,0
BRDA:23,2,0,0
BRDA:23,2,1,0
BRDA:27,3,0,0
BRDA:27,3,1,0
BRDA:52,4,0,0
BRDA:52,4,1,0
BRDA:56,5,0,0
BRDA:56,5,1,0
BRF:12
BRH:0
end_of_record
TN:
SF:app/profile/help.tsx
FN:28,HelpScreen
FN:33,(anonymous_1)
FN:34,(anonymous_2)
FN:35,(anonymous_3)
FN:43,(anonymous_4)
FN:54,(anonymous_5)
FN:55,(anonymous_6)
FN:69,(anonymous_7)
FN:70,(anonymous_8)
FNF:9
FNH:0
FNDA:0,HelpScreen
FNDA:0,(anonymous_1)
FNDA:0,(anonymous_2)
FNDA:0,(anonymous_3)
FNDA:0,(anonymous_4)
FNDA:0,(anonymous_5)
FNDA:0,(anonymous_6)
FNDA:0,(anonymous_7)
FNDA:0,(anonymous_8)
DA:21,0
DA:29,0
DA:30,0
DA:32,0
DA:34,0
DA:35,0
DA:38,0
DA:43,0
DA:55,0
DA:70,0
DA:90,0
LF:11
LH:0
BRDA:55,0,0,0
BRDA:55,0,1,0
BRDA:70,1,0,0
BRDA:70,1,1,0
BRDA:70,2,0,0
BRDA:70,2,1,0
BRDA:75,3,0,0
BRDA:75,3,1,0
BRF:8
BRH:0
end_of_record
TN:
SF:app/profile/notifications.tsx
FN:24,NotificationsScreen
FN:34,(anonymous_1)
FN:36,(anonymous_2)
FN:36,(anonymous_3)
FN:45,(anonymous_4)
FN:54,(anonymous_5)
FN:65,(anonymous_6)
FNF:7
FNH:0
FNDA:0,NotificationsScreen
FNDA:0,(anonymous_1)
FNDA:0,(anonymous_2)
FNDA:0,(anonymous_3)
FNDA:0,(anonymous_4)
FNDA:0,(anonymous_5)
FNDA:0,(anonymous_6)
DA:25,0
DA:26,0
DA:34,0
DA:35,0
DA:36,0
DA:39,0
DA:45,0
DA:55,0
DA:65,0
DA:81,0
LF:10
LH:0
BRDA:36,0,0,0
BRDA:36,0,1,0
BRDA:55,1,0,0
BRDA:55,1,1,0
BRF:4
BRH:0
end_of_record
TN:
SF:app/profile/payment-methods.tsx
FN:25,PaymentMethodsScreen
FN:32,(anonymous_1)
FN:41,(anonymous_2)
FN:43,(anonymous_3)
FN:43,(anonymous_4)
FN:46,(anonymous_5)
FN:49,(anonymous_6)
FN:51,(anonymous_7)
FN:51,(anonymous_8)
FN:61,(anonymous_9)
FN:69,(anonymous_10)
FN:87,(anonymous_11)
FN:91,(anonymous_12)
FN:98,(anonymous_13)
FNF:14
FNH:0
FNDA:0,PaymentMethodsScreen
FNDA:0,(anonymous_1)
FNDA:0,(anonymous_2)
FNDA:0,(anonymous_3)
FNDA:0,(anonymous_4)
FNDA:0,(anonymous_5)
FNDA:0,(anonymous_6)
FNDA:0,(anonymous_7)
FNDA:0,(anonymous_8)
FNDA:0,(anonymous_9)
FNDA:0,(anonymous_10)
FNDA:0,(anonymous_11)
FNDA:0,(anonymous_12)
FNDA:0,(anonymous_13)
DA:26,0
DA:27,0
DA:32,0
DA:33,0
DA:34,0
DA:35,0
DA:36,0
DA:37,0
DA:41,0
DA:42,0
DA:43,0
DA:46,0
DA:47,0
DA:50,0
DA:51,0
DA:56,0
DA:61,0
DA:70,0
DA:87,0
DA:91,0
DA:98,0
DA:107,0
LF:22
LH:0
BRDA:33,0,0,0
BRDA:33,0,1,0
BRDA:33,0,2,0
BRDA:33,0,3,0
BRDA:77,1,0,0
BRDA:77,1,1,0
BRDA:86,2,0,0
BRDA:86,2,1,0
BRF:8
BRH:0
end_of_record
TN:
SF:app/profile/preferences.tsx
FN:19,PreferencesScreen
FN:37,(anonymous_1)
FN:49,(anonymous_2)
FN:53,(anonymous_3)
FN:71,(anonymous_4)
FN:82,(anonymous_5)
FNF:6
FNH:0
FNDA:0,PreferencesScreen
FNDA:0,(anonymous_1)
FNDA:0,(anonymous_2)
FNDA:0,(anonymous_3)
FNDA:0,(anonymous_4)
FNDA:0,(anonymous_5)
DA:20,0
DA:21,0
DA:22,0
DA:23,0
DA:25,0
DA:31,0
DA:37,0
DA:50,0
DA:53,0
DA:71,0
DA:82,0
DA:95,0
LF:12
LH:0
BRDA:52,0,0,0
BRDA:52,0,1,0
BRDA:55,1,0,0
BRDA:55,1,1,0
BRDA:56,2,0,0
BRDA:56,2,1,0
BRDA:71,3,0,0
BRDA:71,3,1,0
BRF:8
BRH:0
end_of_record
TN:
SF:app/trips/[id].tsx
FN:12,EditTripScreen
FN:24,(anonymous_1)
FN:29,(anonymous_2)
FN:38,(anonymous_3)
FN:45,(anonymous_4)
FN:49,(anonymous_5)
FNF:6
FNH:0
FNDA:0,EditTripScreen
FNDA:0,(anonymous_1)
FNDA:0,(anonymous_2)
FNDA:0,(anonymous_3)
FNDA:0,(anonymous_4)
FNDA:0,(anonymous_5)
DA:13,0
DA:14,0
DA:17,0
DA:18,0
DA:19,0
DA:20,0
DA:21,0
DA:22,0
DA:24,0
DA:25,0
DA:26,0
DA:29,0
DA:30,0
DA:31,0
DA:32,0
DA:33,0
DA:35,0
DA:36,0
DA:38,0
DA:39,0
DA:40,0
DA:41,0
DA:45,0
DA:46,0
DA:47,0
DA:50,0
DA:52,0
DA:57,0
DA:112,0
LF:29
LH:0
BRDA:30,0,0,0
BRDA:30,0,1,0
BRDA:30,1,0,0
BRDA:30,1,1,0
BRDA:30,1,2,0
BRDA:61,2,0,0
BRDA:61,2,1,0
BRF:7
BRH:0
end_of_record
TN:
SF:app/trips/create.tsx
FN:12,CreateTripScreen
FN:21,(anonymous_1)
FN:26,(anonymous_2)
FN:35,(anonymous_3)
FNF:4
FNH:0
FNDA:0,CreateTripScreen
FNDA:0,(anonymous_1)
FNDA:0,(anonymous_2)
FNDA:0,(anonymous_3)
DA:13,0
DA:14,0
DA:15,0
DA:16,0
DA:17,0
DA:18,0
DA:19,0
DA:21,0
DA:22,0
DA:23,0
DA:26,0
DA:27,0
DA:28,0
DA:29,0
DA:30,0
DA:32,0
DA:33,0
DA:35,0
DA:36,0
DA:37,0
DA:38,0
DA:42,0
DA:94,0
LF:23
LH:0
BRDA:27,0,0,0
BRDA:27,0,1,0
BRDA:27,1,0,0
BRDA:27,1,1,0
BRDA:27,1,2,0
BRDA:46,2,0,0
BRDA:46,2,1,0
BRDA:52,3,0,0
BRDA:52,3,1,0
BRDA:52,3,2,0
BRDA:52,3,3,0
BRDA:52,4,0,0
BRDA:52,4,1,0
BRDA:52,4,2,0
BRDA:52,4,3,0
BRDA:53,5,0,0
BRDA:53,5,1,0
BRDA:53,6,0,0
BRDA:53,6,1,0
BRDA:53,6,2,0
BRF:20
BRH:0
end_of_record
TN:
SF:components/ErrorBoundary.tsx
FN:20,(anonymous_0)
FN:28,(anonymous_1)
FN:36,(anonymous_2)
FN:47,(anonymous_3)
FN:54,(anonymous_4)
FNF:5
FNH:0
FNDA:0,(anonymous_0)
FNDA:0,(anonymous_1)
FNDA:0,(anonymous_2)
FNDA:0,(anonymous_3)
FNDA:0,(anonymous_4)
DA:21,0
DA:22,0
DA:30,0
DA:38,0
DA:41,0
DA:47,0
DA:48,0
DA:55,0
DA:57,0
DA:58,0
DA:62,0
DA:96,0
DA:100,0
LF:13
LH:0
BRDA:55,0,0,0
BRDA:55,0,1,0
BRDA:57,1,0,0
BRDA:57,1,1,0
BRDA:75,2,0,0
BRDA:75,2,1,0
BRDA:75,2,2,0
BRF:7
BRH:0
end_of_record
TN:
SF:components/GymPersonalizationBadge.tsx
FN:14,GymPersonalizationBadge
FN:24,(anonymous_1)
FN:55,(anonymous_2)
FNF:3
FNH:0
FNDA:0,GymPersonalizationBadge
FNDA:0,(anonymous_1)
FNDA:0,(anonymous_2)
DA:19,0
DA:20,0
DA:24,0
DA:25,0
DA:26,0
DA:27,0
DA:28,0
DA:31,0
DA:33,0
DA:35,0
DA:46,0
DA:56,0
DA:66,0
LF:13
LH:0
BRDA:17,0,0,0
BRDA:19,1,0,0
BRDA:19,1,1,0
BRDA:25,2,0,0
BRDA:25,2,1,0
BRDA:26,3,0,0
BRDA:26,3,1,0
BRDA:27,4,0,0
BRDA:27,4,1,0
BRDA:33,5,0,0
BRDA:33,5,1,0
BRDA:51,6,0,0
BRDA:51,6,1,0
BRF:13
BRH:0
end_of_record
TN:
SF:components/booking/BookingConfirmation.tsx
FN:26,BookingConfirmation
FN:41,(anonymous_1)
FN:54,(anonymous_2)
FNF:3
FNH:0
FNDA:0,BookingConfirmation
FNDA:0,(anonymous_1)
FNDA:0,(anonymous_2)
DA:37,0
DA:38,0
DA:39,0
DA:41,0
DA:42,0
DA:45,0
DA:54,0
DA:55,0
DA:58,0
DA:120,0
LF:10
LH:0
BRF:0
BRH:0
end_of_record
TN:
SF:components/booking/CalendarPicker.tsx
FN:25,CalendarPicker
FN:34,(anonymous_1)
FN:44,(anonymous_2)
FN:47,(anonymous_3)
FN:51,(anonymous_4)
FN:60,(anonymous_5)
FN:64,(anonymous_6)
FN:69,(anonymous_7)
FN:74,(anonymous_8)
FN:82,(anonymous_9)
FN:103,(anonymous_10)
FN:137,(anonymous_11)
FNF:12
FNH:0
FNDA:0,CalendarPicker
FNDA:0,(anonymous_1)
FNDA:0,(anonymous_2)
FNDA:0,(anonymous_3)
FNDA:0,(anonymous_4)
FNDA:0,(anonymous_5)
FNDA:0,(anonymous_6)
FNDA:0,(anonymous_7)
FNDA:0,(anonymous_8)
FNDA:0,(anonymous_9)
FNDA:0,(anonymous_10)
FNDA:0,(anonymous_11)
DA:22,0
DA:23,0
DA:32,0
DA:34,0
DA:35,0
DA:36,0
DA:37,0
DA:38,0
DA:39,0
DA:42,0
DA:44,0
DA:45,0
DA:46,0
DA:47,0
DA:51,0
DA:52,0
DA:53,0
DA:54,0
DA:55,0
DA:56,0
DA:57,0
DA:60,0
DA:61,0
DA:64,0
DA:65,0
DA:66,0
DA:69,0
DA:70,0
DA:71,0
DA:74,0
DA:75,0
DA:76,0
DA:77,0
DA:78,0
DA:82,0
DA:83,0
DA:85,0
DA:86,0
DA:89,0
DA:90,0
DA:91,0
DA:92,0
DA:93,0
DA:95,0
DA:103,0
DA:117,0
DA:120,0
DA:138,0
DA:148,0
LF:49
LH:0
BRDA:29,0,0,0
BRDA:45,1,0,0
BRDA:45,1,1,0
BRDA:54,2,0,0
BRDA:54,2,1,0
BRDA:55,3,0,0
BRDA:55,3,1,0
BRDA:55,4,0,0
BRDA:55,4,1,0
BRDA:56,5,0,0
BRDA:56,5,1,0
BRDA:56,6,0,0
BRDA:56,6,1,0
BRDA:76,7,0,0
BRDA:76,7,1,0
BRDA:100,8,0,0
BRDA:100,8,1,0
BRDA:101,9,0,0
BRDA:101,9,1,0
BRDA:108,10,0,0
BRDA:108,10,1,0
BRDA:109,11,0,0
BRDA:109,11,1,0
BRDA:113,12,0,0
BRDA:113,12,1,0
BRDA:113,12,2,0
BRF:26
BRH:0
end_of_record
TN:
SF:components/booking/CheckoutForm.tsx
FN:31,(anonymous_0)
FN:49,(anonymous_1)
FN:66,(anonymous_2)
FN:120,(anonymous_3)
FN:141,(anonymous_4)
FN:185,(anonymous_5)
FN:208,(anonymous_6)
FN:231,(anonymous_7)
FNF:8
FNH:0
FNDA:0,(anonymous_0)
FNDA:0,(anonymous_1)
FNDA:0,(anonymous_2)
FNDA:0,(anonymous_3)
FNDA:0,(anonymous_4)
FNDA:0,(anonymous_5)
FNDA:0,(anonymous_6)
FNDA:0,(anonymous_7)
DA:31,0
DA:39,0
DA:40,0
DA:42,0
DA:43,0
DA:44,0
DA:45,0
DA:46,0
DA:47,0
DA:49,0
DA:50,0
DA:52,0
DA:54,0
DA:56,0
DA:58,0
DA:62,0
DA:63,0
DA:64,0
DA:66,0
DA:67,0
DA:68,0
DA:69,0
DA:72,0
DA:73,0
DA:74,0
DA:77,0
DA:79,0
DA:81,0
DA:98,0
DA:100,0
DA:101,0
DA:105,0
DA:109,0
DA:110,0
DA:114,0
DA:121,0
DA:122,0
DA:124,0
DA:131,0
DA:132,0
DA:137,0
DA:141,0
DA:142,0
DA:143,0
DA:145,0
DA:148,0
DA:185,0
DA:208,0
DA:231,0
DA:237,0
LF:50
LH:0
BRDA:50,0,0,0
BRDA:50,0,1,0
BRDA:50,0,2,0
BRDA:50,0,3,0
BRDA:54,1,0,0
BRDA:54,1,1,0
BRDA:56,2,0,0
BRDA:56,2,1,0
BRDA:67,3,0,0
BRDA:67,3,1,0
BRDA:72,4,0,0
BRDA:72,4,1,0
BRDA:100,5,0,0
BRDA:100,5,1,0
BRDA:109,6,0,0
BRDA:109,6,1,0
BRDA:121,7,0,0
BRDA:121,7,1,0
BRDA:134,8,0,0
BRDA:134,8,1,0
BRDA:201,9,0,0
BRDA:201,9,1,0
BRDA:205,10,0,0
BRDA:205,10,1,0
BRDA:221,11,0,0
BRDA:221,11,1,0
BRF:26
BRH:0
end_of_record
TN:
SF:components/booking/DatePicker.tsx
FN:14,(anonymous_0)
FN:20,(anonymous_1)
FN:26,(anonymous_2)
FN:32,(anonymous_3)
FN:37,(anonymous_4)
FN:43,(anonymous_5)
FN:50,(anonymous_6)
FNF:7
FNH:0
FNDA:0,(anonymous_0)
FNDA:0,(anonymous_1)
FNDA:0,(anonymous_2)
FNDA:0,(anonymous_3)
FNDA:0,(anonymous_4)
FNDA:0,(anonymous_5)
FNDA:0,(anonymous_6)
DA:14,0
DA:20,0
DA:21,0
DA:22,0
DA:23,0
DA:26,0
DA:27,0
DA:28,0
DA:29,0
DA:32,0
DA:33,0
DA:34,0
DA:37,0
DA:38,0
DA:41,0
DA:44,0
DA:50,0
DA:70,0
LF:18
LH:0
BRDA:48,0,0,0
BRDA:48,0,1,0
BRDA:54,1,0,0
BRDA:54,1,1,0
BRDA:56,2,0,0
BRDA:56,2,1,0
BRDA:60,3,0,0
BRDA:60,3,1,0
BRF:8
BRH:0
end_of_record
TN:
SF:components/booking/PassCard.tsx
FN:20,(anonymous_0)
FN:31,(anonymous_1)
FN:42,(anonymous_2)
FNF:3
FNH:0
FNDA:0,(anonymous_0)
FNDA:0,(anonymous_1)
FNDA:0,(anonymous_2)
DA:20,0
DA:29,0
DA:31,0
DA:32,0
DA:34,0
DA:36,0
DA:38,0
DA:42,0
DA:43,0
DA:46,0
DA:81,0
LF:11
LH:0
BRDA:32,0,0,0
BRDA:32,0,1,0
BRDA:32,0,2,0
BRF:3
BRH:0
end_of_record
TN:
SF:components/booking/PassSelectionCard.tsx
FN:31,PassSelectionCard
FN:44,(anonymous_1)
FN:84,(anonymous_2)
FNF:3
FNH:0
FNDA:0,PassSelectionCard
FNDA:0,(anonymous_1)
FNDA:0,(anonymous_2)
DA:32,0
DA:33,0
DA:37,0
DA:45,0
DA:46,0
DA:85,0
DA:98,0
DA:127,0
LF:8
LH:0
BRDA:32,0,0,0
BRDA:32,0,1,0
BRDA:33,1,0,0
BRDA:33,1,1,0
BRDA:41,2,0,0
BRDA:41,2,1,0
BRDA:42,3,0,0
BRDA:42,3,1,0
BRDA:51,4,0,0
BRDA:51,4,1,0
BRDA:59,5,0,0
BRDA:59,5,1,0
BRDA:60,6,0,0
BRDA:60,6,1,0
BRDA:66,7,0,0
BRDA:66,7,1,0
BRDA:70,8,0,0
BRDA:70,8,1,0
BRDA:71,9,0,0
BRDA:71,9,1,0
BRDA:86,10,0,0
BRDA:86,10,1,0
BRDA:87,11,0,0
BRDA:87,11,1,0
BRF:24
BRH:0
end_of_record
TN:
SF:components/booking/PassTypeSelector.tsx
FN:16,(anonymous_0)
FN:51,(anonymous_1)
FN:59,(anonymous_2)
FNF:3
FNH:0
FNDA:0,(anonymous_0)
FNDA:0,(anonymous_1)
FNDA:0,(anonymous_2)
DA:16,0
DA:23,0
DA:49,0
DA:52,0
DA:59,0
DA:93,0
LF:6
LH:0
BRDA:34,0,0,0
BRDA:34,0,1,0
BRDA:37,1,0,0
BRDA:37,1,1,0
BRDA:42,2,0,0
BRDA:42,2,1,0
BRDA:45,3,0,0
BRDA:45,3,1,0
BRDA:56,4,0,0
BRDA:56,4,1,0
BRDA:57,5,0,0
BRDA:57,5,1,0
BRDA:59,6,0,0
BRDA:59,6,1,0
BRDA:65,7,0,0
BRDA:65,7,1,0
BRDA:71,8,0,0
BRDA:71,8,1,0
BRDA:75,9,0,0
BRDA:75,9,1,0
BRDA:75,9,2,0
BRDA:83,10,0,0
BRDA:83,10,1,0
BRF:23
BRH:0
end_of_record
TN:
SF:components/booking/PaymentSheet.tsx
FN:37,PaymentSheet
FN:47,(anonymous_1)
FN:68,(anonymous_2)
FN:81,(anonymous_3)
FN:97,(anonymous_4)
FN:101,(anonymous_5)
FNF:6
FNH:0
FNDA:0,PaymentSheet
FNDA:0,(anonymous_1)
FNDA:0,(anonymous_2)
FNDA:0,(anonymous_3)
FNDA:0,(anonymous_4)
FNDA:0,(anonymous_5)
DA:31,0
DA:45,0
DA:47,0
DA:48,0
DA:49,0
DA:50,0
DA:53,0
DA:68,0
DA:81,0
DA:98,0
DA:101,0
DA:135,0
LF:12
LH:0
BRDA:39,0,0,0
BRDA:42,1,0,0
BRDA:58,2,0,0
BRDA:58,2,1,0
BRDA:67,3,0,0
BRDA:67,3,1,0
BRDA:75,4,0,0
BRDA:75,4,1,0
BRDA:80,5,0,0
BRDA:80,5,1,0
BRDA:90,6,0,0
BRDA:90,6,1,0
BRDA:94,7,0,0
BRDA:94,7,1,0
BRDA:100,8,0,0
BRDA:100,8,1,0
BRDA:111,9,0,0
BRDA:111,9,1,0
BRDA:125,10,0,0
BRDA:125,10,1,0
BRF:20
BRH:0
end_of_record
TN:
SF:components/booking/PriceBreakdown.tsx
FN:13,(anonymous_0)
FNF:1
FNH:0
FNDA:0,(anonymous_0)
DA:13,0
DA:18,0
DA:37,0
LF:3
LH:0
BRF:0
BRH:0
end_of_record
TN:
SF:components/booking/QRPass.tsx
FN:27,(anonymous_0)
FN:45,(anonymous_1)
FN:46,(anonymous_2)
FN:58,(anonymous_3)
FN:60,(anonymous_4)
FN:66,(anonymous_5)
FN:69,(anonymous_6)
FN:74,(anonymous_7)
FN:84,(anonymous_8)
FN:87,(anonymous_9)
FN:90,(anonymous_10)
FN:94,(anonymous_11)
FN:98,(anonymous_12)
FN:189,getDistanceFromLatLonInMeters
FNF:14
FNH:0
FNDA:0,(anonymous_0)
FNDA:0,(anonymous_1)
FNDA:0,(anonymous_2)
FNDA:0,(anonymous_3)
FNDA:0,(anonymous_4)
FNDA:0,(anonymous_5)
FNDA:0,(anonymous_6)
FNDA:0,(anonymous_7)
FNDA:0,(anonymous_8)
FNDA:0,(anonymous_9)
FNDA:0,(anonymous_10)
FNDA:0,(anonymous_11)
FNDA:0,(anonymous_12)
FNDA:0,getDistanceFromLatLonInMeters
DA:27,0
DA:39,0
DA:40,0
DA:41,0
DA:42,0
DA:45,0
DA:46,0
DA:47,0
DA:48,0
DA:49,0
DA:50,0
DA:51,0
DA:52,0
DA:53,0
DA:57,0
DA:58,0
DA:59,0
DA:60,0
DA:66,0
DA:67,0
DA:68,0
DA:69,0
DA:70,0
DA:71,0
DA:72,0
DA:75,0
DA:79,0
DA:83,0
DA:84,0
DA:87,0
DA:88,0
DA:89,0
DA:90,0
DA:91,0
DA:92,0
DA:94,0
DA:98,0
DA:99,0
DA:100,0
DA:101,0
DA:102,0
DA:106,0
DA:190,0
DA:191,0
DA:192,0
DA:193,0
DA:196,0
DA:199,0
LF:48
LH:0
BRDA:49,0,0,0
BRDA:49,0,1,0
BRDA:57,1,0,0
BRDA:57,1,1,0
BRDA:59,2,0,0
BRDA:59,2,1,0
BRDA:67,3,0,0
BRDA:67,3,1,0
BRDA:67,4,0,0
BRDA:67,4,1,0
BRDA:71,5,0,0
BRDA:71,5,1,0
BRDA:99,6,0,0
BRDA:99,6,1,0
BRDA:99,6,2,0
BRDA:109,7,0,0
BRDA:109,7,1,0
BRDA:117,8,0,0
BRDA:117,8,1,0
BRDA:117,8,2,0
BRDA:134,9,0,0
BRDA:134,9,1,0
BRDA:135,10,0,0
BRDA:135,10,1,0
BRDA:146,11,0,0
BRDA:146,11,1,0
BRDA:146,11,2,0
BRDA:146,11,3,0
BRDA:166,12,0,0
BRDA:166,12,1,0
BRDA:166,12,2,0
BRDA:174,13,0,0
BRDA:174,13,1,0
BRDA:182,14,0,0
BRDA:182,14,1,0
BRF:35
BRH:0
end_of_record
TN:
SF:components/booking/WaiverModal.tsx
FN:23,(anonymous_0)
FN:31,(anonymous_1)
FNF:2
FNH:0
FNDA:0,(anonymous_0)
FNDA:0,(anonymous_1)
DA:23,0
DA:29,0
DA:31,0
DA:32,0
DA:33,0
DA:34,0
DA:35,0
DA:39,0
DA:123,0
LF:9
LH:0
BRDA:34,0,0,0
BRDA:34,0,1,0
BRDA:98,1,0,0
BRDA:98,1,1,0
BRF:4
BRH:0
end_of_record
TN:
SF:components/explore/CollectionRow.tsx
FN:30,CollectionRow
FN:45,(anonymous_1)
FN:83,(anonymous_2)
FN:87,(anonymous_3)
FNF:4
FNH:0
FNDA:0,CollectionRow
FNDA:0,(anonymous_1)
FNDA:0,(anonymous_2)
FNDA:0,(anonymous_3)
DA:18,0
DA:19,0
DA:38,0
DA:39,0
DA:46,0
DA:59,0
DA:61,0
DA:84,0
DA:88,0
DA:89,0
DA:115,0
LF:11
LH:0
BRDA:36,0,0,0
BRDA:38,1,0,0
BRDA:38,1,1,0
BRDA:59,2,0,0
BRDA:59,2,1,0
BRDA:67,3,0,0
BRDA:67,3,1,0
BRDA:69,4,0,0
BRDA:69,4,1,0
BRDA:94,5,0,0
BRDA:94,5,1,0
BRF:11
BRH:0
end_of_record
TN:
SF:components/explore/GymCard.tsx
FN:35,GymCard
FN:45,(anonymous_1)
FN:52,(anonymous_2)
FN:56,(anonymous_3)
FN:87,(anonymous_4)
FN:136,(anonymous_5)
FNF:6
FNH:0
FNDA:0,GymCard
FNDA:0,(anonymous_1)
FNDA:0,(anonymous_2)
FNDA:0,(anonymous_3)
FNDA:0,(anonymous_4)
FNDA:0,(anonymous_5)
DA:21,0
DA:22,0
DA:45,0
DA:49,0
DA:52,0
DA:57,0
DA:58,0
DA:88,0
DA:89,0
DA:137,0
DA:159,0
LF:11
LH:0
BRDA:40,0,0,0
BRDA:41,1,0,0
BRDA:42,2,0,0
BRDA:54,3,0,0
BRDA:54,3,1,0
BRDA:63,4,0,0
BRDA:63,4,1,0
BRDA:63,5,0,0
BRDA:63,5,1,0
BRDA:79,6,0,0
BRDA:79,6,1,0
BRDA:80,7,0,0
BRDA:80,7,1,0
BRDA:81,8,0,0
BRDA:81,8,1,0
BRDA:95,9,0,0
BRDA:95,9,1,0
BRDA:96,10,0,0
BRDA:96,10,1,0
BRDA:107,11,0,0
BRDA:107,11,1,0
BRDA:107,11,2,0
BRDA:122,12,0,0
BRDA:122,12,1,0
BRDA:141,13,0,0
BRDA:141,13,1,0
BRF:26
BRH:0
end_of_record
TN:
SF:components/explore/GymMap.tsx
FN:23,GymMap
FN:37,(anonymous_1)
FN:38,(anonymous_2)
FN:57,(anonymous_3)
FN:63,(anonymous_4)
FN:69,(anonymous_5)
FN:77,(anonymous_6)
FN:99,(anonymous_7)
FN:103,(anonymous_8)
FNF:9
FNH:0
FNDA:0,GymMap
FNDA:0,(anonymous_1)
FNDA:0,(anonymous_2)
FNDA:0,(anonymous_3)
FNDA:0,(anonymous_4)
FNDA:0,(anonymous_5)
FNDA:0,(anonymous_6)
FNDA:0,(anonymous_7)
FNDA:0,(anonymous_8)
DA:31,0
DA:32,0
DA:33,0
DA:34,0
DA:37,0
DA:38,0
DA:39,0
DA:40,0
DA:41,0
DA:42,0
DA:51,0
DA:55,0
DA:57,0
DA:58,0
DA:59,0
DA:63,0
DA:64,0
DA:65,0
DA:66,0
DA:69,0
DA:70,0
DA:71,0
DA:72,0
DA:73,0
DA:77,0
DA:78,0
DA:79,0
DA:80,0
DA:88,0
DA:100,0
DA:103,0
DA:132,0
LF:32
LH:0
BRDA:40,0,0,0
BRDA:40,0,1,0
BRDA:51,1,0,0
BRDA:51,1,1,0
BRDA:55,2,0,0
BRDA:55,2,1,0
BRDA:58,3,0,0
BRDA:58,3,1,0
BRDA:58,4,0,0
BRDA:58,4,1,0
BRDA:58,4,2,0
BRDA:71,5,0,0
BRDA:71,5,1,0
BRDA:71,6,0,0
BRDA:71,6,1,0
BRDA:79,7,0,0
BRDA:79,7,1,0
BRDA:79,8,0,0
BRDA:79,8,1,0
BRDA:94,9,0,0
BRDA:94,9,1,0
BRDA:115,10,0,0
BRDA:115,10,1,0
BRDA:115,10,2,0
BRDA:123,11,0,0
BRDA:123,11,1,0
BRF:26
BRH:0
end_of_record
TN:
SF:components/explore/GymMapPin.tsx
FN:21,(anonymous_0)
FN:31,(anonymous_1)
FN:38,(anonymous_2)
FN:45,(anonymous_3)
FNF:4
FNH:0
FNDA:0,(anonymous_0)
FNDA:0,(anonymous_1)
FNDA:0,(anonymous_2)
FNDA:0,(anonymous_3)
DA:21,0
DA:29,0
DA:31,0
DA:32,0
DA:38,0
DA:42,0
DA:45,0
DA:86,0
LF:8
LH:0
BRDA:29,0,0,0
BRDA:29,0,1,0
BRDA:32,1,0,0
BRDA:32,1,1,0
BRDA:52,2,0,0
BRDA:52,2,1,0
BRDA:60,3,0,0
BRDA:60,3,1,0
BRDA:66,4,0,0
BRDA:66,4,1,0
BRDA:77,5,0,0
BRDA:77,5,1,0
BRF:12
BRH:0
end_of_record
TN:
SF:components/explore/GymPreviewSheet.tsx
FN:47,(anonymous_0)
FN:56,(anonymous_1)
FN:61,(anonymous_2)
FN:141,(anonymous_3)
FNF:4
FNH:0
FNDA:0,(anonymous_0)
FNDA:0,(anonymous_1)
FNDA:0,(anonymous_2)
FNDA:0,(anonymous_3)
DA:47,0
DA:52,0
DA:54,0
DA:56,0
DA:57,0
DA:58,0
DA:61,0
DA:62,0
DA:65,0
DA:142,0
DA:171,0
DA:173,0
LF:12
LH:0
BRDA:54,0,0,0
BRDA:54,0,1,0
BRDA:85,1,0,0
BRDA:85,1,1,0
BRDA:87,2,0,0
BRDA:87,2,1,0
BRDA:92,3,0,0
BRDA:92,3,1,0
BRDA:149,4,0,0
BRDA:149,4,1,0
BRF:10
BRH:0
end_of_record
TN:
SF:components/explore/HeroSection.tsx
FN:27,HeroSection
FN:55,(anonymous_1)
FN:69,(anonymous_2)
FNF:3
FNH:0
FNDA:0,HeroSection
FNDA:0,(anonymous_1)
FNDA:0,(anonymous_2)
DA:17,0
DA:34,0
DA:36,0
DA:56,0
DA:57,0
DA:70,0
DA:71,0
DA:85,0
LF:8
LH:0
BRDA:34,0,0,0
BRDA:34,0,1,0
BRDA:66,1,0,0
BRDA:66,1,1,0
BRDA:66,1,2,0
BRF:5
BRH:0
end_of_record
TN:
SF:components/explore/MapPreviewCard.tsx
FN:29,MapPreviewCard
FN:39,(anonymous_1)
FN:44,(anonymous_2)
FNF:3
FNH:0
FNDA:0,MapPreviewCard
FNDA:0,(anonymous_1)
FNDA:0,(anonymous_2)
DA:17,0
DA:18,0
DA:37,0
DA:39,0
DA:40,0
DA:41,0
DA:44,0
DA:45,0
DA:46,0
DA:49,0
DA:131,0
LF:11
LH:0
BRDA:34,0,0,0
BRDA:64,1,0,0
BRDA:64,1,1,0
BRDA:77,2,0,0
BRDA:77,2,1,0
BRDA:81,3,0,0
BRDA:81,3,1,0
BRDA:82,4,0,0
BRDA:82,4,1,0
BRDA:107,5,0,0
BRDA:107,5,1,0
BRF:11
BRH:0
end_of_record
TN:
SF:components/explore/PhotoCarousel.tsx
FN:25,PhotoCarousel
FN:38,(anonymous_1)
FN:48,(anonymous_2)
FN:49,(anonymous_3)
FN:53,(anonymous_4)
FN:59,(anonymous_5)
FN:71,(anonymous_6)
FN:94,(anonymous_7)
FN:100,(anonymous_8)
FN:109,(anonymous_9)
FNF:10
FNH:0
FNDA:0,PhotoCarousel
FNDA:0,(anonymous_1)
FNDA:0,(anonymous_2)
FNDA:0,(anonymous_3)
FNDA:0,(anonymous_4)
FNDA:0,(anonymous_5)
FNDA:0,(anonymous_6)
FNDA:0,(anonymous_7)
FNDA:0,(anonymous_8)
FNDA:0,(anonymous_9)
DA:14,0
DA:33,0
DA:34,0
DA:35,0
DA:37,0
DA:39,0
DA:40,0
DA:46,0
DA:48,0
DA:49,0
DA:52,0
DA:54,0
DA:56,0
DA:59,0
DA:71,0
DA:80,0
DA:81,0
DA:88,0
DA:94,0
DA:100,0
DA:110,0
DA:124,0
LF:22
LH:0
BRDA:27,0,0,0
BRDA:28,1,0,0
BRDA:29,2,0,0
BRDA:30,3,0,0
BRDA:39,4,0,0
BRDA:39,4,1,0
BRDA:39,5,0,0
BRDA:39,5,1,0
BRDA:62,6,0,0
BRDA:62,6,1,0
BRDA:69,7,0,0
BRDA:69,7,1,0
BRDA:80,8,0,0
BRDA:80,8,1,0
BRDA:107,9,0,0
BRDA:107,9,1,0
BRDA:107,9,2,0
BRDA:114,10,0,0
BRDA:114,10,1,0
BRF:19
BRH:0
end_of_record
TN:
SF:components/explore/PriceBubbleMarker.tsx
FN:23,PriceBubbleMarker
FN:30,(anonymous_1)
FN:79,ClusterMarker
FNF:3
FNH:0
FNDA:0,PriceBubbleMarker
FNDA:0,(anonymous_1)
FNDA:0,ClusterMarker
DA:30,0
DA:34,0
DA:80,0
DA:87,0
LF:4
LH:0
BRDA:26,0,0,0
BRDA:27,1,0,0
BRDA:31,2,0,0
BRDA:31,2,1,0
BRDA:39,3,0,0
BRDA:39,3,1,0
BRDA:40,4,0,0
BRDA:40,4,1,0
BRDA:47,5,0,0
BRDA:47,5,1,0
BRDA:48,6,0,0
BRDA:48,6,1,0
BRDA:58,7,0,0
BRDA:58,7,1,0
BRDA:59,8,0,0
BRDA:59,8,1,0
BRDA:64,9,0,0
BRDA:64,9,1,0
BRDA:64,9,2,0
BRDA:82,10,0,0
BRDA:82,10,1,0
BRF:21
BRH:0
end_of_record
TN:
SF:components/explore/ViewToggleFAB.tsx
FN:17,ViewToggleFAB
FNF:1
FNH:0
FNDA:0,ViewToggleFAB
DA:18,0
DA:34,0
LF:2
LH:0
BRDA:25,0,0,0
BRDA:25,0,1,0
BRDA:28,1,0,0
BRDA:28,1,1,0
BRF:4
BRH:0
end_of_record
TN:
SF:components/gamification/BadgeGrid.tsx
FN:10,(anonymous_0)
FN:13,(anonymous_1)
FN:59,(anonymous_2)
FN:60,(anonymous_3)
FNF:4
FNH:0
FNDA:0,(anonymous_0)
FNDA:0,(anonymous_1)
FNDA:0,(anonymous_2)
FNDA:0,(anonymous_3)
DA:10,0
DA:11,0
DA:13,0
DA:14,0
DA:16,0
DA:43,0
DA:50,0
DA:60,0
DA:61,0
DA:63,0
DA:76,0
LF:11
LH:0
BRDA:19,0,0,0
BRDA:19,0,1,0
BRDA:23,1,0,0
BRDA:23,1,1,0
BRDA:29,2,0,0
BRDA:29,2,1,0
BRDA:32,3,0,0
BRDA:32,3,1,0
BRDA:36,4,0,0
BRDA:36,4,1,0
BRDA:61,5,0,0
BRDA:61,5,1,0
BRF:12
BRH:0
end_of_record
TN:
SF:components/gamification/LevelProgress.tsx
FN:16,(anonymous_0)
FN:24,(anonymous_1)
FN:28,(anonymous_2)
FN:57,(anonymous_3)
FNF:4
FNH:0
FNDA:0,(anonymous_0)
FNDA:0,(anonymous_1)
FNDA:0,(anonymous_2)
FNDA:0,(anonymous_3)
DA:16,0
DA:17,0
DA:19,0
DA:20,0
DA:22,0
DA:24,0
DA:25,0
DA:28,0
DA:32,0
DA:58,0
DA:68,0
LF:11
LH:0
BRF:0
BRH:0
end_of_record
TN:
SF:components/gym/BusyTimesGraph.tsx
FN:39,BusyTimesGraph
FN:47,(anonymous_1)
FN:53,(anonymous_2)
FN:59,(anonymous_3)
FN:60,(anonymous_4)
FN:64,(anonymous_5)
FN:102,(anonymous_6)
FNF:7
FNH:0
FNDA:0,BusyTimesGraph
FNDA:0,(anonymous_1)
FNDA:0,(anonymous_2)
FNDA:0,(anonymous_3)
FNDA:0,(anonymous_4)
FNDA:0,(anonymous_5)
FNDA:0,(anonymous_6)
DA:27,0
DA:45,0
DA:47,0
DA:48,0
DA:49,0
DA:50,0
DA:53,0
DA:54,0
DA:55,0
DA:56,0
DA:59,0
DA:60,0
DA:61,0
DA:64,0
DA:65,0
DA:67,0
DA:103,0
DA:104,0
DA:105,0
DA:107,0
DA:157,0
LF:21
LH:0
BRDA:40,0,0,0
BRDA:41,1,0,0
BRDA:42,2,0,0
BRDA:48,3,0,0
BRDA:48,3,1,0
BRDA:49,4,0,0
BRDA:49,4,1,0
BRDA:50,5,0,0
BRDA:50,5,1,0
BRDA:54,6,0,0
BRDA:54,6,1,0
BRDA:55,7,0,0
BRDA:55,7,1,0
BRDA:61,8,0,0
BRDA:61,8,1,0
BRDA:70,9,0,0
BRDA:70,9,1,0
BRDA:83,10,0,0
BRDA:83,10,1,0
BRDA:85,11,0,0
BRDA:85,11,1,0
BRDA:119,12,0,0
BRDA:119,12,1,0
BRDA:127,13,0,0
BRDA:127,13,1,0
BRDA:128,14,0,0
BRDA:128,14,1,0
BRF:27
BRH:0
end_of_record
TN:
SF:components/gym/FullScreenGallery.tsx
FN:26,FullScreenGallery
FN:36,(anonymous_1)
FN:41,(anonymous_2)
FN:46,(anonymous_3)
FN:52,(anonymous_4)
FN:55,(anonymous_5)
FN:77,(anonymous_6)
FN:91,(anonymous_7)
FN:100,(anonymous_8)
FN:106,(anonymous_9)
FN:117,(anonymous_10)
FNF:11
FNH:0
FNDA:0,FullScreenGallery
FNDA:0,(anonymous_1)
FNDA:0,(anonymous_2)
FNDA:0,(anonymous_3)
FNDA:0,(anonymous_4)
FNDA:0,(anonymous_5)
FNDA:0,(anonymous_6)
FNDA:0,(anonymous_7)
FNDA:0,(anonymous_8)
FNDA:0,(anonymous_9)
FNDA:0,(anonymous_10)
DA:16,0
DA:33,0
DA:34,0
DA:36,0
DA:37,0
DA:38,0
DA:41,0
DA:42,0
DA:43,0
DA:46,0
DA:47,0
DA:52,0
DA:53,0
DA:56,0
DA:57,0
DA:64,0
DA:78,0
DA:79,0
DA:91,0
DA:100,0
DA:106,0
DA:118,0
DA:129,0
LF:23
LH:0
BRDA:29,0,0,0
BRDA:86,1,0,0
BRDA:86,1,1,0
BRDA:115,2,0,0
BRDA:115,2,1,0
BRDA:115,2,2,0
BRDA:115,2,3,0
BRF:7
BRH:0
end_of_record
TN:
SF:components/gym/GymOwnerProfile.tsx
FN:32,GymOwnerProfile
FN:39,(anonymous_1)
FN:44,(anonymous_2)
FN:49,(anonymous_3)
FNF:4
FNH:0
FNDA:0,GymOwnerProfile
FNDA:0,(anonymous_1)
FNDA:0,(anonymous_2)
FNDA:0,(anonymous_3)
DA:37,0
DA:39,0
DA:40,0
DA:41,0
DA:44,0
DA:45,0
DA:46,0
DA:49,0
DA:50,0
DA:51,0
DA:52,0
DA:55,0
DA:142,0
LF:13
LH:0
BRDA:50,0,0,0
BRDA:50,0,1,0
BRDA:51,1,0,0
BRDA:51,1,1,0
BRDA:67,2,0,0
BRDA:67,2,1,0
BRDA:70,3,0,0
BRDA:70,3,1,0
BRDA:80,4,0,0
BRDA:80,4,1,0
BRDA:87,5,0,0
BRDA:87,5,1,0
BRDA:90,6,0,0
BRDA:90,6,1,0
BRDA:102,7,0,0
BRDA:102,7,1,0
BRDA:110,8,0,0
BRDA:110,8,1,0
BRDA:118,9,0,0
BRDA:118,9,1,0
BRDA:118,9,2,0
BRDA:127,10,0,0
BRDA:127,10,1,0
BRF:23
BRH:0
end_of_record
TN:
SF:components/gym/RatingBreakdown.tsx
FN:26,RatingBreakdown
FN:48,(anonymous_1)
FN:62,(anonymous_2)
FN:83,(anonymous_3)
FNF:4
FNH:0
FNDA:0,RatingBreakdown
FNDA:0,(anonymous_1)
FNDA:0,(anonymous_2)
FNDA:0,(anonymous_3)
DA:32,0
DA:34,0
DA:42,0
DA:49,0
DA:63,0
DA:84,0
DA:100,0
LF:7
LH:0
BRDA:52,0,0,0
BRDA:52,0,1,0
BRDA:53,1,0,0
BRDA:53,1,1,0
BRDA:70,2,0,0
BRDA:70,2,1,0
BRDA:80,3,0,0
BRDA:80,3,1,0
BRF:8
BRH:0
end_of_record
TN:
SF:components/gym/ReviewCard.tsx
FN:20,ReviewCard
FN:21,(anonymous_1)
FN:43,(anonymous_2)
FN:63,(anonymous_3)
FN:84,(anonymous_4)
FNF:5
FNH:0
FNDA:0,ReviewCard
FNDA:0,(anonymous_1)
FNDA:0,(anonymous_2)
FNDA:0,(anonymous_3)
FNDA:0,(anonymous_4)
DA:21,0
DA:22,0
DA:23,0
DA:24,0
DA:25,0
DA:26,0
DA:27,0
DA:28,0
DA:29,0
DA:32,0
DA:44,0
DA:64,0
DA:85,0
DA:86,0
DA:97,0
LF:15
LH:0
BRDA:25,0,0,0
BRDA:25,0,1,0
BRDA:26,1,0,0
BRDA:26,1,1,0
BRDA:27,2,0,0
BRDA:27,2,1,0
BRDA:28,3,0,0
BRDA:28,3,1,0
BRDA:37,4,0,0
BRDA:37,4,1,0
BRDA:47,5,0,0
BRDA:47,5,1,0
BRDA:48,6,0,0
BRDA:48,6,1,0
BRDA:57,7,0,0
BRDA:57,7,1,0
BRDA:61,8,0,0
BRDA:61,8,1,0
BRDA:61,8,2,0
BRDA:70,9,0,0
BRDA:70,9,1,0
BRF:21
BRH:0
end_of_record
TN:
SF:components/gym/ReviewSummary.tsx
FN:34,ReviewSummary
FN:45,(anonymous_1)
FN:46,(anonymous_2)
FN:81,(anonymous_3)
FN:123,(anonymous_4)
FN:130,(anonymous_5)
FN:145,(anonymous_6)
FNF:7
FNH:0
FNDA:0,ReviewSummary
FNDA:0,(anonymous_1)
FNDA:0,(anonymous_2)
FNDA:0,(anonymous_3)
FNDA:0,(anonymous_4)
FNDA:0,(anonymous_5)
FNDA:0,(anonymous_6)
DA:43,0
DA:45,0
DA:46,0
DA:48,0
DA:49,0
DA:66,0
DA:68,0
DA:81,0
DA:124,0
DA:131,0
DA:145,0
DA:156,0
LF:12
LH:0
BRDA:36,0,0,0
BRDA:37,1,0,0
BRDA:38,2,0,0
BRDA:39,3,0,0
BRDA:48,4,0,0
BRDA:48,4,1,0
BRDA:66,5,0,0
BRDA:66,5,1,0
BRDA:66,6,0,0
BRDA:66,6,1,0
BRDA:71,7,0,0
BRDA:71,7,1,0
BRDA:79,8,0,0
BRDA:79,8,1,0
BRDA:91,9,0,0
BRDA:91,9,1,0
BRDA:99,10,0,0
BRDA:99,10,1,0
BRDA:99,10,2,0
BRDA:107,11,0,0
BRDA:107,11,1,0
BRDA:119,12,0,0
BRDA:119,12,1,0
BRDA:119,12,2,0
BRDA:127,13,0,0
BRDA:127,13,1,0
BRDA:134,14,0,0
BRDA:134,14,1,0
BRDA:142,15,0,0
BRDA:142,15,1,0
BRF:30
BRH:0
end_of_record
TN:
SF:components/gym/ReviewsList.tsx
FN:49,ReviewsList
FN:64,(anonymous_1)
FN:68,(anonymous_2)
FN:70,(anonymous_3)
FN:74,(anonymous_4)
FN:75,(anonymous_5)
FN:76,(anonymous_6)
FN:77,(anonymous_7)
FN:78,(anonymous_8)
FN:83,(anonymous_9)
FN:89,(anonymous_10)
FN:90,(anonymous_11)
FN:93,(anonymous_12)
FN:99,(anonymous_13)
FN:108,(anonymous_14)
FN:115,(anonymous_15)
FN:124,(anonymous_16)
FN:132,(anonymous_17)
FN:136,(anonymous_18)
FN:151,(anonymous_19)
FN:165,(anonymous_20)
FN:166,(anonymous_21)
FN:172,(anonymous_22)
FN:173,(anonymous_23)
FNF:24
FNH:0
FNDA:0,ReviewsList
FNDA:0,(anonymous_1)
FNDA:0,(anonymous_2)
FNDA:0,(anonymous_3)
FNDA:0,(anonymous_4)
FNDA:0,(anonymous_5)
FNDA:0,(anonymous_6)
FNDA:0,(anonymous_7)
FNDA:0,(anonymous_8)
FNDA:0,(anonymous_9)
FNDA:0,(anonymous_10)
FNDA:0,(anonymous_11)
FNDA:0,(anonymous_12)
FNDA:0,(anonymous_13)
FNDA:0,(anonymous_14)
FNDA:0,(anonymous_15)
FNDA:0,(anonymous_16)
FNDA:0,(anonymous_17)
FNDA:0,(anonymous_18)
FNDA:0,(anonymous_19)
FNDA:0,(anonymous_20)
FNDA:0,(anonymous_21)
FNDA:0,(anonymous_22)
FNDA:0,(anonymous_23)
DA:31,0
DA:39,0
DA:58,0
DA:59,0
DA:60,0
DA:61,0
DA:62,0
DA:64,0
DA:65,0
DA:66,0
DA:67,0
DA:68,0
DA:70,0
DA:73,0
DA:74,0
DA:75,0
DA:76,0
DA:77,0
DA:78,0
DA:80,0
DA:83,0
DA:84,0
DA:89,0
DA:90,0
DA:93,0
DA:99,0
DA:108,0
DA:109,0
DA:115,0
DA:116,0
DA:117,0
DA:124,0
DA:125,0
DA:133,0
DA:136,0
DA:148,0
DA:149,0
DA:152,0
DA:161,0
DA:165,0
DA:166,0
DA:172,0
DA:173,0
DA:178,0
LF:44
LH:0
BRDA:52,0,0,0
BRDA:55,1,0,0
BRDA:66,2,0,0
BRDA:66,2,1,0
BRDA:67,3,0,0
BRDA:67,3,1,0
BRDA:68,4,0,0
BRDA:68,4,1,0
BRDA:73,5,0,0
BRDA:73,5,1,0
BRDA:73,5,2,0
BRDA:73,5,3,0
BRDA:73,5,4,0
BRDA:98,6,0,0
BRDA:98,6,1,0
BRDA:102,7,0,0
BRDA:102,7,1,0
BRDA:116,8,0,0
BRDA:116,8,1,0
BRDA:135,9,0,0
BRDA:135,9,1,0
BRDA:138,10,0,0
BRDA:138,10,1,0
BRDA:141,11,0,0
BRDA:141,11,1,0
BRDA:148,12,0,0
BRDA:148,12,1,0
BRDA:162,13,0,0
BRDA:162,13,1,0
BRF:29
BRH:0
end_of_record
TN:
SF:components/gym/SimilarGyms.tsx
FN:30,SimilarGyms
FN:41,(anonymous_1)
FN:53,(anonymous_2)
FN:80,(anonymous_3)
FN:96,(anonymous_4)
FN:100,(anonymous_5)
FNF:6
FNH:0
FNDA:0,SimilarGyms
FNDA:0,(anonymous_1)
FNDA:0,(anonymous_2)
FNDA:0,(anonymous_3)
FNDA:0,(anonymous_4)
FNDA:0,(anonymous_5)
DA:17,0
DA:18,0
DA:39,0
DA:41,0
DA:42,0
DA:43,0
DA:46,0
DA:47,0
DA:54,0
DA:67,0
DA:69,0
DA:80,0
DA:97,0
DA:100,0
DA:145,0
LF:15
LH:0
BRDA:32,0,0,0
BRDA:36,1,0,0
BRDA:46,2,0,0
BRDA:46,2,1,0
BRDA:67,3,0,0
BRDA:67,3,1,0
BRDA:70,4,0,0
BRDA:70,4,1,0
BRDA:75,5,0,0
BRDA:75,5,1,0
BRDA:77,6,0,0
BRDA:77,6,1,0
BRDA:105,7,0,0
BRDA:105,7,1,0
BRF:14
BRH:0
end_of_record
TN:
SF:components/gym/StickyBookingBar.tsx
FN:23,StickyBookingBar
FN:30,(anonymous_1)
FN:69,(anonymous_2)
FNF:3
FNH:0
FNDA:0,StickyBookingBar
FNDA:0,(anonymous_1)
FNDA:0,(anonymous_2)
DA:30,0
DA:31,0
DA:32,0
DA:46,0
DA:48,0
DA:70,0
DA:71,0
DA:86,0
LF:8
LH:0
BRDA:27,0,0,0
BRDA:31,1,0,0
BRDA:31,1,1,0
BRDA:46,2,0,0
BRDA:46,2,1,0
BRDA:59,3,0,0
BRDA:59,3,1,0
BRDA:68,4,0,0
BRDA:68,4,1,0
BRDA:77,5,0,0
BRDA:77,5,1,0
BRF:11
BRH:0
end_of_record
TN:
SF:components/profile/Achievements.tsx
FN:40,Achievements
FN:41,(anonymous_1)
FN:52,(anonymous_2)
FN:75,(anonymous_3)
FNF:4
FNH:0
FNDA:0,Achievements
FNDA:0,(anonymous_1)
FNDA:0,(anonymous_2)
FNDA:0,(anonymous_3)
DA:30,0
DA:41,0
DA:42,0
DA:44,0
DA:53,0
DA:54,0
DA:75,0
DA:83,0
LF:8
LH:0
BRDA:55,0,0,0
BRDA:55,0,1,0
BRDA:56,1,0,0
BRDA:56,1,1,0
BRDA:59,2,0,0
BRDA:59,2,1,0
BRDA:62,3,0,0
BRDA:62,3,1,0
BRDA:65,4,0,0
BRDA:65,4,1,0
BRDA:65,4,2,0
BRDA:67,5,0,0
BRDA:67,5,1,0
BRF:13
BRH:0
end_of_record
TN:
SF:components/profile/GymPassport.tsx
FN:20,GymPassport
FN:32,(anonymous_1)
FNF:2
FNH:0
FNDA:0,GymPassport
FNDA:0,(anonymous_1)
DA:21,0
DA:28,0
DA:33,0
DA:46,0
LF:4
LH:0
BRF:0
BRH:0
end_of_record
TN:
SF:components/profile/ProfileHeader.tsx
FN:23,ProfileHeader
FN:31,(anonymous_1)
FN:40,(anonymous_2)
FN:67,(anonymous_3)
FNF:4
FNH:0
FNDA:0,ProfileHeader
FNDA:0,(anonymous_1)
FNDA:0,(anonymous_2)
FNDA:0,(anonymous_3)
DA:31,0
DA:32,0
DA:35,0
DA:41,0
DA:42,0
DA:68,0
DA:69,0
DA:79,0
LF:8
LH:0
BRDA:45,0,0,0
BRDA:45,0,1,0
BRF:2
BRH:0
end_of_record
TN:
SF:components/profile/ProfileMenuSection.tsx
FN:28,ProfileMenuSection
FN:33,(anonymous_1)
FN:41,(anonymous_2)
FNF:3
FNH:0
FNDA:0,ProfileMenuSection
FNDA:0,(anonymous_1)
FNDA:0,(anonymous_2)
DA:29,0
DA:34,0
DA:42,0
DA:43,0
DA:70,0
LF:5
LH:0
BRDA:31,0,0,0
BRDA:31,0,1,0
BRDA:38,1,0,0
BRDA:38,1,1,0
BRDA:39,2,0,0
BRDA:39,2,1,0
BRDA:46,3,0,0
BRDA:46,3,1,0
BRDA:49,4,0,0
BRDA:49,4,1,0
BRDA:52,5,0,0
BRDA:52,5,1,0
BRDA:56,6,0,0
BRDA:56,6,1,0
BRF:14
BRH:0
end_of_record
TN:
SF:components/providers/StripeProvider.tsx
FN:14,StripeProvider
FNF:1
FNH:0
FNDA:0,StripeProvider
DA:4,0
DA:17,0
DA:18,0
DA:22,0
DA:25,0
LF:5
LH:0
BRDA:17,0,0,0
BRDA:17,0,1,0
BRF:2
BRH:0
end_of_record
TN:
SF:components/search/FilterBottomSheet.tsx
FN:53,FilterBottomSheet
FN:58,(anonymous_1)
FN:63,(anonymous_2)
FN:69,(anonymous_3)
FN:71,(anonymous_4)
FN:74,(anonymous_5)
FN:108,(anonymous_6)
FN:109,(anonymous_7)
FN:129,(anonymous_8)
FN:130,(anonymous_9)
FN:145,(anonymous_10)
FN:149,(anonymous_11)
FN:149,(anonymous_12)
FN:163,(anonymous_13)
FN:167,(anonymous_14)
FNF:15
FNH:0
FNDA:0,FilterBottomSheet
FNDA:0,(anonymous_1)
FNDA:0,(anonymous_2)
FNDA:0,(anonymous_3)
FNDA:0,(anonymous_4)
FNDA:0,(anonymous_5)
FNDA:0,(anonymous_6)
FNDA:0,(anonymous_7)
FNDA:0,(anonymous_8)
FNDA:0,(anonymous_9)
FNDA:0,(anonymous_10)
FNDA:0,(anonymous_11)
FNDA:0,(anonymous_12)
FNDA:0,(anonymous_13)
FNDA:0,(anonymous_14)
DA:34,0
DA:45,0
DA:56,0
DA:58,0
DA:59,0
DA:60,0
DA:63,0
DA:64,0
DA:65,0
DA:66,0
DA:69,0
DA:70,0
DA:71,0
DA:74,0
DA:79,0
DA:109,0
DA:130,0
DA:146,0
DA:149,0
DA:164,0
DA:167,0
DA:191,0
LF:22
LH:0
BRDA:73,0,0,0
BRDA:73,0,1,0
BRDA:148,1,0,0
BRDA:148,1,1,0
BRDA:151,2,0,0
BRDA:151,2,1,0
BRDA:152,3,0,0
BRDA:152,3,1,0
BRDA:166,4,0,0
BRDA:166,4,1,0
BRDA:169,5,0,0
BRDA:169,5,1,0
BRDA:182,6,0,0
BRDA:182,6,1,0
BRF:14
BRH:0
end_of_record
TN:
SF:components/search/FilterCarousel.tsx
FN:24,FilterCarousel
FN:44,(anonymous_1)
FN:55,(anonymous_2)
FN:66,(anonymous_3)
FNF:4
FNH:0
FNDA:0,FilterCarousel
FNDA:0,(anonymous_1)
FNDA:0,(anonymous_2)
FNDA:0,(anonymous_3)
DA:30,0
DA:32,0
DA:45,0
DA:46,0
DA:56,0
DA:57,0
DA:59,0
DA:67,0
DA:68,0
DA:107,0
LF:10
LH:0
BRDA:41,0,0,0
BRDA:41,0,1,0
BRDA:64,1,0,0
BRDA:64,1,1,0
BRDA:74,2,0,0
BRDA:74,2,1,0
BRDA:80,3,0,0
BRDA:80,3,1,0
BRDA:91,4,0,0
BRDA:91,4,1,0
BRDA:96,5,0,0
BRDA:96,5,1,0
BRDA:98,6,0,0
BRDA:98,6,1,0
BRF:14
BRH:0
end_of_record
TN:
SF:components/search/GymTypePicker.tsx
FN:38,GymTypePicker
FN:39,(anonymous_1)
FN:42,(anonymous_2)
FN:55,(anonymous_3)
FN:62,(anonymous_4)
FN:84,(anonymous_5)
FNF:6
FNH:0
FNDA:0,GymTypePicker
FNDA:0,(anonymous_1)
FNDA:0,(anonymous_2)
FNDA:0,(anonymous_3)
FNDA:0,(anonymous_4)
FNDA:0,(anonymous_5)
DA:27,0
DA:39,0
DA:40,0
DA:41,0
DA:42,0
DA:44,0
DA:48,0
DA:56,0
DA:57,0
DA:58,0
DA:62,0
DA:84,0
DA:92,0
LF:13
LH:0
BRDA:41,0,0,0
BRDA:41,0,1,0
BRDA:61,1,0,0
BRDA:61,1,1,0
BRDA:65,2,0,0
BRDA:65,2,1,0
BRDA:68,3,0,0
BRDA:68,3,1,0
BRDA:71,4,0,0
BRDA:71,4,1,0
BRDA:74,5,0,0
BRDA:74,5,1,0
BRDA:83,6,0,0
BRDA:83,6,1,0
BRF:14
BRH:0
end_of_record
TN:
SF:components/search/LocationPicker.tsx
FN:33,LocationPicker
FN:39,(anonymous_1)
FN:43,(anonymous_2)
FN:49,(anonymous_3)
FN:65,(anonymous_4)
FN:84,(anonymous_5)
FN:88,(anonymous_6)
FN:106,(anonymous_7)
FN:110,(anonymous_8)
FNF:9
FNH:0
FNDA:0,LocationPicker
FNDA:0,(anonymous_1)
FNDA:0,(anonymous_2)
FNDA:0,(anonymous_3)
FNDA:0,(anonymous_4)
FNDA:0,(anonymous_5)
FNDA:0,(anonymous_6)
FNDA:0,(anonymous_7)
FNDA:0,(anonymous_8)
DA:26,0
DA:34,0
DA:35,0
DA:39,0
DA:40,0
DA:43,0
DA:44,0
DA:45,0
DA:46,0
DA:49,0
DA:50,0
DA:51,0
DA:52,0
DA:55,0
DA:66,0
DA:67,0
DA:85,0
DA:88,0
DA:107,0
DA:110,0
DA:128,0
LF:21
LH:0
BRDA:81,0,0,0
BRDA:81,0,1,0
BRDA:95,1,0,0
BRDA:95,1,1,0
BRDA:117,2,0,0
BRDA:117,2,1,0
BRF:6
BRH:0
end_of_record
TN:
SF:components/search/SearchDatePicker.tsx
FN:26,SearchDatePicker
FN:29,(anonymous_1)
FN:45,(anonymous_2)
FN:49,(anonymous_3)
FN:54,(anonymous_4)
FN:59,(anonymous_5)
FN:71,(anonymous_6)
FN:75,(anonymous_7)
FN:95,(anonymous_8)
FN:104,(anonymous_9)
FN:113,(anonymous_10)
FNF:11
FNH:0
FNDA:0,SearchDatePicker
FNDA:0,(anonymous_1)
FNDA:0,(anonymous_2)
FNDA:0,(anonymous_3)
FNDA:0,(anonymous_4)
FNDA:0,(anonymous_5)
FNDA:0,(anonymous_6)
FNDA:0,(anonymous_7)
FNDA:0,(anonymous_8)
FNDA:0,(anonymous_9)
FNDA:0,(anonymous_10)
DA:27,0
DA:29,0
DA:30,0
DA:31,0
DA:32,0
DA:33,0
DA:34,0
DA:35,0
DA:37,0
DA:45,0
DA:46,0
DA:49,0
DA:50,0
DA:51,0
DA:54,0
DA:55,0
DA:56,0
DA:59,0
DA:60,0
DA:61,0
DA:62,0
DA:65,0
DA:72,0
DA:75,0
DA:95,0
DA:104,0
DA:113,0
DA:125,0
LF:28
LH:0
BRDA:34,0,0,0
BRDA:34,0,1,0
BRDA:56,1,0,0
BRDA:56,1,1,0
BRDA:60,2,0,0
BRDA:60,2,1,0
BRDA:60,3,0,0
BRDA:60,3,1,0
BRDA:61,4,0,0
BRDA:61,4,1,0
BRDA:61,5,0,0
BRDA:61,5,1,0
BRDA:74,6,0,0
BRDA:74,6,1,0
BRDA:79,7,0,0
BRDA:79,7,1,0
BRDA:81,8,0,0
BRDA:81,8,1,0
BRDA:84,9,0,0
BRDA:84,9,1,0
BRDA:94,10,0,0
BRDA:94,10,1,0
BRDA:97,11,0,0
BRDA:97,11,1,0
BRDA:98,12,0,0
BRDA:98,12,1,0
BRDA:103,13,0,0
BRDA:103,13,1,0
BRDA:106,14,0,0
BRDA:106,14,1,0
BRDA:107,15,0,0
BRDA:107,15,1,0
BRDA:112,16,0,0
BRDA:112,16,1,0
BRDA:115,17,0,0
BRDA:115,17,1,0
BRDA:116,18,0,0
BRDA:116,18,1,0
BRF:38
BRH:0
end_of_record
TN:
SF:components/search/SearchSuggestions.tsx
FN:27,SearchSuggestions
FN:43,(anonymous_1)
FN:47,(anonymous_2)
FN:50,(anonymous_3)
FN:55,(anonymous_4)
FN:60,(anonymous_5)
FN:65,(anonymous_6)
FN:75,(anonymous_7)
FN:106,(anonymous_8)
FN:112,(anonymous_9)
FN:122,(anonymous_10)
FN:136,(anonymous_11)
FNF:12
FNH:0
FNDA:0,SearchSuggestions
FNDA:0,(anonymous_1)
FNDA:0,(anonymous_2)
FNDA:0,(anonymous_3)
FNDA:0,(anonymous_4)
FNDA:0,(anonymous_5)
FNDA:0,(anonymous_6)
FNDA:0,(anonymous_7)
FNDA:0,(anonymous_8)
FNDA:0,(anonymous_9)
FNDA:0,(anonymous_10)
FNDA:0,(anonymous_11)
DA:36,0
DA:37,0
DA:38,0
DA:40,0
DA:42,0
DA:43,0
DA:46,0
DA:47,0
DA:50,0
DA:51,0
DA:52,0
DA:55,0
DA:56,0
DA:57,0
DA:60,0
DA:61,0
DA:62,0
DA:65,0
DA:72,0
DA:75,0
DA:90,0
DA:107,0
DA:112,0
DA:123,0
DA:137,0
DA:160,0
LF:26
LH:0
BRDA:29,0,0,0
BRDA:33,1,0,0
BRDA:34,2,0,0
BRDA:40,3,0,0
BRDA:40,3,1,0
BRDA:43,4,0,0
BRDA:43,4,1,0
BRDA:47,5,0,0
BRDA:47,5,1,0
BRDA:57,6,0,0
BRDA:57,6,1,0
BRDA:62,7,0,0
BRDA:62,7,1,0
BRDA:81,8,0,0
BRDA:81,8,1,0
BRDA:82,9,0,0
BRDA:82,9,1,0
BRDA:98,10,0,0
BRDA:98,10,1,0
BRDA:119,11,0,0
BRDA:119,11,1,0
BRDA:119,11,2,0
BRDA:133,12,0,0
BRDA:133,12,1,0
BRDA:147,13,0,0
BRDA:147,13,1,0
BRF:26
BRH:0
end_of_record
TN:
SF:components/search/SearchTray.tsx
FN:34,SearchTray
FN:66,(anonymous_1)
FN:77,(anonymous_2)
FN:88,(anonymous_3)
FN:96,(anonymous_4)
FN:104,(anonymous_5)
FN:108,(anonymous_6)
FN:113,(anonymous_7)
FN:128,(anonymous_8)
FN:130,(anonymous_9)
FN:138,(anonymous_10)
FN:144,(anonymous_11)
FN:210,(anonymous_12)
FN:214,(anonymous_13)
FN:227,(anonymous_14)
FN:231,(anonymous_15)
FN:273,(anonymous_16)
FN:308,(anonymous_17)
FN:329,(anonymous_18)
FN:346,(anonymous_19)
FNF:20
FNH:0
FNDA:0,SearchTray
FNDA:0,(anonymous_1)
FNDA:0,(anonymous_2)
FNDA:0,(anonymous_3)
FNDA:0,(anonymous_4)
FNDA:0,(anonymous_5)
FNDA:0,(anonymous_6)
FNDA:0,(anonymous_7)
FNDA:0,(anonymous_8)
FNDA:0,(anonymous_9)
FNDA:0,(anonymous_10)
FNDA:0,(anonymous_11)
FNDA:0,(anonymous_12)
FNDA:0,(anonymous_13)
FNDA:0,(anonymous_14)
FNDA:0,(anonymous_15)
FNDA:0,(anonymous_16)
FNDA:0,(anonymous_17)
FNDA:0,(anonymous_18)
FNDA:0,(anonymous_19)
DA:35,0
DA:36,0
DA:37,0
DA:38,0
DA:51,0
DA:60,0
DA:62,0
DA:63,0
DA:66,0
DA:67,0
DA:68,0
DA:69,0
DA:70,0
DA:72,0
DA:77,0
DA:78,0
DA:80,0
DA:81,0
DA:82,0
DA:83,0
DA:84,0
DA:88,0
DA:89,0
DA:90,0
DA:91,0
DA:92,0
DA:96,0
DA:97,0
DA:98,0
DA:99,0
DA:100,0
DA:101,0
DA:104,0
DA:105,0
DA:108,0
DA:109,0
DA:110,0
DA:113,0
DA:115,0
DA:116,0
DA:117,0
DA:118,0
DA:119,0
DA:120,0
DA:121,0
DA:123,0
DA:124,0
DA:127,0
DA:129,0
DA:130,0
DA:132,0
DA:133,0
DA:138,0
DA:139,0
DA:141,0
DA:144,0
DA:172,0
DA:211,0
DA:214,0
DA:228,0
DA:231,0
DA:265,0
DA:266,0
DA:274,0
DA:275,0
DA:285,0
DA:287,0
DA:308,0
DA:325,0
DA:329,0
DA:346,0
DA:353,0
LF:72
LH:0
BRDA:68,0,0,0
BRDA:68,0,1,0
BRDA:78,1,0,0
BRDA:78,1,1,0
BRDA:78,2,0,0
BRDA:78,2,1,0
BRDA:80,3,0,0
BRDA:80,3,1,0
BRDA:89,4,0,0
BRDA:89,4,1,0
BRDA:116,5,0,0
BRDA:116,5,1,0
BRDA:117,6,0,0
BRDA:117,6,1,0
BRDA:118,7,0,0
BRDA:118,7,1,0
BRDA:129,8,0,0
BRDA:129,8,1,0
BRDA:139,9,0,0
BRDA:139,9,1,0
BRDA:139,9,2,0
BRDA:152,10,0,0
BRDA:152,10,1,0
BRDA:154,11,0,0
BRDA:154,11,1,0
BRDA:186,12,0,0
BRDA:186,12,1,0
BRDA:202,13,0,0
BRDA:202,13,1,0
BRDA:202,13,2,0
BRDA:224,14,0,0
BRDA:224,14,1,0
BRDA:265,15,0,0
BRDA:265,15,1,0
BRDA:285,16,0,0
BRDA:285,16,1,0
BRDA:300,17,0,0
BRDA:300,17,1,0
BRDA:303,18,0,0
BRDA:303,18,1,0
BRDA:312,19,0,0
BRDA:312,19,1,0
BRDA:317,20,0,0
BRDA:317,20,1,0
BRDA:329,21,0,0
BRDA:329,21,1,0
BRDA:330,22,0,0
BRDA:330,22,1,0
BRDA:335,23,0,0
BRDA:335,23,1,0
BRDA:336,24,0,0
BRDA:336,24,1,0
BRDA:337,25,0,0
BRDA:337,25,1,0
BRF:54
BRH:0
end_of_record
TN:
SF:components/search/StructuredSearchModal.tsx
FN:44,StructuredSearchModal
FN:61,(anonymous_1)
FN:70,(anonymous_2)
FN:80,(anonymous_3)
FN:87,(anonymous_4)
FN:91,(anonymous_5)
FN:97,(anonymous_6)
FN:97,(anonymous_7)
FN:104,(anonymous_8)
FN:104,(anonymous_9)
FN:111,(anonymous_10)
FN:111,(anonymous_11)
FN:117,(anonymous_12)
FN:139,(anonymous_13)
FNF:14
FNH:0
FNDA:0,StructuredSearchModal
FNDA:0,(anonymous_1)
FNDA:0,(anonymous_2)
FNDA:0,(anonymous_3)
FNDA:0,(anonymous_4)
FNDA:0,(anonymous_5)
FNDA:0,(anonymous_6)
FNDA:0,(anonymous_7)
FNDA:0,(anonymous_8)
FNDA:0,(anonymous_9)
FNDA:0,(anonymous_10)
FNDA:0,(anonymous_11)
FNDA:0,(anonymous_12)
FNDA:0,(anonymous_13)
DA:42,0
DA:50,0
DA:51,0
DA:57,0
DA:58,0
DA:59,0
DA:61,0
DA:62,0
DA:63,0
DA:64,0
DA:66,0
DA:70,0
DA:71,0
DA:72,0
DA:73,0
DA:74,0
DA:76,0
DA:80,0
DA:81,0
DA:82,0
DA:83,0
DA:87,0
DA:88,0
DA:91,0
DA:92,0
DA:94,0
DA:97,0
DA:101,0
DA:104,0
DA:108,0
DA:111,0
DA:117,0
DA:118,0
DA:119,0
DA:122,0
DA:124,0
DA:140,0
DA:178,0
LF:38
LH:0
BRDA:48,0,0,0
BRDA:63,1,0,0
BRDA:63,1,1,0
BRDA:72,2,0,0
BRDA:72,2,1,0
BRDA:82,3,0,0
BRDA:82,3,1,0
BRDA:92,4,0,0
BRDA:92,4,1,0
BRDA:92,4,2,0
BRDA:118,5,0,0
BRDA:118,5,1,0
BRDA:122,6,0,0
BRDA:122,6,1,0
BRDA:122,6,2,0
BRDA:130,7,0,0
BRDA:130,7,1,0
BRDA:144,8,0,0
BRDA:144,8,1,0
BRDA:145,9,0,0
BRDA:145,9,1,0
BRDA:152,10,0,0
BRDA:152,10,1,0
BRDA:163,11,0,0
BRDA:163,11,1,0
BRDA:169,12,0,0
BRDA:169,12,1,0
BRF:27
BRH:0
end_of_record
TN:
SF:components/trips/AddTripButton.tsx
FN:35,(anonymous_0)
FN:45,(anonymous_1)
FN:52,(anonymous_2)
FN:56,(anonymous_3)
FN:60,(anonymous_4)
FN:65,(anonymous_5)
FN:71,(anonymous_6)
FN:77,(anonymous_7)
FN:99,(anonymous_8)
FNF:9
FNH:0
FNDA:0,(anonymous_0)
FNDA:0,(anonymous_1)
FNDA:0,(anonymous_2)
FNDA:0,(anonymous_3)
FNDA:0,(anonymous_4)
FNDA:0,(anonymous_5)
FNDA:0,(anonymous_6)
FNDA:0,(anonymous_7)
FNDA:0,(anonymous_8)
DA:35,0
DA:36,0
DA:37,0
DA:38,0
DA:39,0
DA:40,0
DA:42,0
DA:43,0
DA:45,0
DA:52,0
DA:53,0
DA:56,0
DA:57,0
DA:60,0
DA:61,0
DA:62,0
DA:65,0
DA:66,0
DA:67,0
DA:68,0
DA:71,0
DA:72,0
DA:73,0
DA:74,0
DA:77,0
DA:78,0
DA:79,0
DA:80,0
DA:83,0
DA:84,0
DA:85,0
DA:88,0
DA:89,0
DA:91,0
DA:92,0
DA:93,0
DA:96,0
DA:99,0
DA:100,0
DA:102,0
DA:103,0
DA:105,0
DA:106,0
DA:107,0
DA:108,0
DA:111,0
DA:118,0
DA:131,0
DA:132,0
DA:135,0
DA:136,0
DA:137,0
DA:139,0
DA:140,0
DA:142,0
DA:146,0
DA:256,0
LF:57
LH:0
BRDA:78,0,0,0
BRDA:78,0,1,0
BRDA:83,1,0,0
BRDA:83,1,1,0
BRDA:83,2,0,0
BRDA:83,2,1,0
BRDA:91,3,0,0
BRDA:91,3,1,0
BRDA:100,4,0,0
BRDA:100,4,1,0
BRDA:106,5,0,0
BRDA:106,5,1,0
BRDA:131,6,0,0
BRDA:131,6,1,0
BRF:14
BRH:0
end_of_record
TN:
SF:components/trips/CalendarPermission.tsx
FN:16,(anonymous_0)
FN:23,(anonymous_1)
FN:27,(anonymous_2)
FN:40,(anonymous_3)
FN:69,(anonymous_4)
FNF:5
FNH:0
FNDA:0,(anonymous_0)
FNDA:0,(anonymous_1)
FNDA:0,(anonymous_2)
FNDA:0,(anonymous_3)
FNDA:0,(anonymous_4)
DA:16,0
DA:20,0
DA:21,0
DA:23,0
DA:24,0
DA:27,0
DA:28,0
DA:29,0
DA:30,0
DA:32,0
DA:33,0
DA:36,0
DA:40,0
DA:41,0
DA:42,0
DA:43,0
DA:44,0
DA:46,0
DA:47,0
DA:52,0
DA:54,0
DA:59,0
DA:62,0
DA:63,0
DA:65,0
DA:69,0
DA:70,0
DA:73,0
DA:74,0
DA:87,0
DA:88,0
DA:107,0
DA:146,0
LF:33
LH:0
BRDA:32,0,0,0
BRDA:32,0,1,0
BRDA:46,1,0,0
BRDA:46,1,1,0
BRDA:73,2,0,0
BRDA:73,2,1,0
BRDA:87,3,0,0
BRDA:87,3,1,0
BRF:8
BRH:0
end_of_record
TN:
SF:components/trips/TripCard.tsx
FN:26,(anonymous_0)
FN:38,(anonymous_1)
FN:42,(anonymous_2)
FN:57,(anonymous_3)
FN:69,(anonymous_4)
FNF:5
FNH:0
FNDA:0,(anonymous_0)
FNDA:0,(anonymous_1)
FNDA:0,(anonymous_2)
FNDA:0,(anonymous_3)
FNDA:0,(anonymous_4)
DA:26,0
DA:36,0
DA:38,0
DA:39,0
DA:42,0
DA:43,0
DA:44,0
DA:46,0
DA:47,0
DA:48,0
DA:49,0
DA:51,0
DA:52,0
DA:54,0
DA:57,0
DA:58,0
DA:59,0
DA:60,0
DA:61,0
DA:63,0
DA:64,0
DA:65,0
DA:66,0
DA:69,0
DA:70,0
DA:71,0
DA:73,0
DA:74,0
DA:75,0
DA:76,0
DA:79,0
DA:82,0
DA:127,0
LF:33
LH:0
BRDA:34,0,0,0
BRDA:51,1,0,0
BRDA:51,1,1,0
BRDA:63,2,0,0
BRDA:63,2,1,0
BRDA:64,3,0,0
BRDA:64,3,1,0
BRDA:65,4,0,0
BRDA:65,4,1,0
BRDA:70,5,0,0
BRDA:70,5,1,0
BRDA:73,6,0,0
BRDA:73,6,1,0
BRDA:75,7,0,0
BRDA:75,7,1,0
BRDA:85,8,0,0
BRDA:85,8,1,0
BRDA:98,9,0,0
BRDA:98,9,1,0
BRDA:113,10,0,0
BRDA:113,10,1,0
BRF:21
BRH:0
end_of_record
TN:
SF:components/trips/TripGymList.tsx
FN:36,(anonymous_0)
FN:44,(anonymous_1)
FN:48,(anonymous_2)
FN:55,(anonymous_3)
FN:58,(anonymous_4)
FN:67,(anonymous_5)
FN:115,(anonymous_6)
FN:129,(anonymous_7)
FNF:8
FNH:0
FNDA:0,(anonymous_0)
FNDA:0,(anonymous_1)
FNDA:0,(anonymous_2)
FNDA:0,(anonymous_3)
FNDA:0,(anonymous_4)
FNDA:0,(anonymous_5)
FNDA:0,(anonymous_6)
FNDA:0,(anonymous_7)
DA:36,0
DA:42,0
DA:44,0
DA:45,0
DA:48,0
DA:49,0
DA:51,0
DA:55,0
DA:56,0
DA:58,0
DA:67,0
DA:115,0
DA:116,0
DA:125,0
DA:129,0
DA:137,0
LF:16
LH:0
BRDA:40,0,0,0
BRDA:49,1,0,0
BRDA:49,1,1,0
BRDA:64,2,0,0
BRDA:64,2,1,0
BRDA:79,3,0,0
BRDA:79,3,1,0
BRDA:103,4,0,0
BRDA:103,4,1,0
BRDA:131,5,0,0
BRDA:131,5,1,0
BRF:11
BRH:0
end_of_record
TN:
SF:components/ugc/SubmitPhoto.tsx
FN:27,(anonymous_0)
FN:34,(anonymous_1)
FN:46,(anonymous_2)
FN:59,(anonymous_3)
FN:68,(anonymous_4)
FN:92,(anonymous_5)
FN:93,(anonymous_6)
FN:96,(anonymous_7)
FN:180,(anonymous_8)
FN:203,(anonymous_9)
FN:208,(anonymous_10)
FNF:11
FNH:0
FNDA:0,(anonymous_0)
FNDA:0,(anonymous_1)
FNDA:0,(anonymous_2)
FNDA:0,(anonymous_3)
FNDA:0,(anonymous_4)
FNDA:0,(anonymous_5)
FNDA:0,(anonymous_6)
FNDA:0,(anonymous_7)
FNDA:0,(anonymous_8)
FNDA:0,(anonymous_9)
FNDA:0,(anonymous_10)
DA:27,0
DA:31,0
DA:32,0
DA:34,0
DA:35,0
DA:36,0
DA:37,0
DA:41,0
DA:43,0
DA:46,0
DA:47,0
DA:48,0
DA:50,0
DA:51,0
DA:58,0
DA:59,0
DA:60,0
DA:63,0
DA:64,0
DA:68,0
DA:69,0
DA:70,0
DA:71,0
DA:75,0
DA:78,0
DA:79,0
DA:83,0
DA:84,0
DA:87,0
DA:88,0
DA:92,0
DA:93,0
DA:96,0
DA:97,0
DA:98,0
DA:99,0
DA:102,0
DA:104,0
DA:106,0
DA:107,0
DA:108,0
DA:109,0
DA:112,0
DA:113,0
DA:115,0
DA:117,0
DA:122,0
DA:123,0
DA:126,0
DA:133,0
DA:134,0
DA:135,0
DA:139,0
DA:143,0
DA:146,0
DA:156,0
DA:157,0
DA:163,0
DA:164,0
DA:165,0
DA:168,0
DA:177,0
DA:180,0
DA:183,0
DA:184,0
DA:187,0
DA:188,0
DA:190,0
DA:194,0
DA:204,0
DA:208,0
DA:249,0
LF:72
LH:0
BRDA:36,0,0,0
BRDA:36,0,1,0
BRDA:48,1,0,0
BRDA:48,1,1,0
BRDA:58,2,0,0
BRDA:58,2,1,0
BRDA:70,3,0,0
BRDA:70,3,1,0
BRDA:83,4,0,0
BRDA:83,4,1,0
BRDA:97,5,0,0
BRDA:97,5,1,0
BRDA:107,6,0,0
BRDA:107,6,1,0
BRDA:122,7,0,0
BRDA:122,7,1,0
BRDA:133,8,0,0
BRDA:133,8,1,0
BRDA:156,9,0,0
BRDA:156,9,1,0
BRDA:179,10,0,0
BRDA:179,10,1,0
BRDA:183,11,0,0
BRDA:183,11,1,0
BRDA:201,12,0,0
BRDA:201,12,1,0
BRDA:233,13,0,0
BRDA:233,13,1,0
BRDA:235,14,0,0
BRDA:235,14,1,0
BRDA:235,15,0,0
BRDA:235,15,1,0
BRF:32
BRH:0
end_of_record
TN:
SF:components/ugc/SubmitReview.tsx
FN:23,(anonymous_0)
FN:31,(anonymous_1)
FN:108,(anonymous_2)
FN:124,(anonymous_3)
FN:127,(anonymous_4)
FN:130,(anonymous_5)
FNF:6
FNH:0
FNDA:0,(anonymous_0)
FNDA:0,(anonymous_1)
FNDA:0,(anonymous_2)
FNDA:0,(anonymous_3)
FNDA:0,(anonymous_4)
FNDA:0,(anonymous_5)
DA:23,0
DA:27,0
DA:28,0
DA:29,0
DA:31,0
DA:32,0
DA:33,0
DA:34,0
DA:37,0
DA:38,0
DA:42,0
DA:45,0
DA:47,0
DA:49,0
DA:50,0
DA:51,0
DA:52,0
DA:56,0
DA:66,0
DA:78,0
DA:80,0
DA:81,0
DA:82,0
DA:84,0
DA:88,0
DA:89,0
DA:90,0
DA:93,0
DA:100,0
DA:102,0
DA:109,0
DA:110,0
DA:111,0
DA:117,0
DA:118,0
DA:120,0
DA:124,0
DA:125,0
DA:128,0
DA:130,0
DA:144,0
DA:209,0
LF:42
LH:0
BRDA:32,0,0,0
BRDA:32,0,1,0
BRDA:37,1,0,0
BRDA:37,1,1,0
BRDA:50,2,0,0
BRDA:50,2,1,0
BRDA:71,3,0,0
BRDA:71,3,1,0
BRDA:78,4,0,0
BRDA:78,4,1,0
BRDA:80,5,0,0
BRDA:80,5,1,0
BRDA:134,6,0,0
BRDA:134,6,1,0
BRDA:135,7,0,0
BRDA:135,7,1,0
BRDA:154,8,0,0
BRDA:154,8,1,0
BRDA:156,9,0,0
BRDA:156,9,1,0
BRDA:157,10,0,0
BRDA:157,10,1,0
BRDA:158,11,0,0
BRDA:158,11,1,0
BRDA:159,12,0,0
BRDA:159,12,1,0
BRDA:160,13,0,0
BRDA:160,13,1,0
BRDA:202,14,0,0
BRDA:202,14,1,0
BRF:30
BRH:0
end_of_record
TN:
SF:components/ui/AccessibleTouchable.tsx
FN:21,AccessibleTouchable
FN:38,(anonymous_1)
FN:44,(anonymous_2)
FN:50,(anonymous_3)
FN:56,(anonymous_4)
FN:91,AccessibleIconButton
FN:124,SkipLink
FN:125,(anonymous_7)
FNF:8
FNH:0
FNDA:0,AccessibleTouchable
FNDA:0,(anonymous_1)
FNDA:0,(anonymous_2)
FNDA:0,(anonymous_3)
FNDA:0,(anonymous_4)
FNDA:0,AccessibleIconButton
FNDA:0,SkipLink
FNDA:0,(anonymous_7)
DA:32,0
DA:33,0
DA:36,0
DA:38,0
DA:39,0
DA:40,0
DA:44,0
DA:45,0
DA:46,0
DA:50,0
DA:51,0
DA:52,0
DA:53,0
DA:56,0
DA:57,0
DA:58,0
DA:59,0
DA:62,0
DA:100,0
DA:102,0
DA:125,0
DA:129,0
DA:141,0
LF:23
LH:0
BRDA:27,0,0,0
BRDA:28,1,0,0
BRDA:29,2,0,0
BRDA:39,3,0,0
BRDA:39,3,1,0
BRDA:39,4,0,0
BRDA:39,4,1,0
BRDA:39,4,2,0
BRDA:45,5,0,0
BRDA:45,5,1,0
BRDA:45,6,0,0
BRDA:45,6,1,0
BRDA:51,7,0,0
BRDA:51,7,1,0
BRDA:52,8,0,0
BRDA:52,8,1,0
BRDA:57,9,0,0
BRDA:57,9,1,0
BRDA:57,10,0,0
BRDA:57,10,1,0
BRDA:58,11,0,0
BRDA:58,11,1,0
BRDA:69,12,0,0
BRDA:69,12,1,0
BRDA:70,13,0,0
BRDA:70,13,1,0
BRDA:75,14,0,0
BRDA:75,14,1,0
BRDA:94,15,0,0
BRDA:96,16,0,0
BRDA:109,17,0,0
BRDA:109,17,1,0
BRDA:124,18,0,0
BRF:33
BRH:0
end_of_record
TN:
SF:components/ui/AnimatedComponents.tsx
FN:31,AnimatedHeart
FN:39,(anonymous_1)
FN:43,(anonymous_2)
FN:72,AnimatedButton
FN:74,(anonymous_4)
FN:82,(anonymous_5)
FN:83,(anonymous_6)
FN:90,PulsingDot
FN:94,(anonymous_8)
FN:99,(anonymous_9)
FN:110,AnimatedCheckmark
FN:114,(anonymous_11)
FN:116,(anonymous_12)
FN:124,(anonymous_13)
FN:136,Confetti
FN:140,(anonymous_15)
FN:145,ConfettiPiece
FN:155,(anonymous_17)
FN:163,(anonymous_18)
FNF:19
FNH:0
FNDA:0,AnimatedHeart
FNDA:0,(anonymous_1)
FNDA:0,(anonymous_2)
FNDA:0,AnimatedButton
FNDA:0,(anonymous_4)
FNDA:0,(anonymous_5)
FNDA:0,(anonymous_6)
FNDA:0,PulsingDot
FNDA:0,(anonymous_8)
FNDA:0,(anonymous_9)
FNDA:0,AnimatedCheckmark
FNDA:0,(anonymous_11)
FNDA:0,(anonymous_12)
FNDA:0,(anonymous_13)
FNDA:0,Confetti
FNDA:0,(anonymous_15)
FNDA:0,ConfettiPiece
FNDA:0,(anonymous_17)
FNDA:0,(anonymous_18)
DA:38,0
DA:39,0
DA:43,0
DA:44,0
DA:48,0
DA:51,0
DA:73,0
DA:74,0
DA:79,0
DA:82,0
DA:83,0
DA:91,0
DA:92,0
DA:94,0
DA:95,0
DA:96,0
DA:99,0
DA:100,0
DA:111,0
DA:112,0
DA:114,0
DA:115,0
DA:116,0
DA:117,0
DA:119,0
DA:120,0
DA:124,0
DA:125,0
DA:127,0
DA:137,0
DA:138,0
DA:140,0
DA:146,0
DA:147,0
DA:148,0
DA:149,0
DA:150,0
DA:151,0
DA:152,0
DA:153,0
DA:155,0
DA:156,0
DA:157,0
DA:158,0
DA:159,0
DA:160,0
DA:163,0
DA:168,0
DA:171,0
LF:49
LH:0
BRDA:34,0,0,0
BRDA:35,1,0,0
BRDA:36,2,0,0
BRDA:56,3,0,0
BRDA:56,3,1,0
BRDA:57,4,0,0
BRDA:57,4,1,0
BRDA:76,5,0,0
BRDA:76,5,1,0
BRDA:81,6,0,0
BRDA:81,6,1,0
BRDA:82,7,0,0
BRDA:82,7,1,0
BRDA:90,8,0,0
BRDA:90,9,0,0
BRDA:110,10,0,0
BRDA:110,11,0,0
BRDA:115,12,0,0
BRDA:115,12,1,0
BRDA:116,13,0,0
BRDA:116,13,1,0
BRDA:125,14,0,0
BRDA:125,14,1,0
BRDA:125,15,0,0
BRDA:125,15,1,0
BRDA:136,16,0,0
BRDA:137,17,0,0
BRDA:137,17,1,0
BRDA:159,18,0,0
BRDA:159,18,1,0
BRF:30
BRH:0
end_of_record
TN:
SF:components/ui/AnimatedListItem.tsx
FN:20,AnimatedListItem
FN:35,(anonymous_1)
FN:43,(anonymous_2)
FN:48,(anonymous_3)
FN:52,(anonymous_4)
FN:58,(anonymous_5)
FN:87,FadeInView
FN:90,(anonymous_7)
FN:107,PressableScale
FN:110,(anonymous_9)
FN:114,(anonymous_10)
FN:118,(anonymous_11)
FNF:12
FNH:0
FNDA:0,AnimatedListItem
FNDA:0,(anonymous_1)
FNDA:0,(anonymous_2)
FNDA:0,(anonymous_3)
FNDA:0,(anonymous_4)
FNDA:0,(anonymous_5)
FNDA:0,FadeInView
FNDA:0,(anonymous_7)
FNDA:0,PressableScale
FNDA:0,(anonymous_9)
FNDA:0,(anonymous_10)
FNDA:0,(anonymous_11)
DA:30,0
DA:31,0
DA:32,0
DA:35,0
DA:36,0
DA:37,0
DA:43,0
DA:44,0
DA:45,0
DA:48,0
DA:49,0
DA:52,0
DA:53,0
DA:54,0
DA:55,0
DA:58,0
DA:59,0
DA:60,0
DA:61,0
DA:64,0
DA:88,0
DA:90,0
DA:91,0
DA:94,0
DA:108,0
DA:110,0
DA:111,0
DA:114,0
DA:115,0
DA:118,0
DA:119,0
DA:120,0
DA:121,0
DA:124,0
LF:34
LH:0
BRDA:26,0,0,0
BRDA:27,1,0,0
BRDA:28,2,0,0
BRDA:44,3,0,0
BRDA:44,3,1,0
BRDA:53,4,0,0
BRDA:53,4,1,0
BRDA:54,5,0,0
BRDA:54,5,1,0
BRDA:59,6,0,0
BRDA:59,6,1,0
BRDA:60,7,0,0
BRDA:60,7,1,0
BRDA:71,8,0,0
BRDA:71,8,1,0
BRDA:71,8,2,0
BRDA:87,9,0,0
BRDA:87,10,0,0
BRDA:107,11,0,0
BRDA:107,12,0,0
BRDA:111,13,0,0
BRDA:111,13,1,0
BRDA:119,14,0,0
BRDA:119,14,1,0
BRDA:120,15,0,0
BRDA:120,15,1,0
BRDA:125,16,0,0
BRDA:125,16,1,0
BRF:28
BRH:0
end_of_record
TN:
SF:components/ui/Avatar.tsx
FN:15,(anonymous_0)
FN:21,(anonymous_1)
FN:36,(anonymous_2)
FN:51,(anonymous_3)
FNF:4
FNH:0
FNDA:0,(anonymous_0)
FNDA:0,(anonymous_1)
FNDA:0,(anonymous_2)
FNDA:0,(anonymous_3)
DA:15,0
DA:21,0
DA:22,0
DA:24,0
DA:26,0
DA:28,0
DA:30,0
DA:32,0
DA:36,0
DA:37,0
DA:39,0
DA:41,0
DA:43,0
DA:45,0
DA:47,0
DA:51,0
DA:52,0
DA:53,0
DA:54,0
DA:55,0
DA:57,0
DA:60,0
DA:61,0
DA:67,0
DA:68,0
DA:76,0
DA:85,0
LF:27
LH:0
BRDA:18,0,0,0
BRDA:22,1,0,0
BRDA:22,1,1,0
BRDA:22,1,2,0
BRDA:22,1,3,0
BRDA:22,1,4,0
BRDA:37,2,0,0
BRDA:37,2,1,0
BRDA:37,2,2,0
BRDA:37,2,3,0
BRDA:37,2,4,0
BRDA:52,3,0,0
BRDA:52,3,1,0
BRDA:54,4,0,0
BRDA:54,4,1,0
BRDA:67,5,0,0
BRDA:67,5,1,0
BRF:17
BRH:0
end_of_record
TN:
SF:components/ui/Badge.tsx
FN:26,(anonymous_0)
FN:33,(anonymous_1)
FN:74,(anonymous_2)
FN:92,(anonymous_3)
FNF:4
FNH:4
FNDA:12,(anonymous_0)
FNDA:12,(anonymous_1)
FNDA:12,(anonymous_2)
FNDA:12,(anonymous_3)
DA:26,1
DA:33,12
DA:34,12
DA:36,1
DA:41,1
DA:46,1
DA:51,1
DA:56,1
DA:61,1
DA:67,6
DA:74,12
DA:75,12
DA:77,2
DA:84,10
DA:92,12
DA:93,12
DA:95,2
DA:98,10
DA:102,12
DA:104,12
DA:127,1
LF:21
LH:21
BRDA:28,0,0,5
BRDA:29,1,0,10
BRDA:34,2,0,1
BRDA:34,2,1,1
BRDA:34,2,2,1
BRDA:34,2,3,1
BRDA:34,2,4,1
BRDA:34,2,5,1
BRDA:34,2,6,6
BRDA:34,2,7,6
BRDA:75,3,0,2
BRDA:75,3,1,10
BRDA:75,3,2,10
BRDA:93,4,0,2
BRDA:93,4,1,10
BRDA:93,4,2,10
BRDA:113,5,0,12
BRDA:113,5,1,1
BRF:18
BRH:18
end_of_record
TN:
SF:components/ui/Button.tsx
FN:35,(anonymous_0)
FN:51,(anonymous_1)
FN:92,(anonymous_2)
FN:117,(anonymous_3)
FN:145,(anonymous_4)
FN:170,(anonymous_5)
FNF:6
FNH:6
FNDA:12,(anonymous_0)
FNDA:12,(anonymous_1)
FNDA:12,(anonymous_2)
FNDA:11,(anonymous_3)
FNDA:11,(anonymous_4)
FNDA:12,(anonymous_5)
DA:35,1
DA:51,12
DA:52,12
DA:60,12
DA:61,1
DA:64,12
DA:66,9
DA:71,1
DA:76,1
DA:83,1
DA:88,0
DA:92,12
DA:93,12
DA:95,1
DA:101,10
DA:107,1
DA:113,0
DA:117,12
DA:118,11
DA:123,11
DA:126,9
DA:131,1
DA:136,1
DA:141,0
DA:145,12
DA:146,11
DA:148,1
DA:153,9
DA:158,1
DA:163,0
DA:170,12
DA:171,12
DA:172,1
DA:181,11
DA:186,11
DA:187,10
DA:190,1
DA:203,12
DA:224,1
LF:39
LH:35
BRDA:38,0,0,9
BRDA:39,1,0,10
BRDA:40,2,0,11
BRDA:41,3,0,11
BRDA:42,4,0,11
BRDA:46,5,0,12
BRDA:60,6,0,1
BRDA:60,6,1,11
BRDA:64,7,0,9
BRDA:64,7,1,1
BRDA:64,7,2,1
BRDA:64,7,3,1
BRDA:64,7,4,0
BRDA:68,8,0,1
BRDA:68,8,1,8
BRDA:73,9,0,0
BRDA:73,9,1,1
BRDA:80,10,0,0
BRDA:80,10,1,1
BRDA:93,11,0,1
BRDA:93,11,1,10
BRDA:93,11,2,1
BRDA:93,11,3,0
BRDA:123,12,0,8
BRDA:123,12,1,9
BRDA:123,12,2,1
BRDA:123,12,3,1
BRDA:123,12,4,0
BRDA:133,13,0,0
BRDA:133,13,1,1
BRDA:138,14,0,0
BRDA:138,14,1,1
BRDA:146,15,0,1
BRDA:146,15,1,9
BRDA:146,15,2,1
BRDA:146,15,3,0
BRDA:171,16,0,1
BRDA:171,16,1,11
BRDA:174,17,0,1
BRDA:174,17,1,0
BRDA:174,18,0,1
BRDA:174,18,1,0
BRDA:186,19,0,10
BRDA:186,19,1,1
BRDA:192,20,0,1
BRDA:192,20,1,1
BRDA:196,21,0,1
BRDA:196,21,1,0
BRDA:207,22,0,12
BRDA:207,22,1,11
BRDA:211,23,0,12
BRDA:211,23,1,12
BRDA:214,24,0,12
BRDA:214,24,1,11
BRF:54
BRH:43
end_of_record
TN:
SF:components/ui/Card.tsx
FN:27,(anonymous_0)
FN:38,(anonymous_1)
FN:43,(anonymous_2)
FN:53,(anonymous_3)
FNF:4
FNH:2
FNDA:7,(anonymous_0)
FNDA:7,(anonymous_1)
FNDA:0,(anonymous_2)
FNDA:0,(anonymous_3)
DA:27,1
DA:35,7
DA:36,7
DA:38,7
DA:43,7
DA:44,0
DA:45,0
DA:49,0
DA:53,7
DA:54,0
DA:55,0
DA:59,0
DA:63,7
DA:69,7
DA:70,2
DA:84,5
DA:87,1
LF:17
LH:11
BRDA:31,0,0,6
BRDA:32,1,0,6
BRDA:33,2,0,6
BRDA:44,3,0,0
BRDA:44,3,1,0
BRDA:44,4,0,0
BRDA:44,4,1,0
BRDA:54,5,0,0
BRDA:54,5,1,0
BRDA:54,6,0,0
BRDA:54,6,1,0
BRDA:66,7,0,7
BRDA:66,7,1,6
BRDA:69,8,0,2
BRDA:69,8,1,5
BRF:15
BRH:7
end_of_record
TN:
SF:components/ui/Celebrations.tsx
FN:19,ConfettiPiece
FN:27,(anonymous_1)
FN:44,Confetti
FN:46,(anonymous_3)
FN:50,(anonymous_4)
FN:53,(anonymous_5)
FN:54,(anonymous_6)
FN:61,(anonymous_7)
FN:68,SuccessCheckmark
FN:72,(anonymous_9)
FN:92,AchievementUnlock
FN:97,(anonymous_11)
FN:105,(anonymous_12)
FN:126,StreakMilestone
FNF:14
FNH:0
FNDA:0,ConfettiPiece
FNDA:0,(anonymous_1)
FNDA:0,Confetti
FNDA:0,(anonymous_3)
FNDA:0,(anonymous_4)
FNDA:0,(anonymous_5)
FNDA:0,(anonymous_6)
FNDA:0,(anonymous_7)
FNDA:0,SuccessCheckmark
FNDA:0,(anonymous_9)
FNDA:0,AchievementUnlock
FNDA:0,(anonymous_11)
FNDA:0,(anonymous_12)
FNDA:0,StreakMilestone
DA:15,0
DA:20,0
DA:21,0
DA:22,0
DA:23,0
DA:25,0
DA:27,0
DA:28,0
DA:36,0
DA:37,0
DA:45,0
DA:46,0
DA:50,0
DA:51,0
DA:52,0
DA:53,0
DA:54,0
DA:58,0
DA:59,0
DA:61,0
DA:69,0
DA:70,0
DA:72,0
DA:73,0
DA:74,0
DA:75,0
DA:82,0
DA:83,0
DA:93,0
DA:94,0
DA:95,0
DA:97,0
DA:98,0
DA:99,0
DA:100,0
DA:104,0
DA:105,0
DA:109,0
DA:127,0
DA:138,0
LF:40
LH:0
BRDA:51,0,0,0
BRDA:51,0,1,0
BRDA:58,1,0,0
BRDA:58,1,1,0
BRDA:68,2,0,0
BRDA:73,3,0,0
BRDA:73,3,1,0
BRDA:82,4,0,0
BRDA:82,4,1,0
BRDA:92,5,0,0
BRDA:95,6,0,0
BRDA:95,6,1,0
BRDA:95,7,0,0
BRDA:95,7,1,0
BRDA:98,8,0,0
BRDA:98,8,1,0
BRF:16
BRH:0
end_of_record
TN:
SF:components/ui/EmptyState.tsx
FN:22,(anonymous_0)
FN:35,(anonymous_1)
FN:49,(anonymous_2)
FN:71,(anonymous_3)
FN:87,(anonymous_4)
FN:103,(anonymous_5)
FN:119,(anonymous_6)
FN:135,(anonymous_7)
FN:160,(anonymous_8)
FN:187,(anonymous_9)
FN:189,(anonymous_10)
FNF:11
FNH:0
FNDA:0,(anonymous_0)
FNDA:0,(anonymous_1)
FNDA:0,(anonymous_2)
FNDA:0,(anonymous_3)
FNDA:0,(anonymous_4)
FNDA:0,(anonymous_5)
FNDA:0,(anonymous_6)
FNDA:0,(anonymous_7)
FNDA:0,(anonymous_8)
FNDA:0,(anonymous_9)
FNDA:0,(anonymous_10)
DA:22,0
DA:31,0
DA:32,0
DA:33,0
DA:35,0
DA:36,0
DA:37,0
DA:43,0
DA:44,0
DA:45,0
DA:49,0
DA:50,0
DA:51,0
DA:54,0
DA:71,0
DA:74,0
DA:87,0
DA:90,0
DA:103,0
DA:106,0
DA:119,0
DA:122,0
DA:135,0
DA:138,0
DA:160,0
DA:167,0
DA:172,0
DA:174,0
DA:187,0
DA:188,0
DA:189,0
DA:190,0
DA:192,0
DA:200,0
LF:34
LH:0
BRDA:29,0,0,0
BRDA:36,1,0,0
BRDA:36,1,1,0
BRDA:56,2,0,0
BRDA:56,2,1,0
BRDA:62,3,0,0
BRDA:62,3,1,0
BRDA:63,4,0,0
BRDA:63,4,1,0
BRDA:63,4,2,0
BRDA:82,5,0,0
BRDA:82,5,1,0
BRDA:98,6,0,0
BRDA:98,6,1,0
BRDA:114,7,0,0
BRDA:114,7,1,0
BRDA:130,8,0,0
BRDA:130,8,1,0
BRDA:146,9,0,0
BRDA:146,9,1,0
BRDA:165,10,0,0
BRDA:177,11,0,0
BRDA:177,11,1,0
BRDA:178,12,0,0
BRDA:178,12,1,0
BRDA:179,13,0,0
BRDA:179,13,1,0
BRDA:190,14,0,0
BRDA:190,14,1,0
BRF:29
BRH:0
end_of_record
TN:
SF:components/ui/OptimizedImage.tsx
FN:25,OptimizedImage
FN:60,GymCardImage
FN:74,GymThumbnail
FN:90,AvatarImage
FNF:4
FNH:0
FNDA:0,OptimizedImage
FNDA:0,GymCardImage
FNDA:0,GymThumbnail
FNDA:0,AvatarImage
DA:16,0
DA:25,0
DA:36,0
DA:42,0
DA:60,0
DA:64,0
DA:74,0
DA:79,0
DA:90,0
DA:95,0
DA:106,0
LF:11
LH:0
BRDA:30,0,0,0
BRDA:31,1,0,0
BRDA:37,2,0,0
BRDA:37,2,1,0
BRDA:37,3,0,0
BRDA:37,3,1,0
BRDA:38,4,0,0
BRDA:38,4,1,0
BRDA:76,5,0,0
BRDA:92,6,0,0
BRF:10
BRH:0
end_of_record
TN:
SF:components/ui/PriceText.tsx
FN:21,PriceText
FN:57,SavingsBadge
FN:79,PriceRange
FN:104,PerUnitPrice
FNF:4
FNH:0
FNDA:0,PriceText
FNDA:0,SavingsBadge
FNDA:0,PriceRange
FNDA:0,PerUnitPrice
DA:30,0
DA:34,0
DA:58,0
DA:60,0
DA:62,0
DA:87,0
DA:112,0
DA:120,0
LF:8
LH:0
BRDA:23,0,0,0
BRDA:24,1,0,0
BRDA:25,2,0,0
BRDA:26,3,0,0
BRDA:28,4,0,0
BRDA:30,5,0,0
BRDA:30,5,1,0
BRDA:40,6,0,0
BRDA:40,6,1,0
BRDA:60,7,0,0
BRDA:60,7,1,0
BRDA:82,8,0,0
BRDA:83,9,0,0
BRDA:84,10,0,0
BRDA:107,11,0,0
BRDA:108,12,0,0
BRDA:109,13,0,0
BRF:17
BRH:0
end_of_record
TN:
SF:components/ui/Skeleton.tsx
FN:19,(anonymous_0)
FN:27,(anonymous_1)
FN:38,(anonymous_2)
FN:59,(anonymous_3)
FN:61,(anonymous_4)
FN:72,(anonymous_5)
FN:80,(anonymous_6)
FN:84,(anonymous_7)
FN:103,(anonymous_8)
FN:105,(anonymous_9)
FN:112,(anonymous_10)
FN:140,(anonymous_11)
FN:149,(anonymous_12)
FN:163,(anonymous_13)
FNF:14
FNH:0
FNDA:0,(anonymous_0)
FNDA:0,(anonymous_1)
FNDA:0,(anonymous_2)
FNDA:0,(anonymous_3)
FNDA:0,(anonymous_4)
FNDA:0,(anonymous_5)
FNDA:0,(anonymous_6)
FNDA:0,(anonymous_7)
FNDA:0,(anonymous_8)
FNDA:0,(anonymous_9)
FNDA:0,(anonymous_10)
FNDA:0,(anonymous_11)
FNDA:0,(anonymous_12)
FNDA:0,(anonymous_13)
DA:19,0
DA:25,0
DA:27,0
DA:28,0
DA:38,0
DA:42,0
DA:59,0
DA:60,0
DA:62,0
DA:72,0
DA:73,0
DA:80,0
DA:81,0
DA:84,0
DA:85,0
DA:103,0
DA:104,0
DA:106,0
DA:112,0
DA:113,0
DA:141,0
DA:149,0
DA:150,0
DA:163,0
DA:164,0
DA:171,0
LF:26
LH:0
BRDA:20,0,0,0
BRDA:21,1,0,0
BRDA:22,2,0,0
BRDA:59,3,0,0
BRDA:65,4,0,0
BRDA:65,4,1,0
BRDA:80,5,0,0
BRDA:103,6,0,0
BRF:8
BRH:0
end_of_record
TN:
SF:components/ui/TrustBadges.tsx
FN:21,VerifiedBadge
FN:39,PopularBadge
FN:55,NewBadge
FN:71,UrgencyIndicator
FN:103,ResponseRate
FN:125,ValueBadge
FN:144,BadgeGroup
FNF:7
FNH:0
FNDA:0,VerifiedBadge
FNDA:0,PopularBadge
FNDA:0,NewBadge
FNDA:0,UrgencyIndicator
FNDA:0,ResponseRate
FNDA:0,ValueBadge
FNDA:0,BadgeGroup
DA:22,0
DA:23,0
DA:25,0
DA:40,0
DA:56,0
DA:72,0
DA:74,0
DA:76,0
DA:104,0
DA:106,0
DA:126,0
DA:145,0
DA:146,0
DA:148,0
DA:157,0
LF:15
LH:0
BRDA:21,0,0,0
BRDA:21,1,0,0
BRDA:22,2,0,0
BRDA:22,2,1,0
BRDA:22,3,0,0
BRDA:22,3,1,0
BRDA:23,4,0,0
BRDA:23,4,1,0
BRDA:23,5,0,0
BRDA:23,5,1,0
BRDA:28,6,0,0
BRDA:28,6,1,0
BRDA:44,7,0,0
BRDA:44,7,1,0
BRDA:72,8,0,0
BRDA:72,8,1,0
BRDA:72,9,0,0
BRDA:72,9,1,0
BRDA:74,10,0,0
BRDA:74,10,1,0
BRDA:78,11,0,0
BRDA:78,11,1,0
BRDA:79,12,0,0
BRDA:79,12,1,0
BRDA:80,13,0,0
BRDA:80,13,1,0
BRDA:81,14,0,0
BRDA:81,14,1,0
BRDA:82,15,0,0
BRDA:82,15,1,0
BRDA:86,16,0,0
BRDA:86,16,1,0
BRDA:86,16,2,0
BRDA:104,17,0,0
BRDA:104,17,1,0
BRDA:104,18,0,0
BRDA:104,18,1,0
BRDA:112,19,0,0
BRDA:112,19,1,0
BRDA:129,20,0,0
BRDA:129,20,1,0
BRDA:145,21,0,0
BRDA:145,21,1,0
BRDA:145,21,2,0
BRDA:146,22,0,0
BRDA:146,22,1,0
BRDA:150,23,0,0
BRDA:150,23,1,0
BRDA:151,24,0,0
BRDA:151,24,1,0
BRDA:152,25,0,0
BRDA:152,25,1,0
BRF:52
BRH:0
end_of_record
TN:
SF:components/ui/index.ts
FNF:0
FNH:0
LF:0
LH:0
BRF:0
BRH:0
end_of_record
TN:
SF:components/voice/AudioWaveform.tsx
FN:18,(anonymous_0)
FN:26,(anonymous_1)
FN:44,(anonymous_2)
FN:52,(anonymous_3)
FN:84,(anonymous_4)
FN:98,(anonymous_5)
FN:105,(anonymous_6)
FN:123,(anonymous_7)
FNF:8
FNH:0
FNDA:0,(anonymous_0)
FNDA:0,(anonymous_1)
FNDA:0,(anonymous_2)
FNDA:0,(anonymous_3)
FNDA:0,(anonymous_4)
FNDA:0,(anonymous_5)
FNDA:0,(anonymous_6)
FNDA:0,(anonymous_7)
DA:18,0
DA:22,0
DA:24,0
DA:27,0
DA:44,0
DA:49,0
DA:50,0
DA:52,0
DA:53,0
DA:55,0
DA:56,0
DA:58,0
DA:70,0
DA:79,0
DA:80,0
DA:84,0
DA:89,0
DA:98,0
DA:102,0
DA:103,0
DA:105,0
DA:106,0
DA:107,0
DA:112,0
DA:118,0
DA:119,0
DA:123,0
DA:128,0
DA:139,0
LF:29
LH:0
BRDA:20,0,0,0
BRDA:53,1,0,0
BRDA:53,1,1,0
BRDA:100,2,0,0
BRDA:106,3,0,0
BRDA:106,3,1,0
BRF:6
BRH:0
end_of_record
TN:
SF:components/voice/VoiceCommandSheet.tsx
FN:62,VoiceCommandSheet
FN:70,(anonymous_1)
FN:75,(anonymous_2)
FN:85,(anonymous_3)
FNF:4
FNH:0
FNDA:0,VoiceCommandSheet
FNDA:0,(anonymous_1)
FNDA:0,(anonymous_2)
FNDA:0,(anonymous_3)
DA:18,0
DA:63,0
DA:70,0
DA:76,0
DA:77,0
DA:86,0
DA:103,0
LF:7
LH:0
BRF:0
BRH:0
end_of_record
TN:
SF:components/voice/VoiceHints.tsx
FN:58,VoiceHints
FN:66,(anonymous_1)
FN:72,(anonymous_2)
FN:87,(anonymous_3)
FN:93,(anonymous_4)
FNF:5
FNH:0
FNDA:0,VoiceHints
FNDA:0,(anonymous_1)
FNDA:0,(anonymous_2)
FNDA:0,(anonymous_3)
FNDA:0,(anonymous_4)
DA:27,0
DA:59,0
DA:60,0
DA:67,0
DA:68,0
DA:72,0
DA:83,0
DA:88,0
DA:89,0
DA:93,0
DA:111,0
LF:11
LH:0
BRDA:58,0,0,0
BRDA:59,1,0,0
BRDA:59,1,1,0
BRF:3
BRH:0
end_of_record
TN:
SF:components/voice/VoiceRecordingView.tsx
FN:30,(anonymous_0)
FN:54,(anonymous_1)
FN:71,(anonymous_2)
FN:85,(anonymous_3)
FN:91,(anonymous_4)
FN:96,(anonymous_5)
FN:100,(anonymous_6)
FN:101,(anonymous_7)
FNF:8
FNH:0
FNDA:0,(anonymous_0)
FNDA:0,(anonymous_1)
FNDA:0,(anonymous_2)
FNDA:0,(anonymous_3)
FNDA:0,(anonymous_4)
FNDA:0,(anonymous_5)
FNDA:0,(anonymous_6)
FNDA:0,(anonymous_7)
DA:30,0
DA:44,0
DA:46,0
DA:47,0
DA:50,0
DA:54,0
DA:55,0
DA:57,0
DA:66,0
DA:71,0
DA:72,0
DA:74,0
DA:78,0
DA:79,0
DA:85,0
DA:86,0
DA:87,0
DA:91,0
DA:96,0
DA:100,0
DA:101,0
DA:102,0
DA:105,0
DA:106,0
DA:108,0
DA:112,0
DA:189,0
DA:191,0
LF:28
LH:0
BRDA:33,0,0,0
BRDA:50,1,0,0
BRDA:50,1,1,0
BRDA:52,2,0,0
BRDA:52,2,1,0
BRDA:55,3,0,0
BRDA:55,3,1,0
BRDA:72,4,0,0
BRDA:72,4,1,0
BRDA:72,5,0,0
BRDA:72,5,1,0
BRDA:74,6,0,0
BRDA:74,6,1,0
BRDA:74,6,2,0
BRDA:78,7,0,0
BRDA:78,7,1,0
BRDA:86,8,0,0
BRDA:86,8,1,0
BRDA:93,9,0,0
BRDA:93,9,1,0
BRDA:105,10,0,0
BRDA:105,10,1,0
BRDA:121,11,0,0
BRDA:121,11,1,0
BRDA:126,12,0,0
BRDA:126,12,1,0
BRDA:133,13,0,0
BRDA:133,13,1,0
BRDA:153,14,0,0
BRDA:153,14,1,0
BRDA:158,15,0,0
BRDA:158,15,1,0
BRDA:168,16,0,0
BRDA:168,16,1,0
BRDA:175,17,0,0
BRDA:175,17,1,0
BRDA:183,18,0,0
BRDA:183,18,1,0
BRDA:183,19,0,0
BRDA:183,19,1,0
BRF:40
BRH:0
end_of_record
TN:
SF:components/voice/VoiceTutorial.tsx
FN:29,VoiceTutorial
FN:34,(anonymous_1)
FN:37,(anonymous_2)
FN:43,(anonymous_3)
FN:52,(anonymous_4)
FN:76,(anonymous_5)
FNF:6
FNH:0
FNDA:0,VoiceTutorial
FNDA:0,(anonymous_1)
FNDA:0,(anonymous_2)
FNDA:0,(anonymous_3)
FNDA:0,(anonymous_4)
FNDA:0,(anonymous_5)
DA:15,0
DA:22,0
DA:30,0
DA:31,0
DA:32,0
DA:34,0
DA:35,0
DA:38,0
DA:39,0
DA:43,0
DA:44,0
DA:45,0
DA:46,0
DA:48,0
DA:52,0
DA:53,0
DA:54,0
DA:57,0
DA:58,0
DA:60,0
DA:77,0
DA:93,0
LF:22
LH:0
BRDA:45,0,0,0
BRDA:45,0,1,0
BRDA:54,1,0,0
BRDA:54,1,1,0
BRDA:77,2,0,0
BRDA:77,2,1,0
BRDA:81,3,0,0
BRDA:81,3,1,0
BRDA:86,4,0,0
BRDA:86,4,1,0
BRF:10
BRH:0
end_of_record
TN:
SF:hooks/useAnimatedValue.ts
FN:22,useAnimatedPress
FN:25,(anonymous_1)
FN:29,(anonymous_2)
FN:33,(anonymous_3)
FN:46,useHeartAnimation
FN:49,(anonymous_5)
FN:53,(anonymous_6)
FN:66,useSkeletonAnimation
FN:69,(anonymous_8)
FN:70,(anonymous_9)
FN:78,(anonymous_10)
FN:81,(anonymous_11)
FN:91,useFadeIn
FN:95,(anonymous_13)
FN:100,(anonymous_14)
FN:111,useStaggeredAnimation
FN:115,(anonymous_16)
FN:121,(anonymous_17)
FN:132,useParallaxScroll
FN:133,(anonymous_19)
FN:145,useSuccessAnimation
FN:149,(anonymous_21)
FN:156,(anonymous_22)
FN:161,(anonymous_23)
FNF:24
FNH:0
FNDA:0,useAnimatedPress
FNDA:0,(anonymous_1)
FNDA:0,(anonymous_2)
FNDA:0,(anonymous_3)
FNDA:0,useHeartAnimation
FNDA:0,(anonymous_5)
FNDA:0,(anonymous_6)
FNDA:0,useSkeletonAnimation
FNDA:0,(anonymous_8)
FNDA:0,(anonymous_9)
FNDA:0,(anonymous_10)
FNDA:0,(anonymous_11)
FNDA:0,useFadeIn
FNDA:0,(anonymous_13)
FNDA:0,(anonymous_14)
FNDA:0,useStaggeredAnimation
FNDA:0,(anonymous_16)
FNDA:0,(anonymous_17)
FNDA:0,useParallaxScroll
FNDA:0,(anonymous_19)
FNDA:0,useSuccessAnimation
FNDA:0,(anonymous_21)
FNDA:0,(anonymous_22)
FNDA:0,(anonymous_23)
DA:23,0
DA:25,0
DA:29,0
DA:30,0
DA:33,0
DA:34,0
DA:35,0
DA:36,0
DA:40,0
DA:47,0
DA:49,0
DA:53,0
DA:54,0
DA:60,0
DA:67,0
DA:69,0
DA:70,0
DA:71,0
DA:76,0
DA:77,0
DA:78,0
DA:81,0
DA:85,0
DA:92,0
DA:93,0
DA:95,0
DA:96,0
DA:97,0
DA:100,0
DA:105,0
DA:112,0
DA:113,0
DA:115,0
DA:116,0
DA:117,0
DA:118,0
DA:121,0
DA:126,0
DA:133,0
DA:139,0
DA:146,0
DA:147,0
DA:149,0
DA:156,0
DA:157,0
DA:158,0
DA:161,0
DA:162,0
DA:163,0
DA:166,0
LF:50
LH:0
BRDA:35,0,0,0
BRDA:35,0,1,0
BRDA:91,1,0,0
BRDA:111,2,0,0
BRF:4
BRH:0
end_of_record
TN:
SF:hooks/useAnimations.ts
FN:10,useScaleAnimation
FN:13,(anonymous_1)
FN:17,(anonymous_2)
FN:21,(anonymous_3)
FN:32,useFadeAnimation
FN:35,(anonymous_5)
FN:39,(anonymous_6)
FN:47,useSlideAnimation
[...]
FNF:7
FNH:7
FNDA:1,(anonymous_0)
FNDA:2,(anonymous_1)
FNDA:2,(anonymous_2)
FNDA:2,(anonymous_3)
FNDA:1,(anonymous_4)
FNDA:1,(anonymous_5)
FNDA:1,(anonymous_6)
DA:18,1
DA:24,2
DA:25,2
DA:26,2
DA:27,1
DA:28,1
DA:30,1
LF:7
LH:7
BRF:0
BRH:0
end_of_record
TN:
SF:stores/gamificationStore.ts
FN:181,(anonymous_0)
FN:203,(anonymous_1)
FN:205,(anonymous_2)
FN:216,(anonymous_3)
FN:232,(anonymous_4)
FN:233,(anonymous_5)
FN:236,(anonymous_6)
FN:251,(anonymous_7)
FN:259,(anonymous_8)
FN:260,(anonymous_9)
FN:266,(anonymous_10)
FN:290,(anonymous_11)
FN:305,(anonymous_12)
FN:331,(anonymous_13)
FN:333,(anonymous_14)
FN:341,(anonymous_15)
FN:343,(anonymous_16)
FN:346,(anonymous_17)
FN:363,(anonymous_18)
FN:409,(anonymous_19)
FN:451,(anonymous_20)
FN:475,(anonymous_21)
FNF:22
FNH:12
FNDA:1,(anonymous_0)
FNDA:1,(anonymous_1)
FNDA:7,(anonymous_2)
FNDA:7,(anonymous_3)
FNDA:5,(anonymous_4)
FNDA:5,(anonymous_5)
FNDA:4,(anonymous_6)
FNDA:4,(anonymous_7)
FNDA:0,(anonymous_8)
FNDA:0,(anonymous_9)
FNDA:0,(anonymous_10)
FNDA:2,(anonymous_11)
FNDA:0,(anonymous_12)
FNDA:0,(anonymous_13)
FNDA:0,(anonymous_14)
FNDA:10,(anonymous_15)
FNDA:15,(anonymous_16)
FNDA:0,(anonymous_17)
FNDA:0,(anonymous_18)
FNDA:11,(anonymous_19)
FNDA:0,(anonymous_20)
FNDA:0,(anonymous_21)
DA:87,1
DA:97,1
DA:181,1
DA:203,1
DA:206,7
DA:207,7
DA:216,7
DA:222,7
DA:223,7
DA:224,0
DA:229,7
DA:233,5
DA:234,5
DA:236,4
DA:242,4
DA:251,4
DA:256,4
DA:260,0
DA:267,0
DA:268,0
DA:269,0
DA:273,0
DA:275,0
DA:281,0
DA:282,0
DA:283,0
DA:284,0
DA:285,0
DA:286,0
DA:291,2
DA:292,2
DA:295,2
DA:296,2
DA:297,0
DA:298,0
DA:302,2
DA:306,0
DA:309,0
DA:311,0
DA:312,0
DA:313,0
DA:315,0
DA:321,0
DA:322,0
DA:323,0
DA:324,0
DA:328,0
DA:332,0
DA:333,0
DA:335,0
DA:342,10
DA:343,15
DA:347,0
DA:348,0
DA:350,0
DA:351,0
DA:354,0
DA:355,0
DA:356,0
DA:357,0
DA:359,0
DA:364,0
DA:365,0
DA:366,0
DA:367,0
DA:368,0
DA:369,0
DA:372,0
DA:378,0
DA:379,0
DA:380,0
DA:381,0
DA:384,0
DA:385,0
DA:386,0
DA:398,0
DA:399,0
DA:401,0
DA:403,0
DA:404,0
DA:410,11
DA:411,11
DA:412,11
DA:413,11
DA:414,11
DA:415,11
DA:418,0
DA:419,0
DA:421,0
DA:438,0
DA:439,0
DA:440,0
DA:441,0
DA:443,0
DA:445,0
DA:446,0
DA:452,0
DA:453,0
DA:454,0
DA:468,0
DA:469,0
DA:470,0
DA:471,0
DA:474,0
DA:475,0
DA:485,0
DA:487,0
DA:489,0
DA:490,0
LF:109
LH:29
BRDA:223,0,0,0
BRDA:223,0,1,7
BRDA:234,1,0,1
BRDA:234,1,1,4
BRDA:234,2,0,5
BRDA:234,2,1,5
BRDA:281,3,0,0
BRDA:281,3,1,0
BRDA:283,4,0,0
BRDA:283,4,1,0
BRDA:285,5,0,0
BRDA:285,5,1,0
BRDA:295,6,0,2
BRDA:295,6,1,0
BRDA:297,7,0,0
BRDA:297,7,1,0
BRDA:309,8,0,0
BRDA:309,8,1,0
BRDA:321,9,0,0
BRDA:321,9,1,0
BRDA:323,10,0,0
BRDA:323,10,1,0
BRDA:337,11,0,0
BRDA:337,11,1,0
BRDA:343,12,0,10
BRDA:343,12,1,0
BRDA:343,13,0,15
BRDA:343,13,1,15
BRDA:350,14,0,0
BRDA:350,14,1,0
BRDA:367,15,0,0
BRDA:367,15,1,0
BRDA:378,16,0,0
BRDA:378,16,1,0
BRDA:378,17,0,0
BRDA:378,17,1,0
BRDA:384,18,0,0
BRDA:384,18,1,0
BRDA:385,19,0,0
BRDA:385,19,1,0
BRDA:387,20,0,0
BRDA:387,20,1,0
BRDA:388,21,0,0
BRDA:388,21,1,0
BRDA:389,22,0,0
BRDA:389,22,1,0
BRDA:390,23,0,0
BRDA:390,23,1,0
BRDA:392,24,0,0
BRDA:392,24,1,0
BRDA:393,25,0,0
BRDA:393,25,1,0
BRDA:413,26,0,11
BRDA:413,26,1,0
BRDA:438,27,0,0
BRDA:438,27,1,0
BRDA:468,28,0,0
BRDA:468,28,1,0
BRDA:474,29,0,0
BRDA:474,29,1,0
BRDA:477,30,0,0
BRDA:477,30,1,0
BRDA:478,31,0,0
BRDA:478,31,1,0
BRDA:480,32,0,0
BRDA:480,32,1,0
BRF:66
BRH:10
end_of_record
TN:
SF:stores/mapStore.ts
FN:20,(anonymous_0)
FN:24,(anonymous_1)
FN:25,(anonymous_2)
FN:26,(anonymous_3)
FNF:4
FNH:0
FNDA:0,(anonymous_0)
FNDA:0,(anonymous_1)
FNDA:0,(anonymous_2)
FNDA:0,(anonymous_3)
DA:13,0
DA:20,0
DA:24,0
DA:25,0
DA:26,0
LF:5
LH:0
BRF:0
BRH:0
end_of_record
TN:
SF:stores/searchStore.ts
FN:5,calculateDistance
FN:20,extractAmenities
FN:38,isPlaceOpen
FN:46,(anonymous_3)
FN:152,(anonymous_4)
FN:166,(anonymous_5)
FN:169,(anonymous_6)
FN:172,(anonymous_7)
FN:173,(anonymous_8)
FN:177,(anonymous_9)
FN:180,(anonymous_10)
FN:181,(anonymous_11)
FN:182,(anonymous_12)
FN:185,(anonymous_13)
FN:188,(anonymous_14)
FN:191,(anonymous_15)
FN:192,(anonymous_16)
FN:195,(anonymous_17)
FN:199,(anonymous_18)
FN:202,(anonymous_19)
FN:203,(anonymous_20)
FN:214,(anonymous_21)
FN:259,(anonymous_22)
FN:298,(anonymous_23)
FN:304,(anonymous_24)
FN:309,(anonymous_25)
FN:313,(anonymous_26)
FN:331,(anonymous_27)
FNF:28
FNH:11
FNDA:0,calculateDistance
FNDA:0,extractAmenities
FNDA:0,isPlaceOpen
FNDA:0,(anonymous_3)
FNDA:1,(anonymous_4)
FNDA:2,(anonymous_5)
FNDA:1,(anonymous_6)
FNDA:1,(anonymous_7)
FNDA:1,(anonymous_8)
FNDA:0,(anonymous_9)
FNDA:0,(anonymous_10)
FNDA:0,(anonymous_11)
FNDA:0,(anonymous_12)
FNDA:1,(anonymous_13)
FNDA:4,(anonymous_14)
FNDA:15,(anonymous_15)
FNDA:15,(anonymous_16)
FNDA:95,(anonymous_17)
FNDA:0,(anonymous_18)
FNDA:0,(anonymous_19)
FNDA:0,(anonymous_20)
FNDA:0,(anonymous_21)
FNDA:0,(anonymous_22)
FNDA:0,(anonymous_23)
FNDA:0,(anonymous_24)
FNDA:0,(anonymous_25)
FNDA:0,(anonymous_26)
FNDA:12,(anonymous_27)
DA:6,0
DA:7,0
DA:8,0
DA:10,0
DA:15,0
DA:16,0
DA:21,0
DA:25,0
DA:26,0
DA:30,0
DA:31,0
DA:34,0
DA:39,0
DA:41,0
DA:42,0
DA:43,0
DA:45,0
DA:46,0
DA:49,0
DA:50,0
DA:51,0
DA:53,0
DA:54,0
DA:58,0
DA:142,1
DA:152,1
DA:166,2
DA:169,1
DA:173,1
DA:177,0
DA:180,0
DA:181,0
DA:182,0
DA:185,1
DA:188,4
DA:192,15
DA:195,95
DA:199,0
DA:203,0
DA:204,0
DA:205,0
DA:206,0
DA:208,0
DA:210,0
DA:215,0
DA:217,0
DA:218,0
DA:219,0
DA:222,0
DA:224,0
DA:226,0
DA:229,0
DA:230,0
DA:232,0
DA:233,0
DA:237,0
DA:253,0
DA:254,0
DA:258,0
DA:259,0
DA:261,0
DA:262,0
DA:270,0
DA:271,0
DA:275,0
DA:293,0
DA:296,0
DA:297,0
DA:298,0
DA:303,0
DA:304,0
DA:308,0
DA:309,0
DA:313,0
DA:315,0
DA:318,0
DA:319,0
DA:322,0
DA:323,0
DA:332,12
LF:80
LH:10
BRDA:25,0,0,0
BRDA:25,0,1,0
BRDA:26,1,0,0
BRDA:26,1,1,0
BRDA:30,2,0,0
BRDA:30,2,1,0
BRDA:39,3,0,0
BRDA:39,3,1,0
BRDA:50,4,0,0
BRDA:50,4,1,0
BRDA:51,5,0,0
BRDA:51,5,1,0
BRDA:53,6,0,0
BRDA:53,6,1,0
BRDA:53,7,0,0
BRDA:53,7,1,0
BRDA:205,8,0,0
BRDA:205,8,1,0
BRDA:217,9,0,0
BRDA:217,9,1,0
BRDA:226,10,0,0
BRDA:226,10,1,0
BRDA:229,11,0,0
BRDA:229,11,1,0
BRDA:232,12,0,0
BRDA:232,12,1,0
BRDA:246,13,0,0
BRDA:246,13,1,0
BRDA:253,14,0,0
BRDA:253,14,1,0
BRDA:254,15,0,0
BRDA:254,15,1,0
BRDA:258,16,0,0
BRDA:258,16,1,0
BRDA:270,17,0,0
BRDA:270,17,1,0
BRDA:271,18,0,0
BRDA:271,18,1,0
BRDA:277,19,0,0
BRDA:277,19,1,0
BRDA:278,20,0,0
BRDA:278,20,1,0
BRDA:281,21,0,0
BRDA:281,21,1,0
BRDA:282,22,0,0
BRDA:282,22,1,0
BRDA:296,23,0,0
BRDA:296,23,1,0
BRDA:298,24,0,0
BRDA:298,24,1,0
BRDA:303,25,0,0
BRDA:303,25,1,0
BRDA:308,26,0,0
BRDA:308,26,1,0
BRDA:318,27,0,0
BRDA:318,27,1,0
BRDA:324,28,0,0
BRDA:324,28,1,0
BRF:58
BRH:0
end_of_record
TN:
SF:stores/themeStore.ts
FN:13,(anonymous_0)
FN:17,(anonymous_1)
FN:28,(anonymous_2)
FN:43,(anonymous_3)
FN:44,(anonymous_4)
FNF:5
FNH:3
FNDA:1,(anonymous_0)
FNDA:6,(anonymous_1)
FNDA:3,(anonymous_2)
FNDA:0,(anonymous_3)
FNDA:0,(anonymous_4)
DA:13,1
DA:18,6
DA:20,6
DA:21,4
DA:22,4
DA:24,2
DA:29,3
DA:30,3
DA:31,1
DA:32,2
DA:33,1
DA:35,1
DA:36,1
DA:37,1
DA:43,1
DA:44,0
DA:46,0
LF:17
LH:15
BRDA:20,0,0,4
BRDA:20,0,1,2
BRDA:30,1,0,1
BRDA:30,1,1,2
BRDA:32,2,0,1
BRDA:32,2,1,1
BRDA:63,3,0,0
BRDA:63,3,1,0
BRDA:64,4,0,0
BRDA:64,4,1,0
BRDA:65,5,0,0
BRDA:65,5,1,0
BRDA:67,6,0,0
BRDA:67,6,1,0
BRDA:68,7,0,0
BRDA:68,7,1,0
BRDA:69,8,0,0
BRDA:69,8,1,0
BRDA:71,9,0,0
BRDA:71,9,1,0
BRDA:72,10,0,0
BRDA:72,10,1,0
BRDA:75,11,0,0
BRDA:75,11,1,0
BRDA:76,12,0,0
BRDA:76,12,1,0
BRDA:78,13,0,0
BRDA:78,13,1,0
BRDA:79,14,0,0
BRDA:79,14,1,0
BRDA:82,15,0,0
BRDA:82,15,1,0
BRDA:83,16,0,0
BRDA:83,16,1,0
BRF:34
BRH:6
end_of_record
TN:
SF:stores/tripsStore.ts
FN:17,(anonymous_0)
FN:22,(anonymous_1)
FN:23,(anonymous_2)
FN:24,(anonymous_3)
FN:27,(anonymous_4)
FN:28,(anonymous_5)
FN:29,(anonymous_6)
FN:30,(anonymous_7)
FN:32,(anonymous_8)
FN:33,(anonymous_9)
FN:34,(anonymous_10)
FN:38,(anonymous_11)
FN:39,(anonymous_12)
FNF:13
FNH:9
FNDA:1,(anonymous_0)
FNDA:7,(anonymous_1)
FNDA:2,(anonymous_2)
FNDA:2,(anonymous_3)
FNDA:1,(anonymous_4)
FNDA:1,(anonymous_5)
FNDA:1,(anonymous_6)
FNDA:0,(anonymous_7)
FNDA:0,(anonymous_8)
FNDA:0,(anonymous_9)
FNDA:0,(anonymous_10)
FNDA:1,(anonymous_11)
FNDA:1,(anonymous_12)
DA:17,1
DA:22,7
DA:24,2
DA:28,1
DA:29,1
DA:30,0
DA:33,0
DA:35,0
DA:38,1
DA:39,1
LF:10
LH:7
BRDA:35,0,0,0
BRDA:35,0,1,0
BRF:2
BRH:0
end_of_record
TN:
SF:utils/accessibility.ts
FN:9,useScreenReader
FN:12,(anonymous_1)
FN:15,(anonymous_2)
FN:22,useReduceMotion
FN:25,(anonymous_4)
FN:28,(anonymous_5)
FN:35,useBoldText
FN:38,(anonymous_7)
FN:42,(anonymous_8)
FN:60,buttonA11y
FN:71,linkA11y
FN:81,imageA11y
FN:90,headerA11y
FN:99,toggleA11y
FN:110,sliderA11y
FN:120,announce
FN:125,setFocus
FN:135,ensureTouchTarget
FN:147,isLargeText
FNF:19
FNH:0
FNDA:0,useScreenReader
FNDA:0,(anonymous_1)
FNDA:0,(anonymous_2)
FNDA:0,useReduceMotion
FNDA:0,(anonymous_4)
FNDA:0,(anonymous_5)
FNDA:0,useBoldText
FNDA:0,(anonymous_7)
FNDA:0,(anonymous_8)
FNDA:0,buttonA11y
FNDA:0,linkA11y
FNDA:0,imageA11y
FNDA:0,headerA11y
FNDA:0,toggleA11y
FNDA:0,sliderA11y
FNDA:0,announce
FNDA:0,setFocus
FNDA:0,ensureTouchTarget
FNDA:0,isLargeText
DA:10,0
DA:12,0
DA:13,0
DA:14,0
DA:15,0
DA:18,0
DA:23,0
DA:25,0
DA:26,0
DA:27,0
DA:28,0
DA:31,0
DA:36,0
DA:38,0
DA:39,0
DA:40,0
DA:41,0
DA:42,0
DA:46,0
DA:61,0
DA:72,0
DA:82,0
DA:91,0
DA:100,0
DA:111,0
DA:121,0
DA:126,0
DA:127,0
DA:132,0
DA:136,0
DA:140,0
DA:148,0
LF:32
LH:0
BRDA:39,0,0,0
BRDA:39,0,1,0
BRDA:60,1,0,0
BRDA:75,2,0,0
BRDA:75,2,1,0
BRDA:126,3,0,0
BRDA:126,3,1,0
BRDA:132,4,0,0
BRDA:132,4,1,0
BRDA:147,5,0,0
BRDA:148,6,0,0
BRDA:148,6,1,0
BRF:12
BRH:0
end_of_record
TN:
SF:utils/haptics.ts
FN:16,lightHaptic
FN:29,mediumHaptic
FN:42,heavyHaptic
FN:55,successHaptic
FN:68,warningHaptic
FN:81,errorHaptic
FN:94,selectionHaptic
FN:107,heartHaptic
FN:111,(anonymous_8)
FN:122,voiceActivationHaptic
FN:135,celebrationHaptic
FN:139,(anonymous_11)
FN:142,(anonymous_12)
FNF:13
FNH:0
FNDA:0,lightHaptic
FNDA:0,mediumHaptic
FNDA:0,heavyHaptic
FNDA:0,successHaptic
FNDA:0,warningHaptic
FNDA:0,errorHaptic
FNDA:0,selectionHaptic
FNDA:0,heartHaptic
FNDA:0,(anonymous_8)
FNDA:0,voiceActivationHaptic
FNDA:0,celebrationHaptic
FNDA:0,(anonymous_11)
FNDA:0,(anonymous_12)
DA:10,0
DA:17,0
DA:18,0
DA:19,0
DA:30,0
DA:31,0
DA:32,0
DA:43,0
DA:44,0
DA:45,0
DA:56,0
DA:57,0
DA:58,0
DA:69,0
DA:70,0
DA:71,0
DA:82,0
DA:83,0
DA:84,0
DA:95,0
DA:96,0
DA:97,0
DA:108,0
DA:109,0
DA:110,0
DA:111,0
DA:112,0
DA:123,0
DA:124,0
DA:125,0
DA:136,0
DA:137,0
DA:138,0
DA:139,0
DA:140,0
DA:142,0
DA:143,0
DA:151,0
LF:38
LH:0
BRDA:17,0,0,0
BRDA:17,0,1,0
BRDA:30,1,0,0
BRDA:30,1,1,0
BRDA:43,2,0,0
BRDA:43,2,1,0
BRDA:56,3,0,0
BRDA:56,3,1,0
BRDA:69,4,0,0
BRDA:69,4,1,0
BRDA:82,5,0,0
BRDA:82,5,1,0
BRDA:95,6,0,0
BRDA:95,6,1,0
BRDA:108,7,0,0
BRDA:108,7,1,0
BRDA:123,8,0,0
BRDA:123,8,1,0
BRDA:136,9,0,0
BRDA:136,9,1,0
BRF:20
BRH:0
end_of_record
TN:
SF:utils/performance.ts
FN:23,(anonymous_0)
FN:31,(anonymous_1)
FN:44,(anonymous_2)
FN:74,(anonymous_3)
FN:93,(anonymous_4)
FN:112,(anonymous_5)
FN:132,(anonymous_6)
FN:141,(anonymous_7)
FN:148,(anonymous_8)
FN:155,(anonymous_9)
FN:166,(anonymous_10)
FN:173,(anonymous_11)
FN:177,(anonymous_12)
FN:186,measurePerformance
FN:189,(anonymous_14)
FN:209,(anonymous_15)
FN:214,(anonymous_16)
FN:220,(anonymous_17)
FN:230,(anonymous_18)
FN:240,(anonymous_19)
FN:252,(anonymous_20)
FN:272,prefetchImages
FN:273,(anonymous_22)
FN:277,getOptimizedImageUrl
FN:285,useProgressiveImage
FN:289,(anonymous_25)
FN:292,(anonymous_26)
FN:292,(anonymous_27)
FN:300,useDebounce
FN:302,(anonymous_29)
FN:303,(anonymous_30)
FN:304,(anonymous_31)
FN:309,useThrottle
FN:313,(anonymous_33)
FN:319,(anonymous_34)
FN:320,(anonymous_35)
FN:329,useOptimisticUpdate
FN:334,(anonymous_37)
FN:362,(anonymous_38)
FN:362,(anonymous_39)
FNF:40
FNH:0
FNDA:0,(anonymous_0)
FNDA:0,(anonymous_1)
FNDA:0,(anonymous_2)
FNDA:0,(anonymous_3)
FNDA:0,(anonymous_4)
FNDA:0,(anonymous_5)
FNDA:0,(anonymous_6)
FNDA:0,(anonymous_7)
FNDA:0,(anonymous_8)
FNDA:0,(anonymous_9)
FNDA:0,(anonymous_10)
FNDA:0,(anonymous_11)
FNDA:0,(anonymous_12)
FNDA:0,measurePerformance
FNDA:0,(anonymous_14)
FNDA:0,(anonymous_15)
FNDA:0,(anonymous_16)
FNDA:0,(anonymous_17)
FNDA:0,(anonymous_18)
FNDA:0,(anonymous_19)
FNDA:0,(anonymous_20)
FNDA:0,prefetchImages
FNDA:0,(anonymous_22)
FNDA:0,getOptimizedImageUrl
FNDA:0,useProgressiveImage
FNDA:0,(anonymous_25)
FNDA:0,(anonymous_26)
FNDA:0,(anonymous_27)
FNDA:0,useDebounce
FNDA:0,(anonymous_29)
FNDA:0,(anonymous_30)
FNDA:0,(anonymous_31)
FNDA:0,useThrottle
FNDA:0,(anonymous_33)
FNDA:0,(anonymous_34)
FNDA:0,(anonymous_35)
FNDA:0,useOptimisticUpdate
FNDA:0,(anonymous_37)
FNDA:0,(anonymous_38)
FNDA:0,(anonymous_39)
DA:20,0
DA:21,0
DA:25,0
DA:32,0
DA:34,0
DA:45,0
DA:47,0
DA:48,0
DA:49,0
DA:50,0
DA:53,0
DA:54,0
DA:56,0
DA:57,0
DA:60,0
DA:66,0
DA:68,0
DA:79,0
DA:80,0
DA:81,0
DA:82,0
DA:83,0
DA:85,0
DA:86,0
DA:98,0
DA:99,0
DA:100,0
DA:101,0
DA:102,0
DA:104,0
DA:105,0
DA:113,0
DA:115,0
DA:122,0
DA:123,0
DA:133,0
DA:134,0
DA:135,0
DA:142,0
DA:149,0
DA:156,0
DA:161,0
DA:166,0
DA:170,0
DA:173,0
DA:174,0
DA:177,0
DA:178,0
DA:187,0
DA:189,0
DA:190,0
DA:191,0
DA:193,0
DA:194,0
DA:195,0
DA:196,0
DA:198,0
DA:199,0
DA:203,0
DA:209,0
DA:210,0
DA:211,0
DA:214,0
DA:220,0
DA:224,0
DA:230,0
DA:234,0
DA:240,0
DA:242,0
DA:244,0
DA:246,0
DA:252,0
DA:253,0
DA:254,0
DA:255,0
DA:256,0
DA:257,0
DA:259,0
DA:273,0
DA:278,0
DA:279,0
DA:280,0
DA:281,0
DA:286,0
DA:287,0
DA:289,0
DA:290,0
DA:291,0
DA:292,0
DA:295,0
DA:301,0
DA:302,0
DA:303,0
DA:304,0
DA:306,0
DA:310,0
DA:311,0
DA:313,0
DA:314,0
DA:315,0
DA:316,0
DA:317,0
DA:319,0
DA:320,0
DA:324,0
DA:330,0
DA:331,0
DA:332,0
DA:334,0
DA:335,0
DA:336,0
DA:337,0
DA:338,0
DA:340,0
DA:341,0
DA:342,0
DA:344,0
DA:345,0
DA:347,0
DA:351,0
DA:356,0
DA:362,0
LF:122
LH:0
BRDA:25,0,0,0
BRDA:25,0,1,0
BRDA:32,1,0,0
BRDA:32,1,1,0
BRDA:45,2,0,0
BRDA:45,2,1,0
BRDA:48,3,0,0
BRDA:48,3,1,0
BRDA:113,4,0,0
BRDA:113,4,1,0
BRDA:118,5,0,0
BRDA:118,5,1,0
BRDA:122,6,0,0
BRDA:122,6,1,0
BRDA:122,7,0,0
BRDA:122,7,1,0
BRDA:133,8,0,0
BRDA:133,8,1,0
BRDA:134,9,0,0
BRDA:134,9,1,0
BRDA:242,10,0,0
BRDA:242,10,1,0
BRDA:242,11,0,0
BRDA:242,11,1,0
BRDA:254,12,0,0
BRDA:254,12,1,0
BRDA:254,13,0,0
BRDA:254,13,1,0
BRDA:277,14,0,0
BRDA:278,15,0,0
BRDA:278,15,1,0
BRDA:279,16,0,0
BRDA:279,16,1,0
BRDA:280,17,0,0
BRDA:280,17,1,0
BRDA:280,18,0,0
BRDA:280,18,1,0
BRDA:315,19,0,0
BRDA:315,19,1,0
BRDA:345,20,0,0
BRDA:345,20,1,0
BRF:41
BRH:0
end_of_record
TN:
SF:utils/security.ts
FN:17,(anonymous_0)
FN:32,(anonymous_1)
FN:40,(anonymous_2)
FN:48,(anonymous_3)
FN:60,(anonymous_4)
FN:81,(anonymous_5)
FN:98,(anonymous_6)
FN:113,(anonymous_7)
FN:129,(anonymous_8)
FN:142,(anonymous_9)
FN:156,(anonymous_10)
FN:205,(anonymous_11)
FN:219,(anonymous_12)
FN:231,(anonymous_13)
FN:241,(anonymous_14)
FN:258,(anonymous_15)
FN:275,(anonymous_16)
FN:284,(anonymous_17)
FN:297,(anonymous_18)
FNF:19
FNH:0
FNDA:0,(anonymous_0)
FNDA:0,(anonymous_1)
FNDA:0,(anonymous_2)
FNDA:0,(anonymous_3)
FNDA:0,(anonymous_4)
FNDA:0,(anonymous_5)
FNDA:0,(anonymous_6)
FNDA:0,(anonymous_7)
FNDA:0,(anonymous_8)
FNDA:0,(anonymous_9)
FNDA:0,(anonymous_10)
FNDA:0,(anonymous_11)
FNDA:0,(anonymous_12)
FNDA:0,(anonymous_13)
FNDA:0,(anonymous_14)
FNDA:0,(anonymous_15)
FNDA:0,(anonymous_16)
FNDA:0,(anonymous_17)
FNDA:0,(anonymous_18)
DA:17,0
DA:18,0
DA:20,0
DA:32,0
DA:33,0
DA:34,0
DA:40,0
DA:41,0
DA:42,0
DA:48,0
DA:49,0
DA:50,0
DA:51,0
DA:53,0
DA:60,0
DA:64,0
DA:65,0
DA:67,0
DA:68,0
DA:70,0
DA:73,0
DA:74,0
DA:81,0
DA:82,0
DA:83,0
DA:84,0
DA:85,0
DA:87,0
DA:90,0
DA:91,0
DA:98,0
DA:99,0
DA:100,0
DA:101,0
DA:103,0
DA:106,0
DA:113,0
DA:118,0
DA:120,0
DA:121,0
DA:123,0
DA:129,0
DA:130,0
DA:132,0
DA:134,0
DA:136,0
DA:142,0
DA:143,0
DA:144,0
DA:146,0
DA:147,0
DA:150,0
DA:156,0
DA:163,0
DA:164,0
DA:166,0
DA:167,0
DA:170,0
DA:171,0
DA:174,0
DA:175,0
DA:178,0
DA:179,0
DA:182,0
DA:183,0
DA:187,0
DA:188,0
DA:189,0
DA:191,0
DA:195,0
DA:205,0
DA:206,0
DA:208,0
DA:209,0
DA:210,0
DA:213,0
DA:219,0
DA:220,0
DA:231,0
DA:232,0
DA:233,0
DA:235,0
DA:236,0
DA:238,0
DA:239,0
DA:240,0
DA:241,0
DA:242,0
DA:244,0
DA:247,0
DA:249,0
DA:252,0
DA:258,0
DA:260,0
DA:262,0
DA:266,0
DA:273,0
DA:280,0
DA:281,0
DA:284,0
DA:286,0
DA:287,0
DA:291,0
DA:292,0
DA:294,0
DA:298,0
DA:302,0
LF:107
LH:0
BRDA:18,0,0,0
BRDA:18,0,1,0
BRDA:42,1,0,0
BRDA:42,1,1,0
BRDA:65,2,0,0
BRDA:65,2,1,0
BRDA:83,3,0,0
BRDA:83,3,1,0
BRDA:100,4,0,0
BRDA:100,4,1,0
BRDA:115,5,0,0
BRDA:116,6,0,0
BRDA:118,7,0,0
BRDA:118,7,1,0
BRDA:118,8,0,0
BRDA:118,8,1,0
BRDA:130,9,0,0
BRDA:130,9,1,0
BRDA:130,10,0,0
BRDA:130,10,1,0
BRDA:142,11,0,0
BRDA:166,12,0,0
BRDA:166,12,1,0
BRDA:170,13,0,0
BRDA:170,13,1,0
BRDA:174,14,0,0
BRDA:174,14,1,0
BRDA:178,15,0,0
BRDA:178,15,1,0
BRDA:182,16,0,0
BRDA:182,16,1,0
BRDA:187,17,0,0
BRDA:187,17,1,0
BRDA:188,18,0,0
BRDA:188,18,1,0
BRDA:206,19,0,0
BRDA:206,19,1,0
BRDA:232,20,0,0
BRDA:232,20,1,0
BRDA:235,21,0,0
BRDA:235,21,1,0
BRDA:238,22,0,0
BRDA:238,22,1,0
BRDA:238,23,0,0
BRDA:238,23,1,0
BRDA:241,24,0,0
BRDA:241,24,1,0
BRDA:262,25,0,0
BRDA:262,25,1,0
BRDA:266,26,0,0
BRDA:266,26,1,0
BRDA:281,27,0,0
BRDA:281,27,1,0
BRDA:286,28,0,0
BRDA:286,28,1,0
BRF:55
BRH:0
end_of_record
TN:
SF:utils/themedStyles.ts
FN:15,createThemedStyles
FN:27,getThemedStyles
FN:37,(anonymous_2)
FNF:3
FNH:0
FNDA:0,createThemedStyles
FNDA:0,getThemedStyles
FNDA:0,(anonymous_2)
DA:18,0
DA:31,0
DA:37,0
DA:105,0
DA:187,0
LF:5
LH:0
BRDA:31,0,0,0
BRDA:31,0,1,0
BRF:2
BRH:0
end_of_record
TN:
SF:utils/voiceFeedback.ts
FN:26,playVoiceFeedback
FN:56,onVoiceStart
FN:63,onVoiceStop
FN:70,onVoiceSuccess
FN:77,onVoiceError
FN:84,onVoiceProcessing
FN:91,cleanupSounds
FN:101,useVoiceFeedback
FN:116,(anonymous_8)
FN:119,(anonymous_9)
FN:121,(anonymous_10)
FN:125,(anonymous_11)
FN:128,(anonymous_12)
FN:131,(anonymous_13)
FN:134,(anonymous_14)
FN:137,(anonymous_15)
FNF:16
FNH:0
FNDA:0,playVoiceFeedback
FNDA:0,onVoiceStart
FNDA:0,onVoiceStop
FNDA:0,onVoiceSuccess
FNDA:0,onVoiceError
FNDA:0,onVoiceProcessing
FNDA:0,cleanupSounds
FNDA:0,useVoiceFeedback
FNDA:0,(anonymous_8)
FNDA:0,(anonymous_9)
FNDA:0,(anonymous_10)
FNDA:0,(anonymous_11)
FNDA:0,(anonymous_12)
FNDA:0,(anonymous_13)
FNDA:0,(anonymous_14)
FNDA:0,(anonymous_15)
DA:12,0
DA:15,0
DA:27,0
DA:30,0
DA:32,0
DA:33,0
DA:35,0
DA:36,0
DA:38,0
DA:39,0
DA:41,0
DA:42,0
DA:44,0
DA:45,0
DA:57,0
DA:64,0
DA:71,0
DA:78,0
DA:85,0
DA:92,0
DA:93,0
DA:95,0
DA:102,0
DA:114,0
DA:116,0
DA:120,0
DA:121,0
DA:125,0
DA:128,0
DA:131,0
DA:134,0
DA:137,0
LF:32
LH:0
BRDA:30,0,0,0
BRDA:30,0,1,0
BRDA:30,0,2,0
BRDA:30,0,3,0
BRDA:30,0,4,0
BRF:5
BRH:0
end_of_record
TN:
SF:utils/voiceFilterParser.ts
FN:54,parseVoiceFilters
FN:91,(anonymous_1)
FN:102,(anonymous_2)
FN:135,filtersToSummary
FNF:4
FNH:0
FNDA:0,parseVoiceFilters
FNDA:0,(anonymous_1)
FNDA:0,(anonymous_2)
FNDA:0,filtersToSummary
DA:17,0
DA:32,0
DA:44,0
DA:55,0
DA:56,0
DA:59,0
DA:60,0
DA:61,0
DA:62,0
DA:63,0
DA:64,0
DA:65,0
DA:69,0
DA:70,0
DA:71,0
DA:72,0
DA:73,0
DA:74,0
DA:75,0
DA:79,0
DA:80,0
DA:81,0
DA:82,0
DA:83,0
DA:84,0
DA:85,0
DA:89,0
DA:90,0
DA:91,0
DA:92,0
DA:95,0
DA:96,0
DA:100,0
DA:101,0
DA:102,0
DA:103,0
DA:106,0
DA:107,0
DA:111,0
DA:112,0
DA:113,0
DA:114,0
DA:119,0
DA:120,0
DA:124,0
DA:125,0
DA:126,0
DA:129,0
DA:136,0
DA:138,0
DA:139,0
DA:140,0
DA:141,0
DA:142,0
DA:143,0
DA:144,0
DA:145,0
DA:147,0
LF:58
LH:0
BRDA:60,0,0,0
BRDA:60,0,1,0
BRDA:62,1,0,0
BRDA:62,1,1,0
BRDA:62,2,0,0
BRDA:62,2,1,0
BRDA:62,2,2,0
BRDA:64,3,0,0
BRDA:64,3,1,0
BRDA:64,4,0,0
BRDA:64,4,1,0
BRDA:64,4,2,0
BRDA:70,5,0,0
BRDA:70,5,1,0
BRDA:72,6,0,0
BRDA:72,6,1,0
BRDA:72,7,0,0
BRDA:72,7,1,0
BRDA:72,7,2,0
BRDA:74,8,0,0
BRDA:74,8,1,0
BRDA:80,9,0,0
BRDA:80,9,1,0
BRDA:82,10,0,0
BRDA:82,10,1,0
BRDA:82,11,0,0
BRDA:82,11,1,0
BRDA:82,11,2,0
BRDA:84,12,0,0
BRDA:84,12,1,0
BRDA:91,13,0,0
BRDA:91,13,1,0
BRDA:95,14,0,0
BRDA:95,14,1,0
BRDA:102,15,0,0
BRDA:102,15,1,0
BRDA:106,16,0,0
BRDA:106,16,1,0
BRDA:112,17,0,0
BRDA:112,17,1,0
BRDA:119,18,0,0
BRDA:119,18,1,0
BRDA:119,19,0,0
BRDA:119,19,1,0
BRDA:119,19,2,0
BRDA:125,20,0,0
BRDA:125,20,1,0
BRDA:125,21,0,0
BRDA:125,21,1,0
BRDA:138,22,0,0
BRDA:138,22,1,0
BRDA:139,23,0,0
BRDA:139,23,1,0
BRDA:140,24,0,0
BRDA:140,24,1,0
BRDA:141,25,0,0
BRDA:141,25,1,0
BRDA:142,26,0,0
BRDA:142,26,1,0
BRDA:143,27,0,0
BRDA:143,27,1,0
BRDA:144,28,0,0
BRDA:144,28,1,0
BRDA:145,29,0,0
BRDA:145,29,1,0
BRDA:147,30,0,0
BRDA:147,30,1,0
BRF:67
BRH:0
end_of_record
